#
# There is insufficient memory for the Java Runtime Environment to continue.
# Native memory allocation (malloc) failed to allocate 32744 bytes. Error detail: ChunkPool::allocate
# Possible reasons:
#   The system is out of physical RAM or swap space
#   This process is running with CompressedOops enabled, and the Java Heap may be blocking the growth of the native heap
# Possible solutions:
#   Reduce memory load on the system
#   Increase physical memory or swap space
#   Check if swap backing store is full
#   Decrease Java heap size (-Xmx/-Xms)
#   Decrease number of Java threads
#   Decrease Java thread stack sizes (-Xss)
#   Set larger code cache with -XX:ReservedCodeCacheSize=
#   JVM is running with Unscaled Compressed Oops mode in which the Java heap is
#     placed in the first 4GB address space. The Java Heap base address is the
#     maximum limit for the native heap growth. Please use -XX:HeapBaseMinAddress
#     to set the Java Heap base and to place the Java Heap above 4GB virtual address.
# This output file may be truncated or incomplete.
#
#  Out of Memory Error (arena.cpp:79), pid=48880, tid=55784
#
# JRE version: OpenJDK Runtime Environment Temurin-17.0.15+6 (17.0.15+6) (build 17.0.15+6)
# Java VM: OpenJDK 64-Bit Server VM Temurin-17.0.15+6 (17.0.15+6, mixed mode, sharing, tiered, compressed oops, compressed class ptrs, g1 gc, windows-amd64)
# No core dump will be written. Minidumps are not enabled by default on client versions of Windows
#

---------------  S U M M A R Y ------------

Command Line: -Xmx64m -Xms64m -Dorg.gradle.appname=gradlew C:\Users\cainh\Desktop\PI3-mais-autonomia\MaisAutonomia\android\\gradle\wrapper\gradle-wrapper.jar app:installDebug -PreactNativeDevServerPort=8081

Host: AMD Ryzen 5 3500U with Radeon Vega Mobile Gfx  , 8 cores, 5G,  Windows 11 , 64 bit Build 22621 (10.0.22621.5415)
Time: Wed Jul 16 03:11:32 2025 Hora Padrão de Buenos Aires elapsed time: 117.953668 seconds (0d 0h 1m 57s)

---------------  T H R E A D  ---------------

Current thread (0x000001d5fe1c46e0):  JavaThread "C2 CompilerThread0" daemon [_thread_in_native, id=55784, stack(0x0000000df2500000,0x0000000df2600000)]


Current CompileTask:
C2: 117954 1979       4       org.gradle.internal.logging.console.DefaultWorkInProgressFormatter::format (102 bytes)

Stack: [0x0000000df2500000,0x0000000df2600000]
Native frames: (J=compiled Java code, j=interpreted, Vv=VM code, C=native code)
V  [jvm.dll+0x682fc9]
V  [jvm.dll+0x839878]
V  [jvm.dll+0x83b323]
V  [jvm.dll+0x83b993]
V  [jvm.dll+0x24725f]
V  [jvm.dll+0xad0ac]
V  [jvm.dll+0xad53c]
V  [jvm.dll+0x589036]
V  [jvm.dll+0x2210b2]
V  [jvm.dll+0x219b2b]
V  [jvm.dll+0x21758b]
V  [jvm.dll+0x1a31b0]
V  [jvm.dll+0x227a9c]
V  [jvm.dll+0x225bfb]
V  [jvm.dll+0x7ef018]
V  [jvm.dll+0x7e94dc]
V  [jvm.dll+0x681ea7]
C  [ucrtbase.dll+0x29333]
C  [KERNEL32.DLL+0x1259d]
C  [ntdll.dll+0x5af78]


---------------  P R O C E S S  ---------------

Threads class SMR info:
_java_thread_list=0x000001d5fefbbc70, length=13, elements={
0x000001d5e477f710, 0x000001d5e4829770, 0x000001d5e482b210, 0x000001d5fe1bffb0,
0x000001d5fe1c2690, 0x000001d5fe1c50b0, 0x000001d5fe1c5c90, 0x000001d5fe1c46e0,
0x000001d5fe1d9020, 0x000001d5fe1dc460, 0x000001d5fe425730, 0x000001d5fe4294c0,
0x000001d5ff1da520
}

Java Threads: ( => current thread )
  0x000001d5e477f710 JavaThread "main" [_thread_in_native, id=39708, stack(0x0000000df1800000,0x0000000df1900000)]
  0x000001d5e4829770 JavaThread "Reference Handler" daemon [_thread_blocked, id=77496, stack(0x0000000df1f00000,0x0000000df2000000)]
  0x000001d5e482b210 JavaThread "Finalizer" daemon [_thread_blocked, id=34364, stack(0x0000000df2000000,0x0000000df2100000)]
  0x000001d5fe1bffb0 JavaThread "Signal Dispatcher" daemon [_thread_blocked, id=48252, stack(0x0000000df2100000,0x0000000df2200000)]
  0x000001d5fe1c2690 JavaThread "Attach Listener" daemon [_thread_blocked, id=69580, stack(0x0000000df2200000,0x0000000df2300000)]
  0x000001d5fe1c50b0 JavaThread "Service Thread" daemon [_thread_blocked, id=55436, stack(0x0000000df2300000,0x0000000df2400000)]
  0x000001d5fe1c5c90 JavaThread "Monitor Deflation Thread" daemon [_thread_blocked, id=62952, stack(0x0000000df2400000,0x0000000df2500000)]
=>0x000001d5fe1c46e0 JavaThread "C2 CompilerThread0" daemon [_thread_in_native, id=55784, stack(0x0000000df2500000,0x0000000df2600000)]
  0x000001d5fe1d9020 JavaThread "C1 CompilerThread0" daemon [_thread_blocked, id=62644, stack(0x0000000df2600000,0x0000000df2700000)]
  0x000001d5fe1dc460 JavaThread "Sweeper thread" daemon [_thread_blocked, id=68476, stack(0x0000000df2700000,0x0000000df2800000)]
  0x000001d5fe425730 JavaThread "Notification Thread" daemon [_thread_blocked, id=65728, stack(0x0000000df2800000,0x0000000df2900000)]
  0x000001d5fe4294c0 JavaThread "Common-Cleaner" daemon [_thread_blocked, id=81092, stack(0x0000000df2a00000,0x0000000df2b00000)]
  0x000001d5ff1da520 JavaThread "pool-1-thread-1" [_thread_blocked, id=40892, stack(0x0000000df2b00000,0x0000000df2c00000)]

Other Threads:
  0x000001d5e4823cc0 VMThread "VM Thread" [stack: 0x0000000df1e00000,0x0000000df1f00000] [id=34112]
  0x000001d5fe428240 WatcherThread [stack: 0x0000000df2900000,0x0000000df2a00000] [id=63880]
  0x000001d5e47a11d0 GCTaskThread "GC Thread#0" [stack: 0x0000000df1900000,0x0000000df1a00000] [id=67608]
  0x000001d5fe78cfd0 GCTaskThread "GC Thread#1" [stack: 0x0000000df2c00000,0x0000000df2d00000] [id=41160]
  0x000001d5feaa5260 GCTaskThread "GC Thread#2" [stack: 0x0000000df2d00000,0x0000000df2e00000] [id=47928]
  0x000001d5feabdc80 GCTaskThread "GC Thread#3" [stack: 0x0000000df2e00000,0x0000000df2f00000] [id=13284]
  0x000001d5ff713060 GCTaskThread "GC Thread#4" [stack: 0x0000000df2f00000,0x0000000df3000000] [id=20496]
  0x000001d5ff433c50 GCTaskThread "GC Thread#5" [stack: 0x0000000df3000000,0x0000000df3100000] [id=62036]
  0x000001d5ff761620 GCTaskThread "GC Thread#6" [stack: 0x0000000df3100000,0x0000000df3200000] [id=45404]
  0x000001d5e47a2920 ConcurrentGCThread "G1 Main Marker" [stack: 0x0000000df1a00000,0x0000000df1b00000] [id=80036]
  0x000001d5e47a4af0 ConcurrentGCThread "G1 Conc#0" [stack: 0x0000000df1b00000,0x0000000df1c00000] [id=52616]
  0x000001d5e48046a0 ConcurrentGCThread "G1 Refine#0" [stack: 0x0000000df1c00000,0x0000000df1d00000] [id=53060]
  0x000001d5e4806cf0 ConcurrentGCThread "G1 Service" [stack: 0x0000000df1d00000,0x0000000df1e00000] [id=58768]

Threads with active compile tasks:
C2 CompilerThread0   118266 1979       4       org.gradle.internal.logging.console.DefaultWorkInProgressFormatter::format (102 bytes)

VM state: not at safepoint (normal execution)

VM Mutex/Monitor currently owned by a thread: None

Heap address: 0x00000000fc000000, size: 64 MB, Compressed Oops mode: 32-bit

CDS archive(s) mapped at: [0x000001d580000000-0x000001d580bb0000-0x000001d580bb0000), size 12255232, SharedBaseAddress: 0x000001d580000000, ArchiveRelocationMode: 1.
Compressed class space mapped at: 0x000001d581000000-0x000001d5c1000000, reserved size: 1073741824
Narrow klass base: 0x000001d580000000, Narrow klass shift: 0, Narrow klass range: 0x100000000

GC Precious Log:
 CPUs: 8 total, 8 available
 Memory: 6020M
 Large Page Support: Disabled
 NUMA Support: Disabled
 Compressed Oops: Enabled (32-bit)
 Heap Region Size: 1M
 Heap Min Capacity: 64M
 Heap Initial Capacity: 64M
 Heap Max Capacity: 64M
 Pre-touch: Disabled
 Parallel Workers: 8
 Concurrent Workers: 2
 Concurrent Refinement Workers: 8
 Periodic GC: Disabled

Heap:
 garbage-first heap   total 65536K, used 19474K [0x00000000fc000000, 0x0000000100000000)
  region size 1024K, 13 young (13312K), 4 survivors (4096K)
 Metaspace       used 9609K, committed 9792K, reserved 1114112K
  class space    used 1262K, committed 1344K, reserved 1048576K

Heap Regions: E=young(eden), S=young(survivor), O=old, HS=humongous(starts), HC=humongous(continues), CS=collection set, F=free, OA=open archive, CA=closed archive, TAMS=top-at-mark-start (previous, next)
|   0|0x00000000fc000000, 0x00000000fc100000, 0x00000000fc100000|100%|HS|  |TAMS 0x00000000fc000000, 0x00000000fc000000| Complete 
|   1|0x00000000fc100000, 0x00000000fc200000, 0x00000000fc200000|100%|HC|  |TAMS 0x00000000fc100000, 0x00000000fc100000| Complete 
|   2|0x00000000fc200000, 0x00000000fc300000, 0x00000000fc300000|100%|HC|  |TAMS 0x00000000fc200000, 0x00000000fc200000| Complete 
|   3|0x00000000fc300000, 0x00000000fc400000, 0x00000000fc400000|100%| O|  |TAMS 0x00000000fc300000, 0x00000000fc300000| Untracked 
|   4|0x00000000fc400000, 0x00000000fc500000, 0x00000000fc500000|100%| O|  |TAMS 0x00000000fc400000, 0x00000000fc400000| Untracked 
|   5|0x00000000fc500000, 0x00000000fc600000, 0x00000000fc600000|100%| O|  |TAMS 0x00000000fc500000, 0x00000000fc500000| Untracked 
|   6|0x00000000fc600000, 0x00000000fc700000, 0x00000000fc700000|100%| O|  |TAMS 0x00000000fc600000, 0x00000000fc600000| Untracked 
|   7|0x00000000fc700000, 0x00000000fc704a00, 0x00000000fc800000|  1%| O|  |TAMS 0x00000000fc700000, 0x00000000fc700000| Untracked 
|   8|0x00000000fc800000, 0x00000000fc800000, 0x00000000fc900000|  0%| F|  |TAMS 0x00000000fc800000, 0x00000000fc800000| Untracked 
|   9|0x00000000fc900000, 0x00000000fc900000, 0x00000000fca00000|  0%| F|  |TAMS 0x00000000fc900000, 0x00000000fc900000| Untracked 
|  10|0x00000000fca00000, 0x00000000fca00000, 0x00000000fcb00000|  0%| F|  |TAMS 0x00000000fca00000, 0x00000000fca00000| Untracked 
|  11|0x00000000fcb00000, 0x00000000fcb00000, 0x00000000fcc00000|  0%| F|  |TAMS 0x00000000fcb00000, 0x00000000fcb00000| Untracked 
|  12|0x00000000fcc00000, 0x00000000fcc00000, 0x00000000fcd00000|  0%| F|  |TAMS 0x00000000fcc00000, 0x00000000fcc00000| Untracked 
|  13|0x00000000fcd00000, 0x00000000fcd00000, 0x00000000fce00000|  0%| F|  |TAMS 0x00000000fcd00000, 0x00000000fcd00000| Untracked 
|  14|0x00000000fce00000, 0x00000000fce00000, 0x00000000fcf00000|  0%| F|  |TAMS 0x00000000fce00000, 0x00000000fce00000| Untracked 
|  15|0x00000000fcf00000, 0x00000000fcf00000, 0x00000000fd000000|  0%| F|  |TAMS 0x00000000fcf00000, 0x00000000fcf00000| Untracked 
|  16|0x00000000fd000000, 0x00000000fd000000, 0x00000000fd100000|  0%| F|  |TAMS 0x00000000fd000000, 0x00000000fd000000| Untracked 
|  17|0x00000000fd100000, 0x00000000fd100000, 0x00000000fd200000|  0%| F|  |TAMS 0x00000000fd100000, 0x00000000fd100000| Untracked 
|  18|0x00000000fd200000, 0x00000000fd200000, 0x00000000fd300000|  0%| F|  |TAMS 0x00000000fd200000, 0x00000000fd200000| Untracked 
|  19|0x00000000fd300000, 0x00000000fd300000, 0x00000000fd400000|  0%| F|  |TAMS 0x00000000fd300000, 0x00000000fd300000| Untracked 
|  20|0x00000000fd400000, 0x00000000fd400000, 0x00000000fd500000|  0%| F|  |TAMS 0x00000000fd400000, 0x00000000fd400000| Untracked 
|  21|0x00000000fd500000, 0x00000000fd500000, 0x00000000fd600000|  0%| F|  |TAMS 0x00000000fd500000, 0x00000000fd500000| Untracked 
|  22|0x00000000fd600000, 0x00000000fd600000, 0x00000000fd700000|  0%| F|  |TAMS 0x00000000fd600000, 0x00000000fd600000| Untracked 
|  23|0x00000000fd700000, 0x00000000fd700000, 0x00000000fd800000|  0%| F|  |TAMS 0x00000000fd700000, 0x00000000fd700000| Untracked 
|  24|0x00000000fd800000, 0x00000000fd800000, 0x00000000fd900000|  0%| F|  |TAMS 0x00000000fd800000, 0x00000000fd800000| Untracked 
|  25|0x00000000fd900000, 0x00000000fd900000, 0x00000000fda00000|  0%| F|  |TAMS 0x00000000fd900000, 0x00000000fd900000| Untracked 
|  26|0x00000000fda00000, 0x00000000fda00000, 0x00000000fdb00000|  0%| F|  |TAMS 0x00000000fda00000, 0x00000000fda00000| Untracked 
|  27|0x00000000fdb00000, 0x00000000fdb00000, 0x00000000fdc00000|  0%| F|  |TAMS 0x00000000fdb00000, 0x00000000fdb00000| Untracked 
|  28|0x00000000fdc00000, 0x00000000fdd00000, 0x00000000fdd00000|100%| S|CS|TAMS 0x00000000fdc00000, 0x00000000fdc00000| Complete 
|  29|0x00000000fdd00000, 0x00000000fde00000, 0x00000000fde00000|100%| S|CS|TAMS 0x00000000fdd00000, 0x00000000fdd00000| Complete 
|  30|0x00000000fde00000, 0x00000000fdf00000, 0x00000000fdf00000|100%| S|CS|TAMS 0x00000000fde00000, 0x00000000fde00000| Complete 
|  31|0x00000000fdf00000, 0x00000000fe000000, 0x00000000fe000000|100%| S|CS|TAMS 0x00000000fdf00000, 0x00000000fdf00000| Complete 
|  32|0x00000000fe000000, 0x00000000fe000000, 0x00000000fe100000|  0%| F|  |TAMS 0x00000000fe000000, 0x00000000fe000000| Untracked 
|  33|0x00000000fe100000, 0x00000000fe100000, 0x00000000fe200000|  0%| F|  |TAMS 0x00000000fe100000, 0x00000000fe100000| Untracked 
|  34|0x00000000fe200000, 0x00000000fe200000, 0x00000000fe300000|  0%| F|  |TAMS 0x00000000fe200000, 0x00000000fe200000| Untracked 
|  35|0x00000000fe300000, 0x00000000fe300000, 0x00000000fe400000|  0%| F|  |TAMS 0x00000000fe300000, 0x00000000fe300000| Untracked 
|  36|0x00000000fe400000, 0x00000000fe400000, 0x00000000fe500000|  0%| F|  |TAMS 0x00000000fe400000, 0x00000000fe400000| Untracked 
|  37|0x00000000fe500000, 0x00000000fe500000, 0x00000000fe600000|  0%| F|  |TAMS 0x00000000fe500000, 0x00000000fe500000| Untracked 
|  38|0x00000000fe600000, 0x00000000fe600000, 0x00000000fe700000|  0%| F|  |TAMS 0x00000000fe600000, 0x00000000fe600000| Untracked 
|  39|0x00000000fe700000, 0x00000000fe700000, 0x00000000fe800000|  0%| F|  |TAMS 0x00000000fe700000, 0x00000000fe700000| Untracked 
|  40|0x00000000fe800000, 0x00000000fe800000, 0x00000000fe900000|  0%| F|  |TAMS 0x00000000fe800000, 0x00000000fe800000| Untracked 
|  41|0x00000000fe900000, 0x00000000fe900000, 0x00000000fea00000|  0%| F|  |TAMS 0x00000000fe900000, 0x00000000fe900000| Untracked 
|  42|0x00000000fea00000, 0x00000000fea00000, 0x00000000feb00000|  0%| F|  |TAMS 0x00000000fea00000, 0x00000000fea00000| Untracked 
|  43|0x00000000feb00000, 0x00000000feb00000, 0x00000000fec00000|  0%| F|  |TAMS 0x00000000feb00000, 0x00000000feb00000| Untracked 
|  44|0x00000000fec00000, 0x00000000fec00000, 0x00000000fed00000|  0%| F|  |TAMS 0x00000000fec00000, 0x00000000fec00000| Untracked 
|  45|0x00000000fed00000, 0x00000000fed00000, 0x00000000fee00000|  0%| F|  |TAMS 0x00000000fed00000, 0x00000000fed00000| Untracked 
|  46|0x00000000fee00000, 0x00000000fee00000, 0x00000000fef00000|  0%| F|  |TAMS 0x00000000fee00000, 0x00000000fee00000| Untracked 
|  47|0x00000000fef00000, 0x00000000fef00000, 0x00000000ff000000|  0%| F|  |TAMS 0x00000000fef00000, 0x00000000fef00000| Untracked 
|  48|0x00000000ff000000, 0x00000000ff000000, 0x00000000ff100000|  0%| F|  |TAMS 0x00000000ff000000, 0x00000000ff000000| Untracked 
|  49|0x00000000ff100000, 0x00000000ff100000, 0x00000000ff200000|  0%| F|  |TAMS 0x00000000ff100000, 0x00000000ff100000| Untracked 
|  50|0x00000000ff200000, 0x00000000ff200000, 0x00000000ff300000|  0%| F|  |TAMS 0x00000000ff200000, 0x00000000ff200000| Untracked 
|  51|0x00000000ff300000, 0x00000000ff300000, 0x00000000ff400000|  0%| F|  |TAMS 0x00000000ff300000, 0x00000000ff300000| Untracked 
|  52|0x00000000ff400000, 0x00000000ff400000, 0x00000000ff500000|  0%| F|  |TAMS 0x00000000ff400000, 0x00000000ff400000| Untracked 
|  53|0x00000000ff500000, 0x00000000ff500000, 0x00000000ff600000|  0%| F|  |TAMS 0x00000000ff500000, 0x00000000ff500000| Untracked 
|  54|0x00000000ff600000, 0x00000000ff600000, 0x00000000ff700000|  0%| F|  |TAMS 0x00000000ff600000, 0x00000000ff600000| Untracked 
|  55|0x00000000ff700000, 0x00000000ff78aca0, 0x00000000ff800000| 54%| E|  |TAMS 0x00000000ff700000, 0x00000000ff700000| Complete 
|  56|0x00000000ff800000, 0x00000000ff900000, 0x00000000ff900000|100%| E|CS|TAMS 0x00000000ff800000, 0x00000000ff800000| Complete 
|  57|0x00000000ff900000, 0x00000000ffa00000, 0x00000000ffa00000|100%| E|CS|TAMS 0x00000000ff900000, 0x00000000ff900000| Complete 
|  58|0x00000000ffa00000, 0x00000000ffb00000, 0x00000000ffb00000|100%| E|CS|TAMS 0x00000000ffa00000, 0x00000000ffa00000| Complete 
|  59|0x00000000ffb00000, 0x00000000ffc00000, 0x00000000ffc00000|100%| E|CS|TAMS 0x00000000ffb00000, 0x00000000ffb00000| Complete 
|  60|0x00000000ffc00000, 0x00000000ffd00000, 0x00000000ffd00000|100%| E|CS|TAMS 0x00000000ffc00000, 0x00000000ffc00000| Complete 
|  61|0x00000000ffd00000, 0x00000000ffe00000, 0x00000000ffe00000|100%| E|CS|TAMS 0x00000000ffd00000, 0x00000000ffd00000| Complete 
|  62|0x00000000ffe00000, 0x00000000fff00000, 0x00000000fff00000|100%| E|CS|TAMS 0x00000000ffe00000, 0x00000000ffe00000| Complete 
|  63|0x00000000fff00000, 0x0000000100000000, 0x0000000100000000|100%| E|CS|TAMS 0x00000000fff00000, 0x00000000fff00000| Complete 

Card table byte_map: [0x000001d5e2720000,0x000001d5e2740000] _byte_map_base: 0x000001d5e1f40000

Marking Bits (Prev, Next): (CMBitMap*) 0x000001d5e47a17f0, (CMBitMap*) 0x000001d5e47a1830
 Prev Bits: [0x000001d5fb600000, 0x000001d5fb700000)
 Next Bits: [0x000001d5fb700000, 0x000001d5fb800000)

Polling page: 0x000001d5e26d0000

Metaspace:

Usage:
  Non-class:      8.15 MB used.
      Class:      1.23 MB used.
       Both:      9.38 MB used.

Virtual space:
  Non-class space:       64.00 MB reserved,       8.25 MB ( 13%) committed,  1 nodes.
      Class space:        1.00 GB reserved,       1.31 MB ( <1%) committed,  1 nodes.
             Both:        1.06 GB reserved,       9.56 MB ( <1%) committed. 

Chunk freelists:
   Non-Class:  7.62 MB
       Class:  14.51 MB
        Both:  22.13 MB

MaxMetaspaceSize: unlimited
CompressedClassSpaceSize: 1.00 GB
Initial GC threshold: 21.00 MB
Current GC threshold: 21.00 MB
CDS: on
MetaspaceReclaimPolicy: balanced
 - commit_granule_bytes: 65536.
 - commit_granule_words: 8192.
 - virtual_space_node_default_size: 8388608.
 - enlarge_chunks_in_place: 1.
 - new_chunks_are_fully_committed: 0.
 - uncommit_free_chunks: 1.
 - use_allocation_guard: 0.
 - handle_deallocations: 1.


Internal statistics:

num_allocs_failed_limit: 0.
num_arena_births: 80.
num_arena_deaths: 0.
num_vsnodes_births: 2.
num_vsnodes_deaths: 0.
num_space_committed: 153.
num_space_uncommitted: 0.
num_chunks_returned_to_freelist: 0.
num_chunks_taken_from_freelist: 349.
num_chunk_merges: 0.
num_chunk_splits: 230.
num_chunks_enlarged: 185.
num_inconsistent_stats: 0.

CodeHeap 'non-profiled nmethods': size=120000Kb used=790Kb max_used=790Kb free=119209Kb
 bounds [0x000001d5f3da0000, 0x000001d5f4010000, 0x000001d5fb2d0000]
CodeHeap 'profiled nmethods': size=120000Kb used=3672Kb max_used=3672Kb free=116327Kb
 bounds [0x000001d5ec2d0000, 0x000001d5ec670000, 0x000001d5f3800000]
CodeHeap 'non-nmethods': size=5760Kb used=1175Kb max_used=1190Kb free=4585Kb
 bounds [0x000001d5f3800000, 0x000001d5f3a70000, 0x000001d5f3da0000]
 total_blobs=2446 nmethods=1977 adapters=381
 compilation: enabled
              stopped_count=0, restarted_count=0
 full_count=0

Compilation events (20 events):
Event: 105.739 Thread 0x000001d5fe1c46e0 nmethod 1969 0x000001d5f3e64390 code [0x000001d5f3e64500, 0x000001d5f3e64598]
Event: 110.324 Thread 0x000001d5fe1d9020 1970       3       java.lang.AbstractStringBuilder::substring (40 bytes)
Event: 110.325 Thread 0x000001d5fe1d9020 nmethod 1970 0x000001d5ec663c90 code [0x000001d5ec663e60, 0x000001d5ec664168]
Event: 111.783 Thread 0x000001d5fe1c46e0 1971       4       com.esotericsoftware.kryo.io.Input::readUtf8 (90 bytes)
Event: 111.807 Thread 0x000001d5fe1c46e0 nmethod 1971 0x000001d5f3e64690 code [0x000001d5f3e64820, 0x000001d5f3e64eb8]
Event: 111.836 Thread 0x000001d5fe1d9020 1972       3       org.gradle.internal.logging.text.AbstractLineChoppingStyledTextOutput$StateContext::<init> (79 bytes)
Event: 111.837 Thread 0x000001d5fe1d9020 nmethod 1972 0x000001d5ec664290 code [0x000001d5ec664480, 0x000001d5ec664988]
Event: 111.840 Thread 0x000001d5fe1d9020 1973       3       java.util.Arrays::copyOf (19 bytes)
Event: 111.841 Thread 0x000001d5fe1d9020 nmethod 1973 0x000001d5ec664b90 code [0x000001d5ec664d40, 0x000001d5ec665028]
Event: 111.841 Thread 0x000001d5fe1d9020 1974       3       org.gradle.internal.logging.text.AbstractLineChoppingStyledTextOutput$SeenFromEol::<init> (20 bytes)
Event: 111.841 Thread 0x000001d5fe1d9020 nmethod 1974 0x000001d5ec665190 code [0x000001d5ec665340, 0x000001d5ec665558]
Event: 112.751 Thread 0x000001d5fe1d9020 1975       3       com.google.common.collect.ImmutableList::asImmutableList (69 bytes)
Event: 112.757 Thread 0x000001d5fe1d9020 nmethod 1975 0x000001d5ec665610 code [0x000001d5ec665840, 0x000001d5ec665fe8]
Event: 113.880 Thread 0x000001d5fe1c46e0 1976       4       java.util.concurrent.locks.AbstractQueuedSynchronizer::signalNext (34 bytes)
Event: 113.881 Thread 0x000001d5fe1c46e0 nmethod 1976 0x000001d5f3e65290 code [0x000001d5f3e65400, 0x000001d5f3e65478]
Event: 113.938 Thread 0x000001d5fe1c46e0 1977       4       org.gradle.internal.operations.OperationIdentifier::equals (47 bytes)
Event: 113.940 Thread 0x000001d5fe1c46e0 nmethod 1977 0x000001d5f3e65590 code [0x000001d5f3e65700, 0x000001d5f3e657d8]
Event: 116.117 Thread 0x000001d5fe1c46e0 1978       4       java.lang.InheritableThreadLocal::getMap (5 bytes)
Event: 116.118 Thread 0x000001d5fe1c46e0 nmethod 1978 0x000001d5f3e65890 code [0x000001d5f3e65a00, 0x000001d5f3e65a98]
Event: 117.777 Thread 0x000001d5fe1c46e0 1979       4       org.gradle.internal.logging.console.DefaultWorkInProgressFormatter::format (102 bytes)

GC Heap History (4 events):
Event: 1.319 GC heap before
{Heap before GC invocations=0 (full 0):
 garbage-first heap   total 65536K, used 23552K [0x00000000fc000000, 0x0000000100000000)
  region size 1024K, 23 young (23552K), 0 survivors (0K)
 Metaspace       used 1714K, committed 1856K, reserved 1114112K
  class space    used 160K, committed 192K, reserved 1048576K
}
Event: 1.327 GC heap after
{Heap after GC invocations=1 (full 0):
 garbage-first heap   total 65536K, used 1920K [0x00000000fc000000, 0x0000000100000000)
  region size 1024K, 2 young (2048K), 2 survivors (2048K)
 Metaspace       used 1714K, committed 1856K, reserved 1114112K
  class space    used 160K, committed 192K, reserved 1048576K
}
Event: 3.968 GC heap before
{Heap before GC invocations=1 (full 0):
 garbage-first heap   total 65536K, used 34688K [0x00000000fc000000, 0x0000000100000000)
  region size 1024K, 32 young (32768K), 2 survivors (2048K)
 Metaspace       used 7683K, committed 7936K, reserved 1114112K
  class space    used 1052K, committed 1152K, reserved 1048576K
}
Event: 3.978 GC heap after
{Heap after GC invocations=2 (full 0):
 garbage-first heap   total 65536K, used 11282K [0x00000000fc000000, 0x0000000100000000)
  region size 1024K, 4 young (4096K), 4 survivors (4096K)
 Metaspace       used 7683K, committed 7936K, reserved 1114112K
  class space    used 1052K, committed 1152K, reserved 1048576K
}

Dll operation events (13 events):
Event: 0.027 Loaded shared library C:\Program Files\Eclipse Adoptium\jdk-17.0.15.6-hotspot\bin\java.dll
Event: 0.087 Loaded shared library C:\Program Files\Eclipse Adoptium\jdk-17.0.15.6-hotspot\bin\jsvml.dll
Event: 0.172 Loaded shared library C:\Program Files\Eclipse Adoptium\jdk-17.0.15.6-hotspot\bin\net.dll
Event: 0.177 Loaded shared library C:\Program Files\Eclipse Adoptium\jdk-17.0.15.6-hotspot\bin\nio.dll
Event: 0.184 Loaded shared library C:\Program Files\Eclipse Adoptium\jdk-17.0.15.6-hotspot\bin\zip.dll
Event: 0.199 Loaded shared library C:\Program Files\Eclipse Adoptium\jdk-17.0.15.6-hotspot\bin\verify.dll
Event: 1.283 Loaded shared library C:\Program Files\Eclipse Adoptium\jdk-17.0.15.6-hotspot\bin\jimage.dll
Event: 2.579 Loaded shared library C:\Program Files\Eclipse Adoptium\jdk-17.0.15.6-hotspot\bin\management.dll
Event: 2.589 Loaded shared library C:\Program Files\Eclipse Adoptium\jdk-17.0.15.6-hotspot\bin\management_ext.dll
Event: 2.754 Loaded shared library C:\Users\cainh\.gradle\native\1def1411415f61bf3af743bc5b6707747c0891f09f0c88961ee8f79bc544acac\windows-amd64\native-platform.dll
Event: 2.856 Loaded shared library C:\Users\cainh\.gradle\native\jansi\1.18\windows64\jansi.dll
Event: 3.537 Loaded shared library C:\Program Files\Eclipse Adoptium\jdk-17.0.15.6-hotspot\bin\extnet.dll
Event: 4.186 Loaded shared library C:\Program Files\Eclipse Adoptium\jdk-17.0.15.6-hotspot\bin\sunmscapi.dll

Deoptimization events (20 events):
Event: 4.229 Thread 0x000001d5ff1da520 Uncommon trap: trap_request=0xffffffde fr.pc=0x000001d5f3ddb1f4 relative=0x0000000000000074
Event: 4.229 Thread 0x000001d5ff1da520 Uncommon trap: reason=class_check action=maybe_recompile pc=0x000001d5f3ddb1f4 method=java.util.AbstractList$Itr.hasNext()Z @ 8 c2
Event: 4.229 Thread 0x000001d5ff1da520 DEOPT PACKING pc=0x000001d5f3ddb1f4 sp=0x0000000df2bfeb10
Event: 4.229 Thread 0x000001d5ff1da520 DEOPT UNPACKING pc=0x000001d5f38569a3 sp=0x0000000df2bfeaa8 mode 2
Event: 4.229 Thread 0x000001d5ff1da520 Uncommon trap: trap_request=0xffffffde fr.pc=0x000001d5f3ddb554 relative=0x00000000000000b4
Event: 4.229 Thread 0x000001d5ff1da520 Uncommon trap: reason=class_check action=maybe_recompile pc=0x000001d5f3ddb554 method=java.util.AbstractList$Itr.next()Ljava/lang/Object; @ 14 c2
Event: 4.229 Thread 0x000001d5ff1da520 DEOPT PACKING pc=0x000001d5f3ddb554 sp=0x0000000df2bfeb00
Event: 4.229 Thread 0x000001d5ff1da520 DEOPT UNPACKING pc=0x000001d5f38569a3 sp=0x0000000df2bfea98 mode 2
Event: 4.229 Thread 0x000001d5ff1da520 Uncommon trap: trap_request=0xffffffde fr.pc=0x000001d5f3ddb554 relative=0x00000000000000b4
Event: 4.229 Thread 0x000001d5ff1da520 Uncommon trap: reason=class_check action=maybe_recompile pc=0x000001d5f3ddb554 method=java.util.AbstractList$Itr.next()Ljava/lang/Object; @ 14 c2
Event: 4.229 Thread 0x000001d5ff1da520 DEOPT PACKING pc=0x000001d5f3ddb554 sp=0x0000000df2bfeb00
Event: 4.229 Thread 0x000001d5ff1da520 DEOPT UNPACKING pc=0x000001d5f38569a3 sp=0x0000000df2bfea98 mode 2
Event: 4.284 Thread 0x000001d5e477f710 Uncommon trap: trap_request=0xffffff45 fr.pc=0x000001d5f3e3d1d4 relative=0x0000000000000474
Event: 4.284 Thread 0x000001d5e477f710 Uncommon trap: reason=unstable_if action=reinterpret pc=0x000001d5f3e3d1d4 method=java.lang.invoke.VarForm.getMemberName(I)Ljava/lang/invoke/MemberName; @ 8 c2
Event: 4.284 Thread 0x000001d5e477f710 DEOPT PACKING pc=0x000001d5f3e3d1d4 sp=0x0000000df18fcfa0
Event: 4.284 Thread 0x000001d5e477f710 DEOPT UNPACKING pc=0x000001d5f38569a3 sp=0x0000000df18fcf00 mode 2
Event: 4.605 Thread 0x000001d5e477f710 DEOPT PACKING pc=0x000001d5ec552029 sp=0x0000000df18fc6b0
Event: 4.605 Thread 0x000001d5e477f710 DEOPT UNPACKING pc=0x000001d5f3857143 sp=0x0000000df18fbbc0 mode 0
Event: 111.783 Thread 0x000001d5e477f710 DEOPT PACKING pc=0x000001d5ec587a35 sp=0x0000000df18fccd0
Event: 111.787 Thread 0x000001d5e477f710 DEOPT UNPACKING pc=0x000001d5f3857143 sp=0x0000000df18fc168 mode 0

Classes loaded (20 events):
Event: 36.022 Loading class jdk/internal/logger/LazyLoggers$LazyLoggerFactories
Event: 36.023 Loading class jdk/internal/logger/LazyLoggers$LazyLoggerFactories done
Event: 36.028 Loading class jdk/internal/logger/LoggerFinderLoader
Event: 36.030 Loading class jdk/internal/logger/LoggerFinderLoader done
Event: 36.046 Loading class jdk/internal/logger/LoggerFinderLoader$TemporaryLoggerFinder
Event: 36.047 Loading class jdk/internal/logger/LoggerFinderLoader$TemporaryLoggerFinder done
Event: 36.055 Loading class sun/util/logging/internal/LoggingProviderImpl$JULWrapper
Event: 36.057 Loading class sun/util/logging/PlatformLogger$ConfigurableBridge$LoggerConfiguration
Event: 36.058 Loading class sun/util/logging/PlatformLogger$ConfigurableBridge$LoggerConfiguration done
Event: 36.058 Loading class sun/util/logging/internal/LoggingProviderImpl$JULWrapper done
Event: 36.060 Loading class java/io/ObjectInputFilter
Event: 36.061 Loading class java/io/ObjectInputFilter done
Event: 36.081 Loading class java/io/ObjectInputFilter$Config$BuiltinFilterFactory
Event: 36.083 Loading class java/io/ObjectInputFilter$Config$BuiltinFilterFactory done
Event: 36.083 Loading class jdk/internal/access/JavaObjectInputFilterAccess
Event: 36.083 Loading class jdk/internal/access/JavaObjectInputFilterAccess done
Event: 36.085 Loading class java/lang/System$Logger$Level
Event: 36.085 Loading class java/lang/System$Logger$Level done
Event: 36.087 Loading class java/io/Bits
Event: 36.088 Loading class java/io/Bits done

Classes unloaded (0 events):
No events

Classes redefined (0 events):
No events

Internal exceptions (20 events):
Event: 2.620 Thread 0x000001d5e477f710 Exception <a 'java/lang/NoSuchMethodError'{0x00000000ff1a9af0}: 'int java.lang.invoke.DirectMethodHandle$Holder.invokeSpecial(java.lang.Object, java.lang.Object, java.lang.Object)'> (0x00000000ff1a9af0) 
thrown [s\src\hotspot\share\interpreter\linkResolver.cpp, line 759]
Event: 2.638 Thread 0x000001d5e477f710 Exception <a 'java/lang/NoSuchMethodError'{0x00000000ff1e6630}: 'void java.lang.invoke.DirectMethodHandle$Holder.invokeStatic(java.lang.Object, java.lang.Object)'> (0x00000000ff1e6630) 
thrown [s\src\hotspot\share\interpreter\linkResolver.cpp, line 759]
Event: 2.642 Thread 0x000001d5e477f710 Implicit null exception at 0x000001d5f3e0d30a to 0x000001d5f3e0d854
Event: 2.642 Thread 0x000001d5e477f710 Implicit null exception at 0x000001d5f3de990f to 0x000001d5f3de9e58
Event: 2.642 Thread 0x000001d5e477f710 Implicit null exception at 0x000001d5f3dcb98f to 0x000001d5f3dcba09
Event: 2.691 Thread 0x000001d5e477f710 Exception <a 'java/lang/NoClassDefFoundError'{0x00000000ff061530}: org/slf4j/impl/StaticMarkerBinder> (0x00000000ff061530) 
thrown [s\src\hotspot\share\classfile\systemDictionary.cpp, line 245]
Event: 2.780 Thread 0x000001d5e477f710 Exception <a 'java/lang/NoSuchMethodError'{0x00000000fef86458}: 'java.lang.Object java.lang.invoke.Invokers$Holder.invoker(java.lang.Object, java.lang.Object, java.lang.Object)'> (0x00000000fef86458) 
thrown [s\src\hotspot\share\interpreter\linkResolver.cpp, line 759]
Event: 2.782 Thread 0x000001d5e477f710 Exception <a 'java/lang/NoSuchMethodError'{0x00000000fef8f5b0}: 'java.lang.Object java.lang.invoke.DirectMethodHandle$Holder.invokeStatic(java.lang.Object, java.lang.Object, int)'> (0x00000000fef8f5b0) 
thrown [s\src\hotspot\share\interpreter\linkResolver.cpp, line 759]
Event: 2.785 Thread 0x000001d5e477f710 Exception <a 'java/lang/NoSuchMethodError'{0x00000000fef9b2a0}: 'void java.lang.invoke.DelegatingMethodHandle$Holder.delegate(java.lang.Object, java.lang.Object, int, java.lang.Object)'> (0x00000000fef9b2a0) 
thrown [s\src\hotspot\share\interpreter\linkResolver.cpp, line 759]
Event: 2.790 Thread 0x000001d5e477f710 Exception <a 'java/lang/NoSuchMethodError'{0x00000000fefae8e8}: 'java.lang.Object java.lang.invoke.Invokers$Holder.invokeExact_MT(java.lang.Object, java.lang.Object, java.lang.Object, java.lang.Object)'> (0x00000000fefae8e8) 
thrown [s\src\hotspot\share\interpreter\linkResolver.cpp, line 759]
Event: 2.800 Thread 0x000001d5e477f710 Exception <a 'java/lang/NoSuchMethodError'{0x00000000fefd1cc0}: 'java.lang.Object java.lang.invoke.DirectMethodHandle$Holder.invokeVirtual(java.lang.Object, java.lang.Object, java.lang.Object)'> (0x00000000fefd1cc0) 
thrown [s\src\hotspot\share\interpreter\linkResolver.cpp, line 759]
Event: 3.066 Thread 0x000001d5e477f710 Exception <a 'java/lang/NoSuchMethodError'{0x00000000febdc878}: 'java.lang.Object java.lang.invoke.DirectMethodHandle$Holder.newInvokeSpecial(java.lang.Object, java.lang.Object, java.lang.Object, java.lang.Object, java.lang.Object)'> (0x00000000febdc878) 
thrown [s\src\hotspot\share\interpreter\linkResolver.cpp, line 759]
Event: 3.144 Thread 0x000001d5e477f710 Exception <a 'java/lang/NoSuchMethodError'{0x00000000fe98abc8}: 'void java.lang.invoke.DirectMethodHandle$Holder.invokeSpecial(java.lang.Object, java.lang.Object, java.lang.Object)'> (0x00000000fe98abc8) 
thrown [s\src\hotspot\share\interpreter\linkResolver.cpp, line 759]
Event: 3.543 Thread 0x000001d5e477f710 Exception <a 'java/lang/NoSuchMethodError'{0x00000000fe5b13a8}: 'void java.lang.invoke.DirectMethodHandle$Holder.invokeStatic(java.lang.Object, java.lang.Object, java.lang.Object)'> (0x00000000fe5b13a8) 
thrown [s\src\hotspot\share\interpreter\linkResolver.cpp, line 759]
Event: 3.688 Thread 0x000001d5e477f710 Exception <a 'java/lang/NoSuchMethodError'{0x00000000fe24a830}: 'java.lang.Object java.lang.invoke.DirectMethodHandle$Holder.newInvokeSpecial(java.lang.Object, java.lang.Object, java.lang.Object, java.lang.Object, java.lang.Object, java.lang.Object, java.lang.Object, java.lang.Object, java.lang.Object, java.lang.Object, java.lang.Object, java.lang.Object, java.lang.Object, java.lang.Object, java.lang.Object, java.lang.Object, java.lang.Object, java.lang.Object, java.lang.Object, java.lang.Object, java.lang
Event: 3.690 Thread 0x000001d5e477f710 Exception <a 'java/lang/NoSuchMethodError'{0x00000000fe256e38}: 'java.lang.Object java.lang.invoke.Invokers$Holder.linkToTargetMethod(java.lang.Object, java.lang.Object, java.lang.Object, java.lang.Object, java.lang.Object, java.lang.Object, java.lang.Object, java.lang.Object, java.lang.Object, java.lang.Object, java.lang.Object, java.lang.Object, java.lang.Object, java.lang.Object, java.lang.Object, java.lang.Object, java.lang.Object, java.lang.Object, java.lang.Object, java.lang.Object, java.lang.Object,
Event: 3.824 Thread 0x000001d5e477f710 Exception <a 'java/lang/NoSuchMethodError'{0x00000000fe0b9648}: 'java.lang.Object java.lang.invoke.DirectMethodHandle$Holder.invokeStaticInit(java.lang.Object, int, int, int, int)'> (0x00000000fe0b9648) 
thrown [s\src\hotspot\share\interpreter\linkResolver.cpp, line 759]
Event: 4.032 Thread 0x000001d5e477f710 Exception <a 'java/lang/NoSuchMethodError'{0x00000000fffc1280}: 'java.lang.Object java.lang.invoke.DirectMethodHandle$Holder.invokeStaticInit(java.lang.Object, java.lang.Object, int, int, int, int)'> (0x00000000fffc1280) 
thrown [s\src\hotspot\share\interpreter\linkResolver.cpp, line 759]
Event: 4.100 Thread 0x000001d5e477f710 Implicit null exception at 0x000001d5f3df2bf2 to 0x000001d5f3df31c0
Event: 4.104 Thread 0x000001d5e477f710 Implicit null exception at 0x000001d5f3df5572 to 0x000001d5f3df5b50

VM Operations (20 events):
Event: 89.569 Executing VM operation: Cleanup
Event: 89.570 Executing VM operation: Cleanup done
Event: 90.583 Executing VM operation: Cleanup
Event: 90.583 Executing VM operation: Cleanup done
Event: 94.620 Executing VM operation: Cleanup
Event: 94.620 Executing VM operation: Cleanup done
Event: 97.662 Executing VM operation: Cleanup
Event: 97.662 Executing VM operation: Cleanup done
Event: 99.686 Executing VM operation: Cleanup
Event: 99.687 Executing VM operation: Cleanup done
Event: 101.714 Executing VM operation: Cleanup
Event: 101.714 Executing VM operation: Cleanup done
Event: 105.753 Executing VM operation: Cleanup
Event: 105.753 Executing VM operation: Cleanup done
Event: 106.765 Executing VM operation: Cleanup
Event: 106.765 Executing VM operation: Cleanup done
Event: 112.827 Executing VM operation: Cleanup
Event: 112.827 Executing VM operation: Cleanup done
Event: 116.886 Executing VM operation: Cleanup
Event: 116.886 Executing VM operation: Cleanup done

Memory protections (0 events):
No events

Nmethod flushes (0 events):
No events

Events (17 events):
Event: 0.088 Thread 0x000001d5e477f710 Thread added: 0x000001d5e477f710
Event: 0.100 Thread 0x000001d5e477f710 Thread added: 0x000001d5e4829770
Event: 0.100 Thread 0x000001d5e477f710 Thread added: 0x000001d5e482b210
Event: 0.125 Thread 0x000001d5e477f710 Thread added: 0x000001d5fe1bffb0
Event: 0.125 Thread 0x000001d5e477f710 Thread added: 0x000001d5fe1c2690
Event: 0.125 Thread 0x000001d5e477f710 Thread added: 0x000001d5fe1c50b0
Event: 0.125 Thread 0x000001d5e477f710 Thread added: 0x000001d5fe1c5c90
Event: 0.126 Thread 0x000001d5e477f710 Thread added: 0x000001d5fe1c46e0
Event: 0.126 Thread 0x000001d5e477f710 Thread added: 0x000001d5fe1d9020
Event: 0.126 Thread 0x000001d5e477f710 Thread added: 0x000001d5fe1dc460
Event: 0.164 Thread 0x000001d5e477f710 Thread added: 0x000001d5fe425730
Event: 0.166 Thread 0x000001d5e477f710 Thread added: 0x000001d5fe4294c0
Event: 1.203 Thread 0x000001d5fe1d9020 Thread added: 0x000001d5fe53eea0
Event: 1.714 Thread 0x000001d5fe53eea0 Thread exited: 0x000001d5fe53eea0
Event: 2.031 Thread 0x000001d5fe1d9020 Thread added: 0x000001d5feaa3b30
Event: 2.634 Thread 0x000001d5feaa3b30 Thread exited: 0x000001d5feaa3b30
Event: 2.925 Thread 0x000001d5e477f710 Thread added: 0x000001d5ff1da520


Dynamic libraries:
0x00007ff6e9490000 - 0x00007ff6e949e000 	C:\Program Files\Eclipse Adoptium\jdk-17.0.15.6-hotspot\bin\java.exe
0x00007ffac3650000 - 0x00007ffac3867000 	C:\WINDOWS\SYSTEM32\ntdll.dll
0x00007ffac1d60000 - 0x00007ffac1e24000 	C:\WINDOWS\System32\KERNEL32.DLL
0x00007ffac0b20000 - 0x00007ffac0ef2000 	C:\WINDOWS\System32\KERNELBASE.dll
0x00007ffac0810000 - 0x00007ffac0921000 	C:\WINDOWS\System32\ucrtbase.dll
0x00007ffaa5ef0000 - 0x00007ffaa5f07000 	C:\Program Files\Eclipse Adoptium\jdk-17.0.15.6-hotspot\bin\jli.dll
0x00007ffaa5ed0000 - 0x00007ffaa5eee000 	C:\Program Files\Eclipse Adoptium\jdk-17.0.15.6-hotspot\bin\VCRUNTIME140.dll
0x00007ffac2fa0000 - 0x00007ffac3151000 	C:\WINDOWS\System32\USER32.dll
0x00007ffaaf0c0000 - 0x00007ffaaf35b000 	C:\WINDOWS\WinSxS\amd64_microsoft.windows.common-controls_6595b64144ccf1df_6.0.22621.5547_none_27104afb73855772\COMCTL32.dll
0x00007ffac07e0000 - 0x00007ffac0806000 	C:\WINDOWS\System32\win32u.dll
0x00007ffac2ef0000 - 0x00007ffac2f97000 	C:\WINDOWS\System32\msvcrt.dll
0x00007ffac1500000 - 0x00007ffac1529000 	C:\WINDOWS\System32\GDI32.dll
0x00007ffac0f00000 - 0x00007ffac1023000 	C:\WINDOWS\System32\gdi32full.dll
0x00007ffac0740000 - 0x00007ffac07da000 	C:\WINDOWS\System32\msvcp_win.dll
0x00007ffac1440000 - 0x00007ffac1471000 	C:\WINDOWS\System32\IMM32.DLL
0x00007ffab33e0000 - 0x00007ffab33ec000 	C:\Program Files\Eclipse Adoptium\jdk-17.0.15.6-hotspot\bin\vcruntime140_1.dll
0x00007ffa007b0000 - 0x00007ffa0083d000 	C:\Program Files\Eclipse Adoptium\jdk-17.0.15.6-hotspot\bin\msvcp140.dll
0x00007ff9e33d0000 - 0x00007ff9e403b000 	C:\Program Files\Eclipse Adoptium\jdk-17.0.15.6-hotspot\bin\server\jvm.dll
0x00007ffac3430000 - 0x00007ffac34e1000 	C:\WINDOWS\System32\ADVAPI32.dll
0x00007ffac1390000 - 0x00007ffac1438000 	C:\WINDOWS\System32\sechost.dll
0x00007ffac0af0000 - 0x00007ffac0b18000 	C:\WINDOWS\System32\bcrypt.dll
0x00007ffac34f0000 - 0x00007ffac3604000 	C:\WINDOWS\System32\RPCRT4.dll
0x00007ffac33b0000 - 0x00007ffac3421000 	C:\WINDOWS\System32\WS2_32.dll
0x00007ffac0610000 - 0x00007ffac065d000 	C:\WINDOWS\SYSTEM32\POWRPROF.dll
0x00007ffabb7e0000 - 0x00007ffabb814000 	C:\WINDOWS\SYSTEM32\WINMM.dll
0x00007ffab7af0000 - 0x00007ffab7afa000 	C:\WINDOWS\SYSTEM32\VERSION.dll
0x00007ffac05f0000 - 0x00007ffac0603000 	C:\WINDOWS\SYSTEM32\UMPDC.dll
0x00007ffabf730000 - 0x00007ffabf748000 	C:\WINDOWS\SYSTEM32\kernel.appcore.dll
0x00007ffaa5ec0000 - 0x00007ffaa5eca000 	C:\Program Files\Eclipse Adoptium\jdk-17.0.15.6-hotspot\bin\jimage.dll
0x00007ffabdec0000 - 0x00007ffabe0f3000 	C:\WINDOWS\SYSTEM32\DBGHELP.DLL
0x00007ffac18e0000 - 0x00007ffac1c73000 	C:\WINDOWS\System32\combase.dll
0x00007ffac1c80000 - 0x00007ffac1d57000 	C:\WINDOWS\System32\OLEAUT32.dll
0x00007ffab9270000 - 0x00007ffab92a2000 	C:\WINDOWS\SYSTEM32\dbgcore.DLL
0x00007ffac0a70000 - 0x00007ffac0aeb000 	C:\WINDOWS\System32\bcryptPrimitives.dll
0x00007ffa55320000 - 0x00007ffa55345000 	C:\Program Files\Eclipse Adoptium\jdk-17.0.15.6-hotspot\bin\java.dll
0x00007ff9f0ca0000 - 0x00007ff9f0d77000 	C:\Program Files\Eclipse Adoptium\jdk-17.0.15.6-hotspot\bin\jsvml.dll
0x00007ffac1e50000 - 0x00007ffac26f2000 	C:\WINDOWS\System32\SHELL32.dll
0x00007ffac0930000 - 0x00007ffac0a6f000 	C:\WINDOWS\System32\wintypes.dll
0x00007ffabe620000 - 0x00007ffabef3d000 	C:\WINDOWS\SYSTEM32\windows.storage.dll
0x00007ffac31f0000 - 0x00007ffac32fc000 	C:\WINDOWS\System32\SHCORE.dll
0x00007ffac1710000 - 0x00007ffac1779000 	C:\WINDOWS\System32\shlwapi.dll
0x00007ffac0670000 - 0x00007ffac069b000 	C:\WINDOWS\SYSTEM32\profapi.dll
0x00007ffa92be0000 - 0x00007ffa92bf9000 	C:\Program Files\Eclipse Adoptium\jdk-17.0.15.6-hotspot\bin\net.dll
0x00007ffabb820000 - 0x00007ffabb94c000 	C:\WINDOWS\SYSTEM32\WINHTTP.dll
0x00007ffabfbb0000 - 0x00007ffabfc19000 	C:\WINDOWS\system32\mswsock.dll
0x00007ffa8e360000 - 0x00007ffa8e376000 	C:\Program Files\Eclipse Adoptium\jdk-17.0.15.6-hotspot\bin\nio.dll
0x00007ffa8a0c0000 - 0x00007ffa8a0d8000 	C:\Program Files\Eclipse Adoptium\jdk-17.0.15.6-hotspot\bin\zip.dll
0x00007ffaa5eb0000 - 0x00007ffaa5ec0000 	C:\Program Files\Eclipse Adoptium\jdk-17.0.15.6-hotspot\bin\verify.dll
0x00007ffa9d600000 - 0x00007ffa9d60a000 	C:\Program Files\Eclipse Adoptium\jdk-17.0.15.6-hotspot\bin\management.dll
0x00007ffa9d230000 - 0x00007ffa9d23b000 	C:\Program Files\Eclipse Adoptium\jdk-17.0.15.6-hotspot\bin\management_ext.dll
0x00007ffac33a0000 - 0x00007ffac33a8000 	C:\WINDOWS\System32\PSAPI.DLL
0x00007ffa8b4e0000 - 0x00007ffa8b507000 	C:\Users\cainh\.gradle\native\1def1411415f61bf3af743bc5b6707747c0891f09f0c88961ee8f79bc544acac\windows-amd64\native-platform.dll
0x00007ffab0150000 - 0x00007ffab015a000 	C:\Users\cainh\.gradle\native\jansi\1.18\windows64\jansi.dll
0x00007ffabf1a0000 - 0x00007ffabf1cd000 	C:\WINDOWS\SYSTEM32\IPHLPAPI.DLL
0x00007ffac2700000 - 0x00007ffac2709000 	C:\WINDOWS\System32\NSI.dll
0x00007ffabbe70000 - 0x00007ffabbe89000 	C:\WINDOWS\SYSTEM32\dhcpcsvc6.DLL
0x00007ffabb7c0000 - 0x00007ffabb7df000 	C:\WINDOWS\SYSTEM32\dhcpcsvc.DLL
0x00007ffabf210000 - 0x00007ffabf308000 	C:\WINDOWS\SYSTEM32\DNSAPI.dll
0x00007ffa9c980000 - 0x00007ffa9c989000 	C:\Program Files\Eclipse Adoptium\jdk-17.0.15.6-hotspot\bin\extnet.dll
0x00007ffabfdf0000 - 0x00007ffabfe0b000 	C:\WINDOWS\SYSTEM32\CRYPTSP.dll
0x00007ffabf690000 - 0x00007ffabf6c7000 	C:\WINDOWS\system32\rsaenh.dll
0x00007ffabfc70000 - 0x00007ffabfc98000 	C:\WINDOWS\SYSTEM32\USERENV.dll
0x00007ffabfde0000 - 0x00007ffabfdec000 	C:\WINDOWS\SYSTEM32\CRYPTBASE.dll
0x00007ffa9a050000 - 0x00007ffa9a05e000 	C:\Program Files\Eclipse Adoptium\jdk-17.0.15.6-hotspot\bin\sunmscapi.dll
0x00007ffac1170000 - 0x00007ffac12d7000 	C:\WINDOWS\System32\CRYPT32.dll
0x00007ffac0000000 - 0x00007ffac002d000 	C:\WINDOWS\SYSTEM32\ncrypt.dll
0x00007ffabffc0000 - 0x00007ffabfff7000 	C:\WINDOWS\SYSTEM32\NTASN1.dll
0x00007ffab7a10000 - 0x00007ffab7a18000 	C:\WINDOWS\system32\wshunix.dll

dbghelp: loaded successfully - version: 4.0.5 - missing functions: none
symbol engine: initialized successfully - sym options: 0x614 - pdb path: .;C:\Program Files\Eclipse Adoptium\jdk-17.0.15.6-hotspot\bin;C:\WINDOWS\SYSTEM32;C:\WINDOWS\WinSxS\amd64_microsoft.windows.common-controls_6595b64144ccf1df_6.0.22621.5547_none_27104afb73855772;C:\Program Files\Eclipse Adoptium\jdk-17.0.15.6-hotspot\bin\server;C:\Users\cainh\.gradle\native\1def1411415f61bf3af743bc5b6707747c0891f09f0c88961ee8f79bc544acac\windows-amd64;C:\Users\cainh\.gradle\native\jansi\1.18\windows64

VM Arguments:
jvm_args: -Xmx64m -Xms64m -Dorg.gradle.appname=gradlew 
java_command: C:\Users\cainh\Desktop\PI3-mais-autonomia\MaisAutonomia\android\\gradle\wrapper\gradle-wrapper.jar app:installDebug -PreactNativeDevServerPort=8081
java_class_path (initial): C:\Users\cainh\Desktop\PI3-mais-autonomia\MaisAutonomia\android\\gradle\wrapper\gradle-wrapper.jar
Launcher Type: SUN_STANDARD

[Global flags]
     intx CICompilerCount                          = 4                                         {product} {ergonomic}
     uint ConcGCThreads                            = 2                                         {product} {ergonomic}
     uint G1ConcRefinementThreads                  = 8                                         {product} {ergonomic}
   size_t G1HeapRegionSize                         = 1048576                                   {product} {ergonomic}
    uintx GCDrainStackTargetSize                   = 64                                        {product} {ergonomic}
   size_t InitialHeapSize                          = 67108864                                  {product} {command line}
   size_t MarkStackSize                            = 4194304                                   {product} {ergonomic}
   size_t MaxHeapSize                              = 67108864                                  {product} {command line}
   size_t MaxNewSize                               = 39845888                                  {product} {ergonomic}
   size_t MinHeapDeltaBytes                        = 1048576                                   {product} {ergonomic}
   size_t MinHeapSize                              = 67108864                                  {product} {command line}
    uintx NonNMethodCodeHeapSize                   = 5839372                                {pd product} {ergonomic}
    uintx NonProfiledCodeHeapSize                  = 122909434                              {pd product} {ergonomic}
    uintx ProfiledCodeHeapSize                     = 122909434                              {pd product} {ergonomic}
    uintx ReservedCodeCacheSize                    = 251658240                              {pd product} {ergonomic}
     bool SegmentedCodeCache                       = true                                      {product} {ergonomic}
   size_t SoftMaxHeapSize                          = 67108864                               {manageable} {ergonomic}
     bool UseCompressedClassPointers               = true                           {product lp64_product} {ergonomic}
     bool UseCompressedOops                        = true                           {product lp64_product} {ergonomic}
     bool UseG1GC                                  = true                                      {product} {ergonomic}
     bool UseLargePagesIndividualAllocation        = false                                  {pd product} {ergonomic}

Logging:
Log output configuration:
 #0: stdout all=warning uptime,level,tags
 #1: stderr all=off uptime,level,tags

Environment Variables:
JAVA_HOME=C:\Program Files\Eclipse Adoptium\jdk-17.0.15.6-hotspot
PATH=C:\Users\cainh\Desktop\PI3-mais-autonomia\MaisAutonomia\node_modules\.bin;C:\Users\cainh\Desktop\PI3-mais-autonomia\MaisAutonomia\node_modules\.bin;C:\Users\cainh\Desktop\PI3-mais-autonomia\node_modules\.bin;C:\Users\cainh\Desktop\node_modules\.bin;C:\Users\cainh\node_modules\.bin;C:\Users\node_modules\.bin;C:\node_modules\.bin;C:\Users\cainh\AppData\Roaming\npm\node_modules\npm\node_modules\@npmcli\run-script\lib\node-gyp-bin;C:\Program Files\Eclipse Adoptium\jdk-17.0.15.6-hotspot\bin;C:\Users\cainh\AppData\Local\Android\Sdk\platform-tools;C:\Program Files\Common Files\Oracle\Java\javapath;C:\Python312\Scripts\;C:\Python312\;C:\Program Files (x86)\Common Files\Intel\Shared Libraries\redist\intel64\compiler;C:\WINDOWS\system32;C:\WINDOWS;C:\WINDOWS\System32\Wbem;C:\WINDOWS\System32\WindowsPowerShell\v1.0\;C:\WINDOWS\System32\OpenSSH\;C:\Program Files (x86)\Yarn\bin\;C:\Program Files\nodejs\;C:\ProgramData\chocolatey\bin;C:\Program Files\Git\cmd;C:\Program Files\dotnet\;c:\Users\cainh\AppData\Local\Programs\cursor\resources\app\bin;C:\Program Files\Java\jdk-24\bin;C:\Program Files\Eclipse Adoptium\jdk-17.0.15.6-hotspot\bin;C:\Users\cainh\AppData\Local\Android\Sdk\platform-tools;C:\Users\cainh\AppData\Local\Android\Sdk\emulator;C:\Users\cainh\AppData\Local\Android\Sdk\tools;C:\Users\cainh\AppData\Local\Android\Sdk\tools\bin;C:\Users\cainh\AppData\Local\Microsoft\WindowsApps;C:\Users\cainh\AppData\Local\Yarn\bin;C:\Users\cainh\AppData\Local\Programs\Microsoft VS Code\bin;C:\Users\cainh\AppData\Roaming\npm;C:\Users\cainh\AppData\Local\Muse Hub\lib;C:\Users\cainh\AppData\Local\GitHubDesktop\bin;C:\Users\cainh\AppData\Local\Programs\cursor\resources\app\bin
USERNAME=cainh
OS=Windows_NT
PROCESSOR_IDENTIFIER=AMD64 Family 23 Model 24 Stepping 1, AuthenticAMD
TMP=C:\Users\cainh\AppData\Local\Temp
TEMP=C:\Users\cainh\AppData\Local\Temp



Periodic native trim disabled


---------------  S Y S T E M  ---------------

OS:
 Windows 11 , 64 bit Build 22621 (10.0.22621.5415)
OS uptime: 7 days 4:03 hours
Hyper-V role detected

CPU: total 8 (initial active 8) (8 cores per cpu, 2 threads per core) family 23 model 24 stepping 1 microcode 0x0, cx8, cmov, fxsr, ht, mmx, 3dnowpref, sse, sse2, sse3, ssse3, sse4a, sse4.1, sse4.2, popcnt, lzcnt, tsc, tscinvbit, avx, avx2, aes, clmul, bmi1, bmi2, adx, sha, fma, vzeroupper, clflush, clflushopt, hv
Processor Information for all 8 processors :
  Max Mhz: 2100, Current Mhz: 2100, Mhz Limit: 2100

Memory: 4k page, system-wide physical 6020M (121M free)
TotalPageFile size 24452M (AvailPageFile size 0M)
current process WorkingSet (physical memory assigned to process): 20M, peak: 108M
current process commit charge ("private bytes"): 166M, peak: 173M

vm_info: OpenJDK 64-Bit Server VM (17.0.15+6) for windows-amd64 JRE (17.0.15+6), built on Apr 15 2025 21:25:47 by "admin" with MS VC++ 17.7 (VS2022)

END.
