#
# There is insufficient memory for the Java Runtime Environment to continue.
# Native memory allocation (malloc) failed to allocate 32744 bytes. Error detail: ChunkPool::allocate
# Possible reasons:
#   The system is out of physical RAM or swap space
#   This process is running with CompressedOops enabled, and the Java Heap may be blocking the growth of the native heap
# Possible solutions:
#   Reduce memory load on the system
#   Increase physical memory or swap space
#   Check if swap backing store is full
#   Decrease Java heap size (-Xmx/-Xms)
#   Decrease number of Java threads
#   Decrease Java thread stack sizes (-Xss)
#   Set larger code cache with -XX:ReservedCodeCacheSize=
#   JVM is running with Unscaled Compressed Oops mode in which the Java heap is
#     placed in the first 4GB address space. The Java Heap base address is the
#     maximum limit for the native heap growth. Please use -XX:HeapBaseMinAddress
#     to set the Java Heap base and to place the Java Heap above 4GB virtual address.
# This output file may be truncated or incomplete.
#
#  Out of Memory Error (arena.cpp:79), pid=16832, tid=80868
#
# JRE version: OpenJDK Runtime Environment Temurin-17.0.15+6 (17.0.15+6) (build 17.0.15+6)
# Java VM: OpenJDK 64-Bit Server VM Temurin-17.0.15+6 (17.0.15+6, mixed mode, sharing, tiered, compressed oops, compressed class ptrs, g1 gc, windows-amd64)
# No core dump will be written. Minidumps are not enabled by default on client versions of Windows
#

---------------  S U M M A R Y ------------

Command Line: -Xmx64m -Xms64m -Dorg.gradle.appname=gradlew C:\Users\cainh\Desktop\PI3-mais-autonomia\MaisAutonomia\android\\gradle\wrapper\gradle-wrapper.jar app:installDebug -PreactNativeDevServerPort=8081

Host: AMD Ryzen 5 3500U with Radeon Vega Mobile Gfx  , 8 cores, 5G,  Windows 11 , 64 bit Build 22621 (10.0.22621.5415)
Time: Thu Jul 17 11:54:52 2025 Hora Padrão de Buenos Aires elapsed time: 25.890328 seconds (0d 0h 0m 25s)

---------------  T H R E A D  ---------------

Current thread (0x000001dc79760520):  JavaThread "C1 CompilerThread0" daemon [_thread_in_native, id=80868, stack(0x000000701a700000,0x000000701a800000)]


Current CompileTask:
C1:  25890 1574       3       org.gradle.internal.logging.console.BuildStatusRenderer::onOutput (350 bytes)

Stack: [0x000000701a700000,0x000000701a800000]
Native frames: (J=compiled Java code, j=interpreted, Vv=VM code, C=native code)
V  [jvm.dll+0x682fc9]
V  [jvm.dll+0x839878]
V  [jvm.dll+0x83b323]
V  [jvm.dll+0x83b993]
V  [jvm.dll+0x24725f]
V  [jvm.dll+0xad0ac]
V  [jvm.dll+0xad53c]
V  [jvm.dll+0x174f1a]
V  [jvm.dll+0x175d42]
V  [jvm.dll+0x175dfe]
V  [jvm.dll+0x178639]
V  [jvm.dll+0x179fa1]
V  [jvm.dll+0x135613]
V  [jvm.dll+0x134edf]
V  [jvm.dll+0x135128]
V  [jvm.dll+0x1345b1]
V  [jvm.dll+0x13629d]
V  [jvm.dll+0x227a9c]
V  [jvm.dll+0x225bfb]
V  [jvm.dll+0x7ef018]
V  [jvm.dll+0x7e94dc]
V  [jvm.dll+0x681ea7]
C  [ucrtbase.dll+0x29333]
C  [KERNEL32.DLL+0x1259d]
C  [ntdll.dll+0x5af78]


---------------  P R O C E S S  ---------------

Threads class SMR info:
_java_thread_list=0x000001dc7e87a850, length=13, elements={
0x000001dc5db4e980, 0x000001dc5fdd5680, 0x000001dc5fdd6500, 0x000001dc7975af30,
0x000001dc7975da00, 0x000001dc7975e3c0, 0x000001dc7975ed80, 0x000001dc7975fa70,
0x000001dc79760520, 0x000001dc79764f40, 0x000001dc799c4d60, 0x000001dc799c84d0,
0x000001dc7e7bc870
}

Java Threads: ( => current thread )
  0x000001dc5db4e980 JavaThread "main" [_thread_in_native, id=71764, stack(0x0000007019900000,0x0000007019a00000)]
  0x000001dc5fdd5680 JavaThread "Reference Handler" daemon [_thread_blocked, id=53204, stack(0x000000701a000000,0x000000701a100000)]
  0x000001dc5fdd6500 JavaThread "Finalizer" daemon [_thread_blocked, id=74488, stack(0x000000701a100000,0x000000701a200000)]
  0x000001dc7975af30 JavaThread "Signal Dispatcher" daemon [_thread_blocked, id=64640, stack(0x000000701a200000,0x000000701a300000)]
  0x000001dc7975da00 JavaThread "Attach Listener" daemon [_thread_blocked, id=67460, stack(0x000000701a300000,0x000000701a400000)]
  0x000001dc7975e3c0 JavaThread "Service Thread" daemon [_thread_blocked, id=76056, stack(0x000000701a400000,0x000000701a500000)]
  0x000001dc7975ed80 JavaThread "Monitor Deflation Thread" daemon [_thread_blocked, id=17304, stack(0x000000701a500000,0x000000701a600000)]
  0x000001dc7975fa70 JavaThread "C2 CompilerThread0" daemon [_thread_blocked, id=74612, stack(0x000000701a600000,0x000000701a700000)]
=>0x000001dc79760520 JavaThread "C1 CompilerThread0" daemon [_thread_in_native, id=80868, stack(0x000000701a700000,0x000000701a800000)]
  0x000001dc79764f40 JavaThread "Sweeper thread" daemon [_thread_blocked, id=64656, stack(0x000000701a800000,0x000000701a900000)]
  0x000001dc799c4d60 JavaThread "Notification Thread" daemon [_thread_blocked, id=51676, stack(0x000000701a900000,0x000000701aa00000)]
  0x000001dc799c84d0 JavaThread "Common-Cleaner" daemon [_thread_blocked, id=15068, stack(0x000000701ab00000,0x000000701ac00000)]
  0x000001dc7e7bc870 JavaThread "pool-1-thread-1" [_thread_blocked, id=84576, stack(0x000000701af00000,0x000000701b000000)]

Other Threads:
  0x000001dc5fdd0fe0 VMThread "VM Thread" [stack: 0x0000007019f00000,0x000000701a000000] [id=84708]
  0x000001dc799c7860 WatcherThread [stack: 0x000000701aa00000,0x000000701ab00000] [id=56544]
  0x000001dc5fd4d850 GCTaskThread "GC Thread#0" [stack: 0x0000007019a00000,0x0000007019b00000] [id=49812]
  0x000001dc79d26c90 GCTaskThread "GC Thread#1" [stack: 0x000000701ac00000,0x000000701ad00000] [id=56056]
  0x000001dc7e003cc0 GCTaskThread "GC Thread#2" [stack: 0x000000701ad00000,0x000000701ae00000] [id=11020]
  0x000001dc7e003f80 GCTaskThread "GC Thread#3" [stack: 0x000000701ae00000,0x000000701af00000] [id=13676]
  0x000001dc7e9f0480 GCTaskThread "GC Thread#4" [stack: 0x000000701b000000,0x000000701b100000] [id=51580]
  0x000001dc7e91ed80 GCTaskThread "GC Thread#5" [stack: 0x000000701b100000,0x000000701b200000] [id=69720]
  0x000001dc7e91f040 GCTaskThread "GC Thread#6" [stack: 0x000000701b200000,0x000000701b300000] [id=39492]
  0x000001dc5fd4efa0 ConcurrentGCThread "G1 Main Marker" [stack: 0x0000007019b00000,0x0000007019c00000] [id=75468]
  0x000001dc5fd509d0 ConcurrentGCThread "G1 Conc#0" [stack: 0x0000007019c00000,0x0000007019d00000] [id=25848]
  0x000001dc5fdb41a0 ConcurrentGCThread "G1 Refine#0" [stack: 0x0000007019d00000,0x0000007019e00000] [id=52348]
  0x000001dc5fdb4bd0 ConcurrentGCThread "G1 Service" [stack: 0x0000007019e00000,0x0000007019f00000] [id=67148]

Threads with active compile tasks:
C1 CompilerThread0    26006 1574       3       org.gradle.internal.logging.console.BuildStatusRenderer::onOutput (350 bytes)

VM state: not at safepoint (normal execution)

VM Mutex/Monitor currently owned by a thread: None

Heap address: 0x00000000fc000000, size: 64 MB, Compressed Oops mode: 32-bit

CDS archive(s) mapped at: [0x000001dc00000000-0x000001dc00bb0000-0x000001dc00bb0000), size 12255232, SharedBaseAddress: 0x000001dc00000000, ArchiveRelocationMode: 1.
Compressed class space mapped at: 0x000001dc01000000-0x000001dc41000000, reserved size: 1073741824
Narrow klass base: 0x000001dc00000000, Narrow klass shift: 0, Narrow klass range: 0x100000000

GC Precious Log:
 CPUs: 8 total, 8 available
 Memory: 6020M
 Large Page Support: Disabled
 NUMA Support: Disabled
 Compressed Oops: Enabled (32-bit)
 Heap Region Size: 1M
 Heap Min Capacity: 64M
 Heap Initial Capacity: 64M
 Heap Max Capacity: 64M
 Pre-touch: Disabled
 Parallel Workers: 8
 Concurrent Workers: 2
 Concurrent Refinement Workers: 8
 Periodic GC: Disabled

Heap:
 garbage-first heap   total 65536K, used 15446K [0x00000000fc000000, 0x0000000100000000)
  region size 1024K, 9 young (9216K), 4 survivors (4096K)
 Metaspace       used 9041K, committed 9280K, reserved 1114112K
  class space    used 1223K, committed 1344K, reserved 1048576K

Heap Regions: E=young(eden), S=young(survivor), O=old, HS=humongous(starts), HC=humongous(continues), CS=collection set, F=free, OA=open archive, CA=closed archive, TAMS=top-at-mark-start (previous, next)
|   0|0x00000000fc000000, 0x00000000fc100000, 0x00000000fc100000|100%|HS|  |TAMS 0x00000000fc000000, 0x00000000fc000000| Complete 
|   1|0x00000000fc100000, 0x00000000fc200000, 0x00000000fc200000|100%|HC|  |TAMS 0x00000000fc100000, 0x00000000fc100000| Complete 
|   2|0x00000000fc200000, 0x00000000fc300000, 0x00000000fc300000|100%|HC|  |TAMS 0x00000000fc200000, 0x00000000fc200000| Complete 
|   3|0x00000000fc300000, 0x00000000fc400000, 0x00000000fc400000|100%| O|  |TAMS 0x00000000fc300000, 0x00000000fc300000| Untracked 
|   4|0x00000000fc400000, 0x00000000fc500000, 0x00000000fc500000|100%| O|  |TAMS 0x00000000fc400000, 0x00000000fc400000| Untracked 
|   5|0x00000000fc500000, 0x00000000fc600000, 0x00000000fc600000|100%| O|  |TAMS 0x00000000fc500000, 0x00000000fc500000| Untracked 
|   6|0x00000000fc600000, 0x00000000fc700000, 0x00000000fc700000|100%| O|  |TAMS 0x00000000fc600000, 0x00000000fc600000| Untracked 
|   7|0x00000000fc700000, 0x00000000fc715800, 0x00000000fc800000|  8%| O|  |TAMS 0x00000000fc700000, 0x00000000fc700000| Untracked 
|   8|0x00000000fc800000, 0x00000000fc800000, 0x00000000fc900000|  0%| F|  |TAMS 0x00000000fc800000, 0x00000000fc800000| Untracked 
|   9|0x00000000fc900000, 0x00000000fc900000, 0x00000000fca00000|  0%| F|  |TAMS 0x00000000fc900000, 0x00000000fc900000| Untracked 
|  10|0x00000000fca00000, 0x00000000fca00000, 0x00000000fcb00000|  0%| F|  |TAMS 0x00000000fca00000, 0x00000000fca00000| Untracked 
|  11|0x00000000fcb00000, 0x00000000fcb00000, 0x00000000fcc00000|  0%| F|  |TAMS 0x00000000fcb00000, 0x00000000fcb00000| Untracked 
|  12|0x00000000fcc00000, 0x00000000fcc00000, 0x00000000fcd00000|  0%| F|  |TAMS 0x00000000fcc00000, 0x00000000fcc00000| Untracked 
|  13|0x00000000fcd00000, 0x00000000fcd00000, 0x00000000fce00000|  0%| F|  |TAMS 0x00000000fcd00000, 0x00000000fcd00000| Untracked 
|  14|0x00000000fce00000, 0x00000000fce00000, 0x00000000fcf00000|  0%| F|  |TAMS 0x00000000fce00000, 0x00000000fce00000| Untracked 
|  15|0x00000000fcf00000, 0x00000000fcf00000, 0x00000000fd000000|  0%| F|  |TAMS 0x00000000fcf00000, 0x00000000fcf00000| Untracked 
|  16|0x00000000fd000000, 0x00000000fd000000, 0x00000000fd100000|  0%| F|  |TAMS 0x00000000fd000000, 0x00000000fd000000| Untracked 
|  17|0x00000000fd100000, 0x00000000fd100000, 0x00000000fd200000|  0%| F|  |TAMS 0x00000000fd100000, 0x00000000fd100000| Untracked 
|  18|0x00000000fd200000, 0x00000000fd200000, 0x00000000fd300000|  0%| F|  |TAMS 0x00000000fd200000, 0x00000000fd200000| Untracked 
|  19|0x00000000fd300000, 0x00000000fd300000, 0x00000000fd400000|  0%| F|  |TAMS 0x00000000fd300000, 0x00000000fd300000| Untracked 
|  20|0x00000000fd400000, 0x00000000fd400000, 0x00000000fd500000|  0%| F|  |TAMS 0x00000000fd400000, 0x00000000fd400000| Untracked 
|  21|0x00000000fd500000, 0x00000000fd500000, 0x00000000fd600000|  0%| F|  |TAMS 0x00000000fd500000, 0x00000000fd500000| Untracked 
|  22|0x00000000fd600000, 0x00000000fd600000, 0x00000000fd700000|  0%| F|  |TAMS 0x00000000fd600000, 0x00000000fd600000| Untracked 
|  23|0x00000000fd700000, 0x00000000fd700000, 0x00000000fd800000|  0%| F|  |TAMS 0x00000000fd700000, 0x00000000fd700000| Untracked 
|  24|0x00000000fd800000, 0x00000000fd800000, 0x00000000fd900000|  0%| F|  |TAMS 0x00000000fd800000, 0x00000000fd800000| Untracked 
|  25|0x00000000fd900000, 0x00000000fd900000, 0x00000000fda00000|  0%| F|  |TAMS 0x00000000fd900000, 0x00000000fd900000| Untracked 
|  26|0x00000000fda00000, 0x00000000fda00000, 0x00000000fdb00000|  0%| F|  |TAMS 0x00000000fda00000, 0x00000000fda00000| Untracked 
|  27|0x00000000fdb00000, 0x00000000fdb00000, 0x00000000fdc00000|  0%| F|  |TAMS 0x00000000fdb00000, 0x00000000fdb00000| Untracked 
|  28|0x00000000fdc00000, 0x00000000fdd00000, 0x00000000fdd00000|100%| S|CS|TAMS 0x00000000fdc00000, 0x00000000fdc00000| Complete 
|  29|0x00000000fdd00000, 0x00000000fde00000, 0x00000000fde00000|100%| S|CS|TAMS 0x00000000fdd00000, 0x00000000fdd00000| Complete 
|  30|0x00000000fde00000, 0x00000000fdf00000, 0x00000000fdf00000|100%| S|CS|TAMS 0x00000000fde00000, 0x00000000fde00000| Complete 
|  31|0x00000000fdf00000, 0x00000000fe000000, 0x00000000fe000000|100%| S|CS|TAMS 0x00000000fdf00000, 0x00000000fdf00000| Complete 
|  32|0x00000000fe000000, 0x00000000fe000000, 0x00000000fe100000|  0%| F|  |TAMS 0x00000000fe000000, 0x00000000fe000000| Untracked 
|  33|0x00000000fe100000, 0x00000000fe100000, 0x00000000fe200000|  0%| F|  |TAMS 0x00000000fe100000, 0x00000000fe100000| Untracked 
|  34|0x00000000fe200000, 0x00000000fe200000, 0x00000000fe300000|  0%| F|  |TAMS 0x00000000fe200000, 0x00000000fe200000| Untracked 
|  35|0x00000000fe300000, 0x00000000fe300000, 0x00000000fe400000|  0%| F|  |TAMS 0x00000000fe300000, 0x00000000fe300000| Untracked 
|  36|0x00000000fe400000, 0x00000000fe400000, 0x00000000fe500000|  0%| F|  |TAMS 0x00000000fe400000, 0x00000000fe400000| Untracked 
|  37|0x00000000fe500000, 0x00000000fe500000, 0x00000000fe600000|  0%| F|  |TAMS 0x00000000fe500000, 0x00000000fe500000| Untracked 
|  38|0x00000000fe600000, 0x00000000fe600000, 0x00000000fe700000|  0%| F|  |TAMS 0x00000000fe600000, 0x00000000fe600000| Untracked 
|  39|0x00000000fe700000, 0x00000000fe700000, 0x00000000fe800000|  0%| F|  |TAMS 0x00000000fe700000, 0x00000000fe700000| Untracked 
|  40|0x00000000fe800000, 0x00000000fe800000, 0x00000000fe900000|  0%| F|  |TAMS 0x00000000fe800000, 0x00000000fe800000| Untracked 
|  41|0x00000000fe900000, 0x00000000fe900000, 0x00000000fea00000|  0%| F|  |TAMS 0x00000000fe900000, 0x00000000fe900000| Untracked 
|  42|0x00000000fea00000, 0x00000000fea00000, 0x00000000feb00000|  0%| F|  |TAMS 0x00000000fea00000, 0x00000000fea00000| Untracked 
|  43|0x00000000feb00000, 0x00000000feb00000, 0x00000000fec00000|  0%| F|  |TAMS 0x00000000feb00000, 0x00000000feb00000| Untracked 
|  44|0x00000000fec00000, 0x00000000fec00000, 0x00000000fed00000|  0%| F|  |TAMS 0x00000000fec00000, 0x00000000fec00000| Untracked 
|  45|0x00000000fed00000, 0x00000000fed00000, 0x00000000fee00000|  0%| F|  |TAMS 0x00000000fed00000, 0x00000000fed00000| Untracked 
|  46|0x00000000fee00000, 0x00000000fee00000, 0x00000000fef00000|  0%| F|  |TAMS 0x00000000fee00000, 0x00000000fee00000| Untracked 
|  47|0x00000000fef00000, 0x00000000fef00000, 0x00000000ff000000|  0%| F|  |TAMS 0x00000000fef00000, 0x00000000fef00000| Untracked 
|  48|0x00000000ff000000, 0x00000000ff000000, 0x00000000ff100000|  0%| F|  |TAMS 0x00000000ff000000, 0x00000000ff000000| Untracked 
|  49|0x00000000ff100000, 0x00000000ff100000, 0x00000000ff200000|  0%| F|  |TAMS 0x00000000ff100000, 0x00000000ff100000| Untracked 
|  50|0x00000000ff200000, 0x00000000ff200000, 0x00000000ff300000|  0%| F|  |TAMS 0x00000000ff200000, 0x00000000ff200000| Untracked 
|  51|0x00000000ff300000, 0x00000000ff300000, 0x00000000ff400000|  0%| F|  |TAMS 0x00000000ff300000, 0x00000000ff300000| Untracked 
|  52|0x00000000ff400000, 0x00000000ff400000, 0x00000000ff500000|  0%| F|  |TAMS 0x00000000ff400000, 0x00000000ff400000| Untracked 
|  53|0x00000000ff500000, 0x00000000ff500000, 0x00000000ff600000|  0%| F|  |TAMS 0x00000000ff500000, 0x00000000ff500000| Untracked 
|  54|0x00000000ff600000, 0x00000000ff600000, 0x00000000ff700000|  0%| F|  |TAMS 0x00000000ff600000, 0x00000000ff600000| Untracked 
|  55|0x00000000ff700000, 0x00000000ff700000, 0x00000000ff800000|  0%| F|  |TAMS 0x00000000ff700000, 0x00000000ff700000| Untracked 
|  56|0x00000000ff800000, 0x00000000ff800000, 0x00000000ff900000|  0%| F|  |TAMS 0x00000000ff800000, 0x00000000ff800000| Untracked 
|  57|0x00000000ff900000, 0x00000000ff900000, 0x00000000ffa00000|  0%| F|  |TAMS 0x00000000ff900000, 0x00000000ff900000| Untracked 
|  58|0x00000000ffa00000, 0x00000000ffa00000, 0x00000000ffb00000|  0%| F|  |TAMS 0x00000000ffa00000, 0x00000000ffa00000| Untracked 
|  59|0x00000000ffb00000, 0x00000000ffc00000, 0x00000000ffc00000|100%| E|  |TAMS 0x00000000ffb00000, 0x00000000ffb00000| Complete 
|  60|0x00000000ffc00000, 0x00000000ffd00000, 0x00000000ffd00000|100%| E|CS|TAMS 0x00000000ffc00000, 0x00000000ffc00000| Complete 
|  61|0x00000000ffd00000, 0x00000000ffe00000, 0x00000000ffe00000|100%| E|CS|TAMS 0x00000000ffd00000, 0x00000000ffd00000| Complete 
|  62|0x00000000ffe00000, 0x00000000fff00000, 0x00000000fff00000|100%| E|CS|TAMS 0x00000000ffe00000, 0x00000000ffe00000| Complete 
|  63|0x00000000fff00000, 0x0000000100000000, 0x0000000100000000|100%| E|CS|TAMS 0x00000000fff00000, 0x00000000fff00000| Complete 

Card table byte_map: [0x000001dc5dd00000,0x000001dc5dd20000] _byte_map_base: 0x000001dc5d520000

Marking Bits (Prev, Next): (CMBitMap*) 0x000001dc5fd4de70, (CMBitMap*) 0x000001dc5fd4deb0
 Prev Bits: [0x000001dc76bb0000, 0x000001dc76cb0000)
 Next Bits: [0x000001dc76cb0000, 0x000001dc76db0000)

Polling page: 0x000001dc5dcb0000

Metaspace:

Usage:
  Non-class:      7.63 MB used.
      Class:      1.20 MB used.
       Both:      8.83 MB used.

Virtual space:
  Non-class space:       64.00 MB reserved,       7.75 MB ( 12%) committed,  1 nodes.
      Class space:        1.00 GB reserved,       1.31 MB ( <1%) committed,  1 nodes.
             Both:        1.06 GB reserved,       9.06 MB ( <1%) committed. 

Chunk freelists:
   Non-Class:  7.84 MB
       Class:  14.51 MB
        Both:  22.36 MB

MaxMetaspaceSize: unlimited
CompressedClassSpaceSize: 1.00 GB
Initial GC threshold: 21.00 MB
Current GC threshold: 21.00 MB
CDS: on
MetaspaceReclaimPolicy: balanced
 - commit_granule_bytes: 65536.
 - commit_granule_words: 8192.
 - virtual_space_node_default_size: 8388608.
 - enlarge_chunks_in_place: 1.
 - new_chunks_are_fully_committed: 0.
 - uncommit_free_chunks: 1.
 - use_allocation_guard: 0.
 - handle_deallocations: 1.


Internal statistics:

num_allocs_failed_limit: 0.
num_arena_births: 78.
num_arena_deaths: 0.
num_vsnodes_births: 2.
num_vsnodes_deaths: 0.
num_space_committed: 145.
num_space_uncommitted: 0.
num_chunks_returned_to_freelist: 0.
num_chunks_taken_from_freelist: 331.
num_chunk_merges: 0.
num_chunk_splits: 217.
num_chunks_enlarged: 178.
num_inconsistent_stats: 0.

CodeHeap 'non-profiled nmethods': size=120000Kb used=706Kb max_used=706Kb free=119293Kb
 bounds [0x000001dc6f350000, 0x000001dc6f5c0000, 0x000001dc76880000]
CodeHeap 'profiled nmethods': size=120000Kb used=2835Kb max_used=2835Kb free=117164Kb
 bounds [0x000001dc67880000, 0x000001dc67b50000, 0x000001dc6edb0000]
CodeHeap 'non-nmethods': size=5760Kb used=1170Kb max_used=1189Kb free=4589Kb
 bounds [0x000001dc6edb0000, 0x000001dc6f020000, 0x000001dc6f350000]
 total_blobs=2039 nmethods=1573 adapters=379
 compilation: enabled
              stopped_count=0, restarted_count=0
 full_count=0

Compilation events (20 events):
Event: 24.117 Thread 0x000001dc79760520 nmethod 1564 0x000001dc67b3f990 code [0x000001dc67b3fb20, 0x000001dc67b3fc78]
Event: 24.918 Thread 0x000001dc79760520 1565       3       java.util.LinkedHashMap::values (25 bytes)
Event: 24.925 Thread 0x000001dc79760520 nmethod 1565 0x000001dc67b3fd10 code [0x000001dc67b3fec0, 0x000001dc67b40238]
Event: 25.120 Thread 0x000001dc79760520 1566       3       java.util.LinkedHashMap$LinkedValues::iterator (12 bytes)
Event: 25.120 Thread 0x000001dc79760520 nmethod 1566 0x000001dc67b40390 code [0x000001dc67b40540, 0x000001dc67b408f8]
Event: 25.120 Thread 0x000001dc79760520 1567       3       java.util.LinkedHashMap$LinkedValueIterator::<init> (11 bytes)
Event: 25.121 Thread 0x000001dc79760520 nmethod 1567 0x000001dc67b40a10 code [0x000001dc67b40bc0, 0x000001dc67b40ed8]
Event: 25.451 Thread 0x000001dc79760520 1568       3       java.util.concurrent.ScheduledThreadPoolExecutor$ScheduledFutureTask::isPeriodic (15 bytes)
Event: 25.451 Thread 0x000001dc79760520 nmethod 1568 0x000001dc67b41010 code [0x000001dc67b411a0, 0x000001dc67b41318]
Event: 25.547 Thread 0x000001dc7975fa70 1569       4       java.util.LinkedHashMap$LinkedHashIterator::nextNode (54 bytes)
Event: 25.554 Thread 0x000001dc7975fa70 nmethod 1569 0x000001dc6f400190 code [0x000001dc6f400300, 0x000001dc6f400578]
Event: 25.779 Thread 0x000001dc79760520 1570       3       com.esotericsoftware.kryo.io.Input::readUtf8 (90 bytes)
Event: 25.780 Thread 0x000001dc79760520 nmethod 1570 0x000001dc67b41390 code [0x000001dc67b41560, 0x000001dc67b41958]
Event: 25.780 Thread 0x000001dc79760520 1571       3       org.gradle.internal.operations.OperationIdentifier::<init> (26 bytes)
Event: 25.780 Thread 0x000001dc79760520 nmethod 1571 0x000001dc67b41b90 code [0x000001dc67b41d40, 0x000001dc67b41fa8]
Event: 25.780 Thread 0x000001dc79760520 1572   !   3       org.gradle.internal.serialize.kryo.KryoBackedDecoder::readSmallLong (16 bytes)
Event: 25.781 Thread 0x000001dc79760520 nmethod 1572 0x000001dc67b42090 code [0x000001dc67b422a0, 0x000001dc67b42908]
Event: 25.854 Thread 0x000001dc79760520 1573       3       org.gradle.internal.logging.console.AbstractUserInputRenderer::onOutput (111 bytes)
Event: 25.859 Thread 0x000001dc79760520 nmethod 1573 0x000001dc67b42b90 code [0x000001dc67b42ee0, 0x000001dc67b448d8]
Event: 25.859 Thread 0x000001dc79760520 1574       3       org.gradle.internal.logging.console.BuildStatusRenderer::onOutput (350 bytes)

GC Heap History (4 events):
Event: 2.083 GC heap before
{Heap before GC invocations=0 (full 0):
 garbage-first heap   total 65536K, used 23552K [0x00000000fc000000, 0x0000000100000000)
  region size 1024K, 23 young (23552K), 0 survivors (0K)
 Metaspace       used 1720K, committed 1856K, reserved 1114112K
  class space    used 160K, committed 192K, reserved 1048576K
}
Event: 2.093 GC heap after
{Heap after GC invocations=1 (full 0):
 garbage-first heap   total 65536K, used 1792K [0x00000000fc000000, 0x0000000100000000)
  region size 1024K, 2 young (2048K), 2 survivors (2048K)
 Metaspace       used 1720K, committed 1856K, reserved 1114112K
  class space    used 160K, committed 192K, reserved 1048576K
}
Event: 5.747 GC heap before
{Heap before GC invocations=1 (full 0):
 garbage-first heap   total 65536K, used 34560K [0x00000000fc000000, 0x0000000100000000)
  region size 1024K, 32 young (32768K), 2 survivors (2048K)
 Metaspace       used 7674K, committed 7936K, reserved 1114112K
  class space    used 1051K, committed 1152K, reserved 1048576K
}
Event: 5.759 GC heap after
{Heap after GC invocations=2 (full 0):
 garbage-first heap   total 65536K, used 11350K [0x00000000fc000000, 0x0000000100000000)
  region size 1024K, 4 young (4096K), 4 survivors (4096K)
 Metaspace       used 7674K, committed 7936K, reserved 1114112K
  class space    used 1051K, committed 1152K, reserved 1048576K
}

Dll operation events (13 events):
Event: 0.038 Loaded shared library C:\Program Files\Eclipse Adoptium\jdk-17.0.15.6-hotspot\bin\java.dll
Event: 0.108 Loaded shared library C:\Program Files\Eclipse Adoptium\jdk-17.0.15.6-hotspot\bin\jsvml.dll
Event: 0.251 Loaded shared library C:\Program Files\Eclipse Adoptium\jdk-17.0.15.6-hotspot\bin\net.dll
Event: 0.264 Loaded shared library C:\Program Files\Eclipse Adoptium\jdk-17.0.15.6-hotspot\bin\nio.dll
Event: 0.277 Loaded shared library C:\Program Files\Eclipse Adoptium\jdk-17.0.15.6-hotspot\bin\zip.dll
Event: 0.298 Loaded shared library C:\Program Files\Eclipse Adoptium\jdk-17.0.15.6-hotspot\bin\verify.dll
Event: 2.037 Loaded shared library C:\Program Files\Eclipse Adoptium\jdk-17.0.15.6-hotspot\bin\jimage.dll
Event: 3.690 Loaded shared library C:\Program Files\Eclipse Adoptium\jdk-17.0.15.6-hotspot\bin\management.dll
Event: 3.702 Loaded shared library C:\Program Files\Eclipse Adoptium\jdk-17.0.15.6-hotspot\bin\management_ext.dll
Event: 3.897 Loaded shared library C:\Users\cainh\.gradle\native\1def1411415f61bf3af743bc5b6707747c0891f09f0c88961ee8f79bc544acac\windows-amd64\native-platform.dll
Event: 4.033 Loaded shared library C:\Users\cainh\.gradle\native\jansi\1.18\windows64\jansi.dll
Event: 5.100 Loaded shared library C:\Program Files\Eclipse Adoptium\jdk-17.0.15.6-hotspot\bin\extnet.dll
Event: 6.004 Loaded shared library C:\Program Files\Eclipse Adoptium\jdk-17.0.15.6-hotspot\bin\sunmscapi.dll

Deoptimization events (20 events):
Event: 6.026 Thread 0x000001dc5db4e980 Uncommon trap: trap_request=0xffffffde fr.pc=0x000001dc6f3e2fdc relative=0x00000000000008bc
Event: 6.026 Thread 0x000001dc5db4e980 Uncommon trap: reason=class_check action=maybe_recompile pc=0x000001dc6f3e2fdc method=java.util.HashMap.putVal(ILjava/lang/Object;Ljava/lang/Object;ZZ)Ljava/lang/Object; @ 203 c2
Event: 6.026 Thread 0x000001dc5db4e980 DEOPT PACKING pc=0x000001dc6f3e2fdc sp=0x00000070199fa190
Event: 6.026 Thread 0x000001dc5db4e980 DEOPT UNPACKING pc=0x000001dc6ee069a3 sp=0x00000070199fa0b8 mode 2
Event: 6.027 Thread 0x000001dc5db4e980 Uncommon trap: trap_request=0xffffffde fr.pc=0x000001dc6f3e2fdc relative=0x00000000000008bc
Event: 6.027 Thread 0x000001dc5db4e980 Uncommon trap: reason=class_check action=maybe_recompile pc=0x000001dc6f3e2fdc method=java.util.HashMap.putVal(ILjava/lang/Object;Ljava/lang/Object;ZZ)Ljava/lang/Object; @ 203 c2
Event: 6.027 Thread 0x000001dc5db4e980 DEOPT PACKING pc=0x000001dc6f3e2fdc sp=0x00000070199fa190
Event: 6.027 Thread 0x000001dc5db4e980 DEOPT UNPACKING pc=0x000001dc6ee069a3 sp=0x00000070199fa0b8 mode 2
Event: 6.075 Thread 0x000001dc5db4e980 Uncommon trap: trap_request=0xffffffde fr.pc=0x000001dc6f390c74 relative=0x0000000000000074
Event: 6.075 Thread 0x000001dc5db4e980 Uncommon trap: reason=class_check action=maybe_recompile pc=0x000001dc6f390c74 method=java.util.AbstractList$Itr.hasNext()Z @ 8 c2
Event: 6.075 Thread 0x000001dc5db4e980 DEOPT PACKING pc=0x000001dc6f390c74 sp=0x00000070199fbfa0
Event: 6.075 Thread 0x000001dc5db4e980 DEOPT UNPACKING pc=0x000001dc6ee069a3 sp=0x00000070199fbf38 mode 2
Event: 6.113 Thread 0x000001dc5db4e980 Uncommon trap: trap_request=0xffffff45 fr.pc=0x000001dc6f3e9054 relative=0x0000000000000474
Event: 6.113 Thread 0x000001dc5db4e980 Uncommon trap: reason=unstable_if action=reinterpret pc=0x000001dc6f3e9054 method=java.lang.invoke.VarForm.getMemberName(I)Ljava/lang/invoke/MemberName; @ 8 c2
Event: 6.113 Thread 0x000001dc5db4e980 DEOPT PACKING pc=0x000001dc6f3e9054 sp=0x00000070199fcdf0
Event: 6.113 Thread 0x000001dc5db4e980 DEOPT UNPACKING pc=0x000001dc6ee069a3 sp=0x00000070199fcd50 mode 2
Event: 6.126 Thread 0x000001dc7e7bc870 Uncommon trap: trap_request=0xffffffde fr.pc=0x000001dc6f390c74 relative=0x0000000000000074
Event: 6.126 Thread 0x000001dc7e7bc870 Uncommon trap: reason=class_check action=maybe_recompile pc=0x000001dc6f390c74 method=java.util.AbstractList$Itr.hasNext()Z @ 8 c2
Event: 6.126 Thread 0x000001dc7e7bc870 DEOPT PACKING pc=0x000001dc6f390c74 sp=0x000000701affecc0
Event: 6.126 Thread 0x000001dc7e7bc870 DEOPT UNPACKING pc=0x000001dc6ee069a3 sp=0x000000701affec58 mode 2

Classes loaded (20 events):
Event: 6.106 Loading class sun/nio/ch/SinkChannelImpl
Event: 6.107 Loading class java/nio/channels/Pipe$SinkChannel
Event: 6.107 Loading class java/nio/channels/Pipe$SinkChannel done
Event: 6.107 Loading class sun/nio/ch/SinkChannelImpl done
Event: 6.110 Loading class sun/nio/ch/SelectionKeyImpl
Event: 6.110 Loading class java/nio/channels/spi/AbstractSelectionKey
Event: 6.110 Loading class java/nio/channels/SelectionKey
Event: 6.111 Loading class java/nio/channels/SelectionKey done
Event: 6.111 Loading class java/nio/channels/spi/AbstractSelectionKey done
Event: 6.111 Loading class sun/nio/ch/SelectionKeyImpl done
Event: 6.111 Loading class java/lang/invoke/ConstantBootstraps
Event: 6.112 Loading class java/lang/invoke/ConstantBootstraps done
Event: 6.125 Loading class java/util/AbstractList$ListItr
Event: 6.125 Loading class java/util/AbstractList$ListItr done
Event: 6.157 Loading class jdk/internal/misc/ScopedMemoryAccess$Scope
Event: 6.157 Loading class jdk/internal/misc/ScopedMemoryAccess$Scope done
Event: 6.188 Loading class java/nio/channels/spi/AbstractSelector$1
Event: 6.188 Loading class java/nio/channels/spi/AbstractSelector$1 done
Event: 6.378 Loading class java/util/concurrent/Executors$FinalizableDelegatedExecutorService
Event: 6.378 Loading class java/util/concurrent/Executors$FinalizableDelegatedExecutorService done

Classes unloaded (0 events):
No events

Classes redefined (0 events):
No events

Internal exceptions (20 events):
Event: 3.683 Thread 0x000001dc5db4e980 Exception <a 'java/lang/NoSuchMethodError'{0x00000000ff18edc0}: 'java.lang.Object java.lang.invoke.DirectMethodHandle$Holder.invokeStaticInit(java.lang.Object)'> (0x00000000ff18edc0) 
thrown [s\src\hotspot\share\interpreter\linkResolver.cpp, line 759]
Event: 3.729 Thread 0x000001dc5db4e980 Exception <a 'java/lang/NoSuchMethodError'{0x00000000ff1a9af0}: 'int java.lang.invoke.DirectMethodHandle$Holder.invokeSpecial(java.lang.Object, java.lang.Object, java.lang.Object)'> (0x00000000ff1a9af0) 
thrown [s\src\hotspot\share\interpreter\linkResolver.cpp, line 759]
Event: 3.750 Thread 0x000001dc5db4e980 Exception <a 'java/lang/NoSuchMethodError'{0x00000000ff1e6720}: 'void java.lang.invoke.DirectMethodHandle$Holder.invokeStatic(java.lang.Object, java.lang.Object)'> (0x00000000ff1e6720) 
thrown [s\src\hotspot\share\interpreter\linkResolver.cpp, line 759]
Event: 3.754 Thread 0x000001dc5db4e980 Implicit null exception at 0x000001dc6f3b678a to 0x000001dc6f3b6cd8
Event: 3.754 Thread 0x000001dc5db4e980 Implicit null exception at 0x000001dc6f39510f to 0x000001dc6f395658
Event: 3.754 Thread 0x000001dc5db4e980 Implicit null exception at 0x000001dc6f38c50f to 0x000001dc6f38c589
Event: 3.810 Thread 0x000001dc5db4e980 Exception <a 'java/lang/NoClassDefFoundError'{0x00000000ff061610}: org/slf4j/impl/StaticMarkerBinder> (0x00000000ff061610) 
thrown [s\src\hotspot\share\classfile\systemDictionary.cpp, line 245]
Event: 3.930 Thread 0x000001dc5db4e980 Exception <a 'java/lang/NoSuchMethodError'{0x00000000fef86458}: 'java.lang.Object java.lang.invoke.Invokers$Holder.invoker(java.lang.Object, java.lang.Object, java.lang.Object)'> (0x00000000fef86458) 
thrown [s\src\hotspot\share\interpreter\linkResolver.cpp, line 759]
Event: 3.933 Thread 0x000001dc5db4e980 Exception <a 'java/lang/NoSuchMethodError'{0x00000000fef8f5b0}: 'java.lang.Object java.lang.invoke.DirectMethodHandle$Holder.invokeStatic(java.lang.Object, java.lang.Object, int)'> (0x00000000fef8f5b0) 
thrown [s\src\hotspot\share\interpreter\linkResolver.cpp, line 759]
Event: 3.936 Thread 0x000001dc5db4e980 Exception <a 'java/lang/NoSuchMethodError'{0x00000000fef9b2a0}: 'void java.lang.invoke.DelegatingMethodHandle$Holder.delegate(java.lang.Object, java.lang.Object, int, java.lang.Object)'> (0x00000000fef9b2a0) 
thrown [s\src\hotspot\share\interpreter\linkResolver.cpp, line 759]
Event: 3.944 Thread 0x000001dc5db4e980 Exception <a 'java/lang/NoSuchMethodError'{0x00000000fefae8e8}: 'java.lang.Object java.lang.invoke.Invokers$Holder.invokeExact_MT(java.lang.Object, java.lang.Object, java.lang.Object, java.lang.Object)'> (0x00000000fefae8e8) 
thrown [s\src\hotspot\share\interpreter\linkResolver.cpp, line 759]
Event: 3.966 Thread 0x000001dc5db4e980 Exception <a 'java/lang/NoSuchMethodError'{0x00000000fefd8588}: 'java.lang.Object java.lang.invoke.DirectMethodHandle$Holder.invokeVirtual(java.lang.Object, java.lang.Object, java.lang.Object)'> (0x00000000fefd8588) 
thrown [s\src\hotspot\share\interpreter\linkResolver.cpp, line 759]
Event: 4.299 Thread 0x000001dc5db4e980 Exception <a 'java/lang/NoSuchMethodError'{0x00000000febdef78}: 'java.lang.Object java.lang.invoke.DirectMethodHandle$Holder.newInvokeSpecial(java.lang.Object, java.lang.Object, java.lang.Object, java.lang.Object, java.lang.Object)'> (0x00000000febdef78) 
thrown [s\src\hotspot\share\interpreter\linkResolver.cpp, line 759]
Event: 4.401 Thread 0x000001dc5db4e980 Exception <a 'java/lang/NoSuchMethodError'{0x00000000fe9ae9a8}: 'void java.lang.invoke.DirectMethodHandle$Holder.invokeSpecial(java.lang.Object, java.lang.Object, java.lang.Object)'> (0x00000000fe9ae9a8) 
thrown [s\src\hotspot\share\interpreter\linkResolver.cpp, line 759]
Event: 5.109 Thread 0x000001dc5db4e980 Exception <a 'java/lang/NoSuchMethodError'{0x00000000fe5d5158}: 'void java.lang.invoke.DirectMethodHandle$Holder.invokeStatic(java.lang.Object, java.lang.Object, java.lang.Object)'> (0x00000000fe5d5158) 
thrown [s\src\hotspot\share\interpreter\linkResolver.cpp, line 759]
Event: 5.357 Thread 0x000001dc5db4e980 Exception <a 'java/lang/NoSuchMethodError'{0x00000000fe2709d0}: 'java.lang.Object java.lang.invoke.DirectMethodHandle$Holder.newInvokeSpecial(java.lang.Object, java.lang.Object, java.lang.Object, java.lang.Object, java.lang.Object, java.lang.Object, java.lang.Object, java.lang.Object, java.lang.Object, java.lang.Object, java.lang.Object, java.lang.Object, java.lang.Object, java.lang.Object, java.lang.Object, java.lang.Object, java.lang.Object, java.lang.Object, java.lang.Object, java.lang.Object, java.lang
Event: 5.360 Thread 0x000001dc5db4e980 Exception <a 'java/lang/NoSuchMethodError'{0x00000000fe27cfd8}: 'java.lang.Object java.lang.invoke.Invokers$Holder.linkToTargetMethod(java.lang.Object, java.lang.Object, java.lang.Object, java.lang.Object, java.lang.Object, java.lang.Object, java.lang.Object, java.lang.Object, java.lang.Object, java.lang.Object, java.lang.Object, java.lang.Object, java.lang.Object, java.lang.Object, java.lang.Object, java.lang.Object, java.lang.Object, java.lang.Object, java.lang.Object, java.lang.Object, java.lang.Object,
Event: 5.574 Thread 0x000001dc5db4e980 Exception <a 'java/lang/NoSuchMethodError'{0x00000000fe0dff50}: 'java.lang.Object java.lang.invoke.DirectMethodHandle$Holder.invokeStaticInit(java.lang.Object, int, int, int, int)'> (0x00000000fe0dff50) 
thrown [s\src\hotspot\share\interpreter\linkResolver.cpp, line 759]
Event: 5.849 Thread 0x000001dc5db4e980 Exception <a 'java/lang/NoSuchMethodError'{0x00000000ffe0b7b8}: 'java.lang.Object java.lang.invoke.DirectMethodHandle$Holder.invokeStaticInit(java.lang.Object, java.lang.Object, int, int, int, int)'> (0x00000000ffe0b7b8) 
thrown [s\src\hotspot\share\interpreter\linkResolver.cpp, line 759]
Event: 5.919 Thread 0x000001dc5db4e980 Implicit null exception at 0x000001dc6f3a1572 to 0x000001dc6f3a1b40

VM Operations (20 events):
Event: 7.383 Executing VM operation: Cleanup
Event: 7.383 Executing VM operation: Cleanup done
Event: 10.483 Executing VM operation: Cleanup
Event: 10.483 Executing VM operation: Cleanup done
Event: 11.496 Executing VM operation: Cleanup
Event: 11.496 Executing VM operation: Cleanup done
Event: 13.518 Executing VM operation: Cleanup
Event: 13.518 Executing VM operation: Cleanup done
Event: 14.552 Executing VM operation: Cleanup
Event: 14.552 Executing VM operation: Cleanup done
Event: 17.589 Executing VM operation: Cleanup
Event: 17.589 Executing VM operation: Cleanup done
Event: 20.608 Executing VM operation: Cleanup
Event: 20.608 Executing VM operation: Cleanup done
Event: 21.616 Executing VM operation: Cleanup
Event: 21.616 Executing VM operation: Cleanup done
Event: 22.631 Executing VM operation: Cleanup
Event: 22.631 Executing VM operation: Cleanup done
Event: 23.645 Executing VM operation: Cleanup
Event: 23.646 Executing VM operation: Cleanup done

Memory protections (0 events):
No events

Nmethod flushes (0 events):
No events

Events (13 events):
Event: 0.108 Thread 0x000001dc5db4e980 Thread added: 0x000001dc5db4e980
Event: 0.116 Thread 0x000001dc5db4e980 Thread added: 0x000001dc5fdd5680
Event: 0.116 Thread 0x000001dc5db4e980 Thread added: 0x000001dc5fdd6500
Event: 0.153 Thread 0x000001dc5db4e980 Thread added: 0x000001dc7975af30
Event: 0.154 Thread 0x000001dc5db4e980 Thread added: 0x000001dc7975da00
Event: 0.155 Thread 0x000001dc5db4e980 Thread added: 0x000001dc7975e3c0
Event: 0.155 Thread 0x000001dc5db4e980 Thread added: 0x000001dc7975ed80
Event: 0.156 Thread 0x000001dc5db4e980 Thread added: 0x000001dc7975fa70
Event: 0.157 Thread 0x000001dc5db4e980 Thread added: 0x000001dc79760520
Event: 0.158 Thread 0x000001dc5db4e980 Thread added: 0x000001dc79764f40
Event: 0.216 Thread 0x000001dc5db4e980 Thread added: 0x000001dc799c4d60
Event: 0.232 Thread 0x000001dc5db4e980 Thread added: 0x000001dc799c84d0
Event: 4.111 Thread 0x000001dc5db4e980 Thread added: 0x000001dc7e7bc870


Dynamic libraries:
0x00007ff7cc030000 - 0x00007ff7cc03e000 	C:\Program Files\Eclipse Adoptium\jdk-17.0.15.6-hotspot\bin\java.exe
0x00007ffac3650000 - 0x00007ffac3867000 	C:\WINDOWS\SYSTEM32\ntdll.dll
0x00007ffac1d60000 - 0x00007ffac1e24000 	C:\WINDOWS\System32\KERNEL32.DLL
0x00007ffac0b20000 - 0x00007ffac0ef2000 	C:\WINDOWS\System32\KERNELBASE.dll
0x00007ffac0810000 - 0x00007ffac0921000 	C:\WINDOWS\System32\ucrtbase.dll
0x00007ffaa1540000 - 0x00007ffaa155e000 	C:\Program Files\Eclipse Adoptium\jdk-17.0.15.6-hotspot\bin\VCRUNTIME140.dll
0x00007ffa9c720000 - 0x00007ffa9c737000 	C:\Program Files\Eclipse Adoptium\jdk-17.0.15.6-hotspot\bin\jli.dll
0x00007ffac2fa0000 - 0x00007ffac3151000 	C:\WINDOWS\System32\USER32.dll
0x00007ffac07e0000 - 0x00007ffac0806000 	C:\WINDOWS\System32\win32u.dll
0x00007ffaaf0c0000 - 0x00007ffaaf35b000 	C:\WINDOWS\WinSxS\amd64_microsoft.windows.common-controls_6595b64144ccf1df_6.0.22621.5547_none_27104afb73855772\COMCTL32.dll
0x00007ffac2ef0000 - 0x00007ffac2f97000 	C:\WINDOWS\System32\msvcrt.dll
0x00007ffac1500000 - 0x00007ffac1529000 	C:\WINDOWS\System32\GDI32.dll
0x00007ffac0f00000 - 0x00007ffac1023000 	C:\WINDOWS\System32\gdi32full.dll
0x00007ffac0740000 - 0x00007ffac07da000 	C:\WINDOWS\System32\msvcp_win.dll
0x00007ffac1440000 - 0x00007ffac1471000 	C:\WINDOWS\System32\IMM32.DLL
0x00007ffaa8960000 - 0x00007ffaa896c000 	C:\Program Files\Eclipse Adoptium\jdk-17.0.15.6-hotspot\bin\vcruntime140_1.dll
0x00007ffa81f70000 - 0x00007ffa81ffd000 	C:\Program Files\Eclipse Adoptium\jdk-17.0.15.6-hotspot\bin\msvcp140.dll
0x00007ffa35cb0000 - 0x00007ffa3691b000 	C:\Program Files\Eclipse Adoptium\jdk-17.0.15.6-hotspot\bin\server\jvm.dll
0x00007ffac3430000 - 0x00007ffac34e1000 	C:\WINDOWS\System32\ADVAPI32.dll
0x00007ffac1390000 - 0x00007ffac1438000 	C:\WINDOWS\System32\sechost.dll
0x00007ffac0af0000 - 0x00007ffac0b18000 	C:\WINDOWS\System32\bcrypt.dll
0x00007ffac34f0000 - 0x00007ffac3604000 	C:\WINDOWS\System32\RPCRT4.dll
0x00007ffac33b0000 - 0x00007ffac3421000 	C:\WINDOWS\System32\WS2_32.dll
0x00007ffab7af0000 - 0x00007ffab7afa000 	C:\WINDOWS\SYSTEM32\VERSION.dll
0x00007ffabb7e0000 - 0x00007ffabb814000 	C:\WINDOWS\SYSTEM32\WINMM.dll
0x00007ffac0610000 - 0x00007ffac065d000 	C:\WINDOWS\SYSTEM32\POWRPROF.dll
0x00007ffac05f0000 - 0x00007ffac0603000 	C:\WINDOWS\SYSTEM32\UMPDC.dll
0x00007ffabf730000 - 0x00007ffabf748000 	C:\WINDOWS\SYSTEM32\kernel.appcore.dll
0x00007ffaa8840000 - 0x00007ffaa884a000 	C:\Program Files\Eclipse Adoptium\jdk-17.0.15.6-hotspot\bin\jimage.dll
0x00007ffabdec0000 - 0x00007ffabe0f3000 	C:\WINDOWS\SYSTEM32\DBGHELP.DLL
0x00007ffac18e0000 - 0x00007ffac1c73000 	C:\WINDOWS\System32\combase.dll
0x00007ffac1c80000 - 0x00007ffac1d57000 	C:\WINDOWS\System32\OLEAUT32.dll
0x00007ffab9270000 - 0x00007ffab92a2000 	C:\WINDOWS\SYSTEM32\dbgcore.DLL
0x00007ffac0a70000 - 0x00007ffac0aeb000 	C:\WINDOWS\System32\bcryptPrimitives.dll
0x00007ffa81f40000 - 0x00007ffa81f65000 	C:\Program Files\Eclipse Adoptium\jdk-17.0.15.6-hotspot\bin\java.dll
0x00007ffa6ae00000 - 0x00007ffa6aed7000 	C:\Program Files\Eclipse Adoptium\jdk-17.0.15.6-hotspot\bin\jsvml.dll
0x00007ffac1e50000 - 0x00007ffac26f2000 	C:\WINDOWS\System32\SHELL32.dll
0x00007ffac0930000 - 0x00007ffac0a6f000 	C:\WINDOWS\System32\wintypes.dll
0x00007ffabe620000 - 0x00007ffabef3d000 	C:\WINDOWS\SYSTEM32\windows.storage.dll
0x00007ffac31f0000 - 0x00007ffac32fc000 	C:\WINDOWS\System32\SHCORE.dll
0x00007ffac1710000 - 0x00007ffac1779000 	C:\WINDOWS\System32\shlwapi.dll
0x00007ffac0670000 - 0x00007ffac069b000 	C:\WINDOWS\SYSTEM32\profapi.dll
0x00007ffa93da0000 - 0x00007ffa93db9000 	C:\Program Files\Eclipse Adoptium\jdk-17.0.15.6-hotspot\bin\net.dll
0x00007ffabb820000 - 0x00007ffabb94c000 	C:\WINDOWS\SYSTEM32\WINHTTP.dll
0x00007ffabfbb0000 - 0x00007ffabfc19000 	C:\WINDOWS\system32\mswsock.dll
0x00007ffa92be0000 - 0x00007ffa92bf6000 	C:\Program Files\Eclipse Adoptium\jdk-17.0.15.6-hotspot\bin\nio.dll
0x00007ffa92930000 - 0x00007ffa92948000 	C:\Program Files\Eclipse Adoptium\jdk-17.0.15.6-hotspot\bin\zip.dll
0x00007ffaa7cc0000 - 0x00007ffaa7cd0000 	C:\Program Files\Eclipse Adoptium\jdk-17.0.15.6-hotspot\bin\verify.dll
0x00007ffaa70d0000 - 0x00007ffaa70da000 	C:\Program Files\Eclipse Adoptium\jdk-17.0.15.6-hotspot\bin\management.dll
0x00007ffaa6e50000 - 0x00007ffaa6e5b000 	C:\Program Files\Eclipse Adoptium\jdk-17.0.15.6-hotspot\bin\management_ext.dll
0x00007ffac33a0000 - 0x00007ffac33a8000 	C:\WINDOWS\System32\PSAPI.DLL
0x00007ffa81770000 - 0x00007ffa81797000 	C:\Users\cainh\.gradle\native\1def1411415f61bf3af743bc5b6707747c0891f09f0c88961ee8f79bc544acac\windows-amd64\native-platform.dll
0x00007ffaa6130000 - 0x00007ffaa613a000 	C:\Users\cainh\.gradle\native\jansi\1.18\windows64\jansi.dll
0x00007ffabf1a0000 - 0x00007ffabf1cd000 	C:\WINDOWS\SYSTEM32\IPHLPAPI.DLL
0x00007ffac2700000 - 0x00007ffac2709000 	C:\WINDOWS\System32\NSI.dll
0x00007ffabbe70000 - 0x00007ffabbe89000 	C:\WINDOWS\SYSTEM32\dhcpcsvc6.DLL
0x00007ffabb7c0000 - 0x00007ffabb7df000 	C:\WINDOWS\SYSTEM32\dhcpcsvc.DLL
0x00007ffabf210000 - 0x00007ffabf308000 	C:\WINDOWS\SYSTEM32\DNSAPI.dll
0x00007ffaa6860000 - 0x00007ffaa6869000 	C:\Program Files\Eclipse Adoptium\jdk-17.0.15.6-hotspot\bin\extnet.dll
0x00007ffabfdf0000 - 0x00007ffabfe0b000 	C:\WINDOWS\SYSTEM32\CRYPTSP.dll
0x00007ffabf690000 - 0x00007ffabf6c7000 	C:\WINDOWS\system32\rsaenh.dll
0x00007ffabfc70000 - 0x00007ffabfc98000 	C:\WINDOWS\SYSTEM32\USERENV.dll
0x00007ffabfde0000 - 0x00007ffabfdec000 	C:\WINDOWS\SYSTEM32\CRYPTBASE.dll
0x00007ffaa5f40000 - 0x00007ffaa5f4e000 	C:\Program Files\Eclipse Adoptium\jdk-17.0.15.6-hotspot\bin\sunmscapi.dll
0x00007ffac1170000 - 0x00007ffac12d7000 	C:\WINDOWS\System32\CRYPT32.dll
0x00007ffac0000000 - 0x00007ffac002d000 	C:\WINDOWS\SYSTEM32\ncrypt.dll
0x00007ffabffc0000 - 0x00007ffabfff7000 	C:\WINDOWS\SYSTEM32\NTASN1.dll
0x00007ffab35d0000 - 0x00007ffab35d8000 	C:\WINDOWS\system32\wshunix.dll

dbghelp: loaded successfully - version: 4.0.5 - missing functions: none
symbol engine: initialized successfully - sym options: 0x614 - pdb path: .;C:\Program Files\Eclipse Adoptium\jdk-17.0.15.6-hotspot\bin;C:\WINDOWS\SYSTEM32;C:\WINDOWS\WinSxS\amd64_microsoft.windows.common-controls_6595b64144ccf1df_6.0.22621.5547_none_27104afb73855772;C:\Program Files\Eclipse Adoptium\jdk-17.0.15.6-hotspot\bin\server;C:\Users\cainh\.gradle\native\1def1411415f61bf3af743bc5b6707747c0891f09f0c88961ee8f79bc544acac\windows-amd64;C:\Users\cainh\.gradle\native\jansi\1.18\windows64

VM Arguments:
jvm_args: -Xmx64m -Xms64m -Dorg.gradle.appname=gradlew 
java_command: C:\Users\cainh\Desktop\PI3-mais-autonomia\MaisAutonomia\android\\gradle\wrapper\gradle-wrapper.jar app:installDebug -PreactNativeDevServerPort=8081
java_class_path (initial): C:\Users\cainh\Desktop\PI3-mais-autonomia\MaisAutonomia\android\\gradle\wrapper\gradle-wrapper.jar
Launcher Type: SUN_STANDARD

[Global flags]
     intx CICompilerCount                          = 4                                         {product} {ergonomic}
     uint ConcGCThreads                            = 2                                         {product} {ergonomic}
     uint G1ConcRefinementThreads                  = 8                                         {product} {ergonomic}
   size_t G1HeapRegionSize                         = 1048576                                   {product} {ergonomic}
    uintx GCDrainStackTargetSize                   = 64                                        {product} {ergonomic}
   size_t InitialHeapSize                          = 67108864                                  {product} {command line}
   size_t MarkStackSize                            = 4194304                                   {product} {ergonomic}
   size_t MaxHeapSize                              = 67108864                                  {product} {command line}
   size_t MaxNewSize                               = 39845888                                  {product} {ergonomic}
   size_t MinHeapDeltaBytes                        = 1048576                                   {product} {ergonomic}
   size_t MinHeapSize                              = 67108864                                  {product} {command line}
    uintx NonNMethodCodeHeapSize                   = 5839372                                {pd product} {ergonomic}
    uintx NonProfiledCodeHeapSize                  = 122909434                              {pd product} {ergonomic}
    uintx ProfiledCodeHeapSize                     = 122909434                              {pd product} {ergonomic}
    uintx ReservedCodeCacheSize                    = 251658240                              {pd product} {ergonomic}
     bool SegmentedCodeCache                       = true                                      {product} {ergonomic}
   size_t SoftMaxHeapSize                          = 67108864                               {manageable} {ergonomic}
     bool UseCompressedClassPointers               = true                           {product lp64_product} {ergonomic}
     bool UseCompressedOops                        = true                           {product lp64_product} {ergonomic}
     bool UseG1GC                                  = true                                      {product} {ergonomic}
     bool UseLargePagesIndividualAllocation        = false                                  {pd product} {ergonomic}

Logging:
Log output configuration:
 #0: stdout all=warning uptime,level,tags
 #1: stderr all=off uptime,level,tags

Environment Variables:
JAVA_HOME=C:\Program Files\Eclipse Adoptium\jdk-17.0.15.6-hotspot
PATH=C:\Users\cainh\Desktop\PI3-mais-autonomia\MaisAutonomia\node_modules\.bin;C:\Users\cainh\Desktop\PI3-mais-autonomia\MaisAutonomia\node_modules\.bin;C:\Users\cainh\Desktop\PI3-mais-autonomia\node_modules\.bin;C:\Users\cainh\Desktop\node_modules\.bin;C:\Users\cainh\node_modules\.bin;C:\Users\node_modules\.bin;C:\node_modules\.bin;C:\Users\cainh\AppData\Roaming\npm\node_modules\npm\node_modules\@npmcli\run-script\lib\node-gyp-bin;C:\Program Files\Eclipse Adoptium\jdk-17.0.15.6-hotspot\bin;C:\Users\cainh\AppData\Local\Android\Sdk\platform-tools;C:\Program Files\Common Files\Oracle\Java\javapath;C:\Python312\Scripts\;C:\Python312\;C:\Program Files (x86)\Common Files\Intel\Shared Libraries\redist\intel64\compiler;C:\WINDOWS\system32;C:\WINDOWS;C:\WINDOWS\System32\Wbem;C:\WINDOWS\System32\WindowsPowerShell\v1.0\;C:\WINDOWS\System32\OpenSSH\;C:\Program Files (x86)\Yarn\bin\;C:\Program Files\nodejs\;C:\ProgramData\chocolatey\bin;C:\Program Files\Git\cmd;C:\Program Files\dotnet\;c:\Users\cainh\AppData\Local\Programs\cursor\resources\app\bin;C:\Program Files\Java\jdk-24\bin;C:\Program Files\Eclipse Adoptium\jdk-17.0.15.6-hotspot\bin;C:\Users\cainh\AppData\Local\Android\Sdk\platform-tools;C:\Users\cainh\AppData\Local\Android\Sdk\emulator;C:\Users\cainh\AppData\Local\Android\Sdk\tools;C:\Users\cainh\AppData\Local\Android\Sdk\tools\bin;C:\Users\cainh\AppData\Local\Microsoft\WindowsApps;C:\Users\cainh\AppData\Local\Yarn\bin;C:\Users\cainh\AppData\Local\Programs\Microsoft VS Code\bin;C:\Users\cainh\AppData\Roaming\npm;C:\Users\cainh\AppData\Local\Muse Hub\lib;C:\Users\cainh\AppData\Local\GitHubDesktop\bin;C:\Users\cainh\AppData\Local\Programs\cursor\resources\app\bin
USERNAME=cainh
OS=Windows_NT
PROCESSOR_IDENTIFIER=AMD64 Family 23 Model 24 Stepping 1, AuthenticAMD
TMP=C:\Users\cainh\AppData\Local\Temp
TEMP=C:\Users\cainh\AppData\Local\Temp



Periodic native trim disabled


---------------  S Y S T E M  ---------------

OS:
 Windows 11 , 64 bit Build 22621 (10.0.22621.5415)
OS uptime: 8 days 12:47 hours
Hyper-V role detected

CPU: total 8 (initial active 8) (8 cores per cpu, 2 threads per core) family 23 model 24 stepping 1 microcode 0x0, cx8, cmov, fxsr, ht, mmx, 3dnowpref, sse, sse2, sse3, ssse3, sse4a, sse4.1, sse4.2, popcnt, lzcnt, tsc, tscinvbit, avx, avx2, aes, clmul, bmi1, bmi2, adx, sha, fma, vzeroupper, clflush, clflushopt, hv
Processor Information for all 8 processors :
  Max Mhz: 2100, Current Mhz: 2100, Mhz Limit: 2100

Memory: 4k page, system-wide physical 6020M (129M free)
TotalPageFile size 24452M (AvailPageFile size 0M)
current process WorkingSet (physical memory assigned to process): 29M, peak: 104M
current process commit charge ("private bytes"): 163M, peak: 167M

vm_info: OpenJDK 64-Bit Server VM (17.0.15+6) for windows-amd64 JRE (17.0.15+6), built on Apr 15 2025 21:25:47 by "admin" with MS VC++ 17.7 (VS2022)

END.
