#
# There is insufficient memory for the Java Runtime Environment to continue.
# Native memory allocation (malloc) failed to allocate 468656 bytes. Error detail: Chunk::new
# Possible reasons:
#   The system is out of physical RAM or swap space
#   This process is running with CompressedOops enabled, and the Java Heap may be blocking the growth of the native heap
# Possible solutions:
#   Reduce memory load on the system
#   Increase physical memory or swap space
#   Check if swap backing store is full
#   Decrease Java heap size (-Xmx/-Xms)
#   Decrease number of Java threads
#   Decrease Java thread stack sizes (-Xss)
#   Set larger code cache with -XX:ReservedCodeCacheSize=
#   JVM is running with Unscaled Compressed Oops mode in which the Java heap is
#     placed in the first 4GB address space. The Java Heap base address is the
#     maximum limit for the native heap growth. Please use -XX:HeapBaseMinAddress
#     to set the Java Heap base and to place the Java Heap above 4GB virtual address.
# This output file may be truncated or incomplete.
#
#  Out of Memory Error (arena.cpp:191), pid=51484, tid=72052
#
# JRE version: OpenJDK Runtime Environment Temurin-17.0.15+6 (17.0.15+6) (build 17.0.15+6)
# Java VM: OpenJDK 64-Bit Server VM Temurin-17.0.15+6 (17.0.15+6, mixed mode, sharing, tiered, compressed oops, compressed class ptrs, g1 gc, windows-amd64)
# No core dump will be written. Minidumps are not enabled by default on client versions of Windows
#

---------------  S U M M A R Y ------------

Command Line: -Xmx64m -Xms64m -Dorg.gradle.appname=gradlew C:\Users\cainh\Desktop\PI3-mais-autonomia\MaisAutonomia\android\\gradle\wrapper\gradle-wrapper.jar app:installDebug -PreactNativeDevServerPort=8081

Host: AMD Ryzen 5 3500U with Radeon Vega Mobile Gfx  , 8 cores, 5G,  Windows 11 , 64 bit Build 22621 (10.0.22621.5415)
Time: Wed Jul 16 01:54:34 2025 Hora Padrão de Buenos Aires elapsed time: 1.090363 seconds (0d 0h 0m 1s)

---------------  T H R E A D  ---------------

Current thread (0x000001a826ca8dd0):  JavaThread "C2 CompilerThread0" daemon [_thread_in_native, id=72052, stack(0x00000074c6700000,0x00000074c6800000)]


Current CompileTask:
C2:   1090  520       4       java.util.HashSet::add (20 bytes)

Stack: [0x00000074c6700000,0x00000074c6800000]
Native frames: (J=compiled Java code, j=interpreted, Vv=VM code, C=native code)
V  [jvm.dll+0x682fc9]
V  [jvm.dll+0x839878]
V  [jvm.dll+0x83b323]
V  [jvm.dll+0x83b993]
V  [jvm.dll+0x24725f]
V  [jvm.dll+0xacea4]
V  [jvm.dll+0xad53c]
V  [jvm.dll+0x365c1f]
V  [jvm.dll+0x32fe58]
V  [jvm.dll+0x32f2da]
V  [jvm.dll+0x21824f]
V  [jvm.dll+0x21768f]
V  [jvm.dll+0x1a31b0]
V  [jvm.dll+0x227a9c]
V  [jvm.dll+0x225bfb]
V  [jvm.dll+0x7ef018]
V  [jvm.dll+0x7e94dc]
V  [jvm.dll+0x681ea7]
C  [ucrtbase.dll+0x29333]
C  [KERNEL32.DLL+0x1259d]
C  [ntdll.dll+0x5af78]


---------------  P R O C E S S  ---------------

Threads class SMR info:
_java_thread_list=0x000001a86c04e3c0, length=12, elements={
0x000001a80d23f3a0, 0x000001a80d2e4b30, 0x000001a80d2e58c0, 0x000001a826c9d080,
0x000001a826c9fa60, 0x000001a826ca0330, 0x000001a826ca0c00, 0x000001a826ca8dd0,
0x000001a826ca9790, 0x000001a826caf0d0, 0x000001a86c07ad90, 0x000001a86c09ef90
}

Java Threads: ( => current thread )
  0x000001a80d23f3a0 JavaThread "main" [_thread_in_native, id=64332, stack(0x00000074c5a00000,0x00000074c5b00000)]
  0x000001a80d2e4b30 JavaThread "Reference Handler" daemon [_thread_blocked, id=13208, stack(0x00000074c6100000,0x00000074c6200000)]
  0x000001a80d2e58c0 JavaThread "Finalizer" daemon [_thread_blocked, id=77000, stack(0x00000074c6200000,0x00000074c6300000)]
  0x000001a826c9d080 JavaThread "Signal Dispatcher" daemon [_thread_blocked, id=41164, stack(0x00000074c6300000,0x00000074c6400000)]
  0x000001a826c9fa60 JavaThread "Attach Listener" daemon [_thread_blocked, id=14424, stack(0x00000074c6400000,0x00000074c6500000)]
  0x000001a826ca0330 JavaThread "Service Thread" daemon [_thread_blocked, id=45516, stack(0x00000074c6500000,0x00000074c6600000)]
  0x000001a826ca0c00 JavaThread "Monitor Deflation Thread" daemon [_thread_blocked, id=44472, stack(0x00000074c6600000,0x00000074c6700000)]
=>0x000001a826ca8dd0 JavaThread "C2 CompilerThread0" daemon [_thread_in_native, id=72052, stack(0x00000074c6700000,0x00000074c6800000)]
  0x000001a826ca9790 JavaThread "C1 CompilerThread0" daemon [_thread_blocked, id=58872, stack(0x00000074c6800000,0x00000074c6900000)]
  0x000001a826caf0d0 JavaThread "Sweeper thread" daemon [_thread_blocked, id=7940, stack(0x00000074c6900000,0x00000074c6a00000)]
  0x000001a86c07ad90 JavaThread "Notification Thread" daemon [_thread_blocked, id=22904, stack(0x00000074c6a00000,0x00000074c6b00000)]
  0x000001a86c09ef90 JavaThread "Common-Cleaner" daemon [_thread_blocked, id=78116, stack(0x00000074c6c00000,0x00000074c6d00000)]

Other Threads:
  0x000001a80d2dad60 VMThread "VM Thread" [stack: 0x00000074c6000000,0x00000074c6100000] [id=54560]
  0x000001a86c09d290 WatcherThread [stack: 0x00000074c6b00000,0x00000074c6c00000] [id=37072]
  0x000001a80d25f600 GCTaskThread "GC Thread#0" [stack: 0x00000074c5b00000,0x00000074c5c00000] [id=59256]
  0x000001a86c26e5a0 GCTaskThread "GC Thread#1" [stack: 0x00000074c6d00000,0x00000074c6e00000] [id=58228]
  0x000001a86c215ef0 GCTaskThread "GC Thread#2" [stack: 0x00000074c6e00000,0x00000074c6f00000] [id=74992]
  0x000001a86c2af800 GCTaskThread "GC Thread#3" [stack: 0x00000074c6f00000,0x00000074c7000000] [id=76244]
  0x000001a80d260c60 ConcurrentGCThread "G1 Main Marker" [stack: 0x00000074c5c00000,0x00000074c5d00000] [id=57844]
  0x000001a80d262d40 ConcurrentGCThread "G1 Conc#0" [stack: 0x00000074c5d00000,0x00000074c5e00000] [id=81368]
  0x000001a80d2c19d0 ConcurrentGCThread "G1 Refine#0" [stack: 0x00000074c5e00000,0x00000074c5f00000] [id=61404]
  0x000001a80d2c2310 ConcurrentGCThread "G1 Service" [stack: 0x00000074c5f00000,0x00000074c6000000] [id=21152]

Threads with active compile tasks:
C2 CompilerThread0     1161  520       4       java.util.HashSet::add (20 bytes)

VM state: not at safepoint (normal execution)

VM Mutex/Monitor currently owned by a thread: None

Heap address: 0x00000000fc000000, size: 64 MB, Compressed Oops mode: 32-bit

CDS archive(s) mapped at: [0x000001a827000000-0x000001a827bb0000-0x000001a827bb0000), size 12255232, SharedBaseAddress: 0x000001a827000000, ArchiveRelocationMode: 1.
Compressed class space mapped at: 0x000001a828000000-0x000001a868000000, reserved size: 1073741824
Narrow klass base: 0x000001a827000000, Narrow klass shift: 0, Narrow klass range: 0x100000000

GC Precious Log:
 CPUs: 8 total, 8 available
 Memory: 6020M
 Large Page Support: Disabled
 NUMA Support: Disabled
 Compressed Oops: Enabled (32-bit)
 Heap Region Size: 1M
 Heap Min Capacity: 64M
 Heap Initial Capacity: 64M
 Heap Max Capacity: 64M
 Pre-touch: Disabled
 Parallel Workers: 8
 Concurrent Workers: 2
 Concurrent Refinement Workers: 8
 Periodic GC: Disabled

Heap:
 garbage-first heap   total 65536K, used 2816K [0x00000000fc000000, 0x0000000100000000)
  region size 1024K, 4 young (4096K), 2 survivors (2048K)
 Metaspace       used 1806K, committed 1920K, reserved 1114112K
  class space    used 162K, committed 192K, reserved 1048576K

Heap Regions: E=young(eden), S=young(survivor), O=old, HS=humongous(starts), HC=humongous(continues), CS=collection set, F=free, OA=open archive, CA=closed archive, TAMS=top-at-mark-start (previous, next)
|   0|0x00000000fc000000, 0x00000000fc000000, 0x00000000fc100000|  0%| F|  |TAMS 0x00000000fc000000, 0x00000000fc000000| Untracked 
|   1|0x00000000fc100000, 0x00000000fc100000, 0x00000000fc200000|  0%| F|  |TAMS 0x00000000fc100000, 0x00000000fc100000| Untracked 
|   2|0x00000000fc200000, 0x00000000fc200000, 0x00000000fc300000|  0%| F|  |TAMS 0x00000000fc200000, 0x00000000fc200000| Untracked 
|   3|0x00000000fc300000, 0x00000000fc300000, 0x00000000fc400000|  0%| F|  |TAMS 0x00000000fc300000, 0x00000000fc300000| Untracked 
|   4|0x00000000fc400000, 0x00000000fc400000, 0x00000000fc500000|  0%| F|  |TAMS 0x00000000fc400000, 0x00000000fc400000| Untracked 
|   5|0x00000000fc500000, 0x00000000fc500000, 0x00000000fc600000|  0%| F|  |TAMS 0x00000000fc500000, 0x00000000fc500000| Untracked 
|   6|0x00000000fc600000, 0x00000000fc600000, 0x00000000fc700000|  0%| F|  |TAMS 0x00000000fc600000, 0x00000000fc600000| Untracked 
|   7|0x00000000fc700000, 0x00000000fc700000, 0x00000000fc800000|  0%| F|  |TAMS 0x00000000fc700000, 0x00000000fc700000| Untracked 
|   8|0x00000000fc800000, 0x00000000fc800000, 0x00000000fc900000|  0%| F|  |TAMS 0x00000000fc800000, 0x00000000fc800000| Untracked 
|   9|0x00000000fc900000, 0x00000000fc900000, 0x00000000fca00000|  0%| F|  |TAMS 0x00000000fc900000, 0x00000000fc900000| Untracked 
|  10|0x00000000fca00000, 0x00000000fca00000, 0x00000000fcb00000|  0%| F|  |TAMS 0x00000000fca00000, 0x00000000fca00000| Untracked 
|  11|0x00000000fcb00000, 0x00000000fcb00000, 0x00000000fcc00000|  0%| F|  |TAMS 0x00000000fcb00000, 0x00000000fcb00000| Untracked 
|  12|0x00000000fcc00000, 0x00000000fcc00000, 0x00000000fcd00000|  0%| F|  |TAMS 0x00000000fcc00000, 0x00000000fcc00000| Untracked 
|  13|0x00000000fcd00000, 0x00000000fcd00000, 0x00000000fce00000|  0%| F|  |TAMS 0x00000000fcd00000, 0x00000000fcd00000| Untracked 
|  14|0x00000000fce00000, 0x00000000fce00000, 0x00000000fcf00000|  0%| F|  |TAMS 0x00000000fce00000, 0x00000000fce00000| Untracked 
|  15|0x00000000fcf00000, 0x00000000fcf00000, 0x00000000fd000000|  0%| F|  |TAMS 0x00000000fcf00000, 0x00000000fcf00000| Untracked 
|  16|0x00000000fd000000, 0x00000000fd000000, 0x00000000fd100000|  0%| F|  |TAMS 0x00000000fd000000, 0x00000000fd000000| Untracked 
|  17|0x00000000fd100000, 0x00000000fd100000, 0x00000000fd200000|  0%| F|  |TAMS 0x00000000fd100000, 0x00000000fd100000| Untracked 
|  18|0x00000000fd200000, 0x00000000fd200000, 0x00000000fd300000|  0%| F|  |TAMS 0x00000000fd200000, 0x00000000fd200000| Untracked 
|  19|0x00000000fd300000, 0x00000000fd300000, 0x00000000fd400000|  0%| F|  |TAMS 0x00000000fd300000, 0x00000000fd300000| Untracked 
|  20|0x00000000fd400000, 0x00000000fd400000, 0x00000000fd500000|  0%| F|  |TAMS 0x00000000fd400000, 0x00000000fd400000| Untracked 
|  21|0x00000000fd500000, 0x00000000fd500000, 0x00000000fd600000|  0%| F|  |TAMS 0x00000000fd500000, 0x00000000fd500000| Untracked 
|  22|0x00000000fd600000, 0x00000000fd600000, 0x00000000fd700000|  0%| F|  |TAMS 0x00000000fd600000, 0x00000000fd600000| Untracked 
|  23|0x00000000fd700000, 0x00000000fd700000, 0x00000000fd800000|  0%| F|  |TAMS 0x00000000fd700000, 0x00000000fd700000| Untracked 
|  24|0x00000000fd800000, 0x00000000fd800000, 0x00000000fd900000|  0%| F|  |TAMS 0x00000000fd800000, 0x00000000fd800000| Untracked 
|  25|0x00000000fd900000, 0x00000000fd900000, 0x00000000fda00000|  0%| F|  |TAMS 0x00000000fd900000, 0x00000000fd900000| Untracked 
|  26|0x00000000fda00000, 0x00000000fda00000, 0x00000000fdb00000|  0%| F|  |TAMS 0x00000000fda00000, 0x00000000fda00000| Untracked 
|  27|0x00000000fdb00000, 0x00000000fdb00000, 0x00000000fdc00000|  0%| F|  |TAMS 0x00000000fdb00000, 0x00000000fdb00000| Untracked 
|  28|0x00000000fdc00000, 0x00000000fdc00000, 0x00000000fdd00000|  0%| F|  |TAMS 0x00000000fdc00000, 0x00000000fdc00000| Untracked 
|  29|0x00000000fdd00000, 0x00000000fdd00000, 0x00000000fde00000|  0%| F|  |TAMS 0x00000000fdd00000, 0x00000000fdd00000| Untracked 
|  30|0x00000000fde00000, 0x00000000fde00000, 0x00000000fdf00000|  0%| F|  |TAMS 0x00000000fde00000, 0x00000000fde00000| Untracked 
|  31|0x00000000fdf00000, 0x00000000fdf00000, 0x00000000fe000000|  0%| F|  |TAMS 0x00000000fdf00000, 0x00000000fdf00000| Untracked 
|  32|0x00000000fe000000, 0x00000000fe000000, 0x00000000fe100000|  0%| F|  |TAMS 0x00000000fe000000, 0x00000000fe000000| Untracked 
|  33|0x00000000fe100000, 0x00000000fe100000, 0x00000000fe200000|  0%| F|  |TAMS 0x00000000fe100000, 0x00000000fe100000| Untracked 
|  34|0x00000000fe200000, 0x00000000fe200000, 0x00000000fe300000|  0%| F|  |TAMS 0x00000000fe200000, 0x00000000fe200000| Untracked 
|  35|0x00000000fe300000, 0x00000000fe300000, 0x00000000fe400000|  0%| F|  |TAMS 0x00000000fe300000, 0x00000000fe300000| Untracked 
|  36|0x00000000fe400000, 0x00000000fe400000, 0x00000000fe500000|  0%| F|  |TAMS 0x00000000fe400000, 0x00000000fe400000| Untracked 
|  37|0x00000000fe500000, 0x00000000fe500000, 0x00000000fe600000|  0%| F|  |TAMS 0x00000000fe500000, 0x00000000fe500000| Untracked 
|  38|0x00000000fe600000, 0x00000000fe600000, 0x00000000fe700000|  0%| F|  |TAMS 0x00000000fe600000, 0x00000000fe600000| Untracked 
|  39|0x00000000fe700000, 0x00000000fe7c0000, 0x00000000fe800000| 75%| S|CS|TAMS 0x00000000fe700000, 0x00000000fe700000| Complete 
|  40|0x00000000fe800000, 0x00000000fe900000, 0x00000000fe900000|100%| S|CS|TAMS 0x00000000fe800000, 0x00000000fe800000| Complete 
|  41|0x00000000fe900000, 0x00000000fe900000, 0x00000000fea00000|  0%| F|  |TAMS 0x00000000fe900000, 0x00000000fe900000| Untracked 
|  42|0x00000000fea00000, 0x00000000fea00000, 0x00000000feb00000|  0%| F|  |TAMS 0x00000000fea00000, 0x00000000fea00000| Untracked 
|  43|0x00000000feb00000, 0x00000000feb00000, 0x00000000fec00000|  0%| F|  |TAMS 0x00000000feb00000, 0x00000000feb00000| Untracked 
|  44|0x00000000fec00000, 0x00000000fec00000, 0x00000000fed00000|  0%| F|  |TAMS 0x00000000fec00000, 0x00000000fec00000| Untracked 
|  45|0x00000000fed00000, 0x00000000fed00000, 0x00000000fee00000|  0%| F|  |TAMS 0x00000000fed00000, 0x00000000fed00000| Untracked 
|  46|0x00000000fee00000, 0x00000000fee00000, 0x00000000fef00000|  0%| F|  |TAMS 0x00000000fee00000, 0x00000000fee00000| Untracked 
|  47|0x00000000fef00000, 0x00000000fef00000, 0x00000000ff000000|  0%| F|  |TAMS 0x00000000fef00000, 0x00000000fef00000| Untracked 
|  48|0x00000000ff000000, 0x00000000ff000000, 0x00000000ff100000|  0%| F|  |TAMS 0x00000000ff000000, 0x00000000ff000000| Untracked 
|  49|0x00000000ff100000, 0x00000000ff100000, 0x00000000ff200000|  0%| F|  |TAMS 0x00000000ff100000, 0x00000000ff100000| Untracked 
|  50|0x00000000ff200000, 0x00000000ff200000, 0x00000000ff300000|  0%| F|  |TAMS 0x00000000ff200000, 0x00000000ff200000| Untracked 
|  51|0x00000000ff300000, 0x00000000ff300000, 0x00000000ff400000|  0%| F|  |TAMS 0x00000000ff300000, 0x00000000ff300000| Untracked 
|  52|0x00000000ff400000, 0x00000000ff400000, 0x00000000ff500000|  0%| F|  |TAMS 0x00000000ff400000, 0x00000000ff400000| Untracked 
|  53|0x00000000ff500000, 0x00000000ff500000, 0x00000000ff600000|  0%| F|  |TAMS 0x00000000ff500000, 0x00000000ff500000| Untracked 
|  54|0x00000000ff600000, 0x00000000ff600000, 0x00000000ff700000|  0%| F|  |TAMS 0x00000000ff600000, 0x00000000ff600000| Untracked 
|  55|0x00000000ff700000, 0x00000000ff700000, 0x00000000ff800000|  0%| F|  |TAMS 0x00000000ff700000, 0x00000000ff700000| Untracked 
|  56|0x00000000ff800000, 0x00000000ff800000, 0x00000000ff900000|  0%| F|  |TAMS 0x00000000ff800000, 0x00000000ff800000| Untracked 
|  57|0x00000000ff900000, 0x00000000ff900000, 0x00000000ffa00000|  0%| F|  |TAMS 0x00000000ff900000, 0x00000000ff900000| Untracked 
|  58|0x00000000ffa00000, 0x00000000ffa00000, 0x00000000ffb00000|  0%| F|  |TAMS 0x00000000ffa00000, 0x00000000ffa00000| Untracked 
|  59|0x00000000ffb00000, 0x00000000ffb00000, 0x00000000ffc00000|  0%| F|  |TAMS 0x00000000ffb00000, 0x00000000ffb00000| Untracked 
|  60|0x00000000ffc00000, 0x00000000ffc00000, 0x00000000ffd00000|  0%| F|  |TAMS 0x00000000ffc00000, 0x00000000ffc00000| Untracked 
|  61|0x00000000ffd00000, 0x00000000ffd00000, 0x00000000ffe00000|  0%| F|  |TAMS 0x00000000ffd00000, 0x00000000ffd00000| Untracked 
|  62|0x00000000ffe00000, 0x00000000fff00000, 0x00000000fff00000|100%| E|  |TAMS 0x00000000ffe00000, 0x00000000ffe00000| Complete 
|  63|0x00000000fff00000, 0x0000000100000000, 0x0000000100000000|100%| E|CS|TAMS 0x00000000fff00000, 0x00000000fff00000| Complete 

Card table byte_map: [0x000001a80b1f0000,0x000001a80b210000] _byte_map_base: 0x000001a80aa10000

Marking Bits (Prev, Next): (CMBitMap*) 0x000001a80d25fb30, (CMBitMap*) 0x000001a80d25fb70
 Prev Bits: [0x000001a8240d0000, 0x000001a8241d0000)
 Next Bits: [0x000001a8241d0000, 0x000001a8242d0000)

Polling page: 0x000001a80b1a0000

Metaspace:

Usage:
  Non-class:      1.60 MB used.
      Class:    162.74 KB used.
       Both:      1.76 MB used.

Virtual space:
  Non-class space:       64.00 MB reserved,       1.69 MB (  3%) committed,  1 nodes.
      Class space:        1.00 GB reserved,     192.00 KB ( <1%) committed,  1 nodes.
             Both:        1.06 GB reserved,       1.88 MB ( <1%) committed. 

Chunk freelists:
   Non-Class:  11.70 MB
       Class:  15.69 MB
        Both:  27.39 MB

MaxMetaspaceSize: unlimited
CompressedClassSpaceSize: 1.00 GB
Initial GC threshold: 21.00 MB
Current GC threshold: 21.00 MB
CDS: on
MetaspaceReclaimPolicy: balanced
 - commit_granule_bytes: 65536.
 - commit_granule_words: 8192.
 - virtual_space_node_default_size: 8388608.
 - enlarge_chunks_in_place: 1.
 - new_chunks_are_fully_committed: 0.
 - uncommit_free_chunks: 1.
 - use_allocation_guard: 0.
 - handle_deallocations: 1.


Internal statistics:

num_allocs_failed_limit: 0.
num_arena_births: 14.
num_arena_deaths: 0.
num_vsnodes_births: 2.
num_vsnodes_deaths: 0.
num_space_committed: 30.
num_space_uncommitted: 0.
num_chunks_returned_to_freelist: 0.
num_chunks_taken_from_freelist: 43.
num_chunk_merges: 0.
num_chunk_splits: 22.
num_chunks_enlarged: 14.
num_inconsistent_stats: 0.

CodeHeap 'non-profiled nmethods': size=120000Kb used=227Kb max_used=227Kb free=119772Kb
 bounds [0x000001a81c860000, 0x000001a81cad0000, 0x000001a823d90000]
CodeHeap 'profiled nmethods': size=120000Kb used=997Kb max_used=997Kb free=119002Kb
 bounds [0x000001a814d90000, 0x000001a815000000, 0x000001a81c2c0000]
CodeHeap 'non-nmethods': size=5760Kb used=1122Kb max_used=1139Kb free=4637Kb
 bounds [0x000001a81c2c0000, 0x000001a81c530000, 0x000001a81c860000]
 total_blobs=1011 nmethods=609 adapters=315
 compilation: enabled
              stopped_count=0, restarted_count=0
 full_count=0

Compilation events (20 events):
Event: 1.058 Thread 0x000001a826ca9790  577       1       java.net.URL::getUserInfo (5 bytes)
Event: 1.058 Thread 0x000001a826ca9790 nmethod 577 0x000001a81c895c10 code [0x000001a81c895da0, 0x000001a81c895e78]
Event: 1.058 Thread 0x000001a826ca9790  579       3       java.lang.StringLatin1::regionMatchesCI (98 bytes)
Event: 1.059 Thread 0x000001a826ca9790 nmethod 579 0x000001a814e6b090 code [0x000001a814e6b2c0, 0x000001a814e6ba18]
Event: 1.059 Thread 0x000001a826ca9790  578       3       java.lang.String::regionMatches (150 bytes)
Event: 1.060 Thread 0x000001a826ca9790 nmethod 578 0x000001a814e6bd90 code [0x000001a814e6bfe0, 0x000001a814e6c7a8]
Event: 1.062 Thread 0x000001a826ca9790  580   !   3       java.net.URL::<init> (543 bytes)
Event: 1.069 Thread 0x000001a826ca9790 nmethod 580 0x000001a814e6ca90 code [0x000001a814e6d120, 0x000001a814e709c8]
Event: 1.069 Thread 0x000001a826ca9790  581       3       java.net.URL::isBuiltinStreamHandler (32 bytes)
Event: 1.071 Thread 0x000001a826ca9790 nmethod 581 0x000001a814e72a90 code [0x000001a814e72d60, 0x000001a814e73d78]
Event: 1.071 Thread 0x000001a826ca9790  582       3       java.net.URL::isBuiltinStreamHandler (8 bytes)
Event: 1.071 Thread 0x000001a826ca9790 nmethod 582 0x000001a814e74310 code [0x000001a814e744c0, 0x000001a814e74688]
Event: 1.073 Thread 0x000001a826ca9790  584   !   3       java.util.zip.ZipFile$Source::checkAndAddEntry (262 bytes)
Event: 1.076 Thread 0x000001a826ca9790 nmethod 584 0x000001a814e74790 code [0x000001a814e74b60, 0x000001a814e763c8]
Event: 1.079 Thread 0x000001a826ca9790  586       3       java.lang.String::endsWith (15 bytes)
Event: 1.079 Thread 0x000001a826ca9790 nmethod 586 0x000001a814e77110 code [0x000001a814e772e0, 0x000001a814e77628]
Event: 1.079 Thread 0x000001a826ca9790  587       1       java.nio.Buffer::position (5 bytes)
Event: 1.080 Thread 0x000001a826ca9790 nmethod 587 0x000001a81c896390 code [0x000001a81c896520, 0x000001a81c8965f8]
Event: 1.081 Thread 0x000001a826ca9790  588       3       java.util.zip.ZipUtils::get16 (21 bytes)
Event: 1.081 Thread 0x000001a826ca9790 nmethod 588 0x000001a814e77810 code [0x000001a814e779a0, 0x000001a814e77af8]

GC Heap History (2 events):
Event: 1.045 GC heap before
{Heap before GC invocations=0 (full 0):
 garbage-first heap   total 65536K, used 23552K [0x00000000fc000000, 0x0000000100000000)
  region size 1024K, 23 young (23552K), 0 survivors (0K)
 Metaspace       used 1716K, committed 1856K, reserved 1114112K
  class space    used 160K, committed 192K, reserved 1048576K
}
Event: 1.053 GC heap after
{Heap after GC invocations=1 (full 0):
 garbage-first heap   total 65536K, used 1792K [0x00000000fc000000, 0x0000000100000000)
  region size 1024K, 2 young (2048K), 2 survivors (2048K)
 Metaspace       used 1716K, committed 1856K, reserved 1114112K
  class space    used 160K, committed 192K, reserved 1048576K
}

Dll operation events (7 events):
Event: 0.023 Loaded shared library C:\Program Files\Eclipse Adoptium\jdk-17.0.15.6-hotspot\bin\java.dll
Event: 0.054 Loaded shared library C:\Program Files\Eclipse Adoptium\jdk-17.0.15.6-hotspot\bin\jsvml.dll
Event: 0.109 Loaded shared library C:\Program Files\Eclipse Adoptium\jdk-17.0.15.6-hotspot\bin\net.dll
Event: 0.112 Loaded shared library C:\Program Files\Eclipse Adoptium\jdk-17.0.15.6-hotspot\bin\nio.dll
Event: 0.117 Loaded shared library C:\Program Files\Eclipse Adoptium\jdk-17.0.15.6-hotspot\bin\zip.dll
Event: 0.127 Loaded shared library C:\Program Files\Eclipse Adoptium\jdk-17.0.15.6-hotspot\bin\verify.dll
Event: 1.018 Loaded shared library C:\Program Files\Eclipse Adoptium\jdk-17.0.15.6-hotspot\bin\jimage.dll

Deoptimization events (20 events):
Event: 0.971 Thread 0x000001a80d23f3a0 Uncommon trap: trap_request=0xffffffde fr.pc=0x000001a81c88e57c relative=0x000000000000071c
Event: 0.971 Thread 0x000001a80d23f3a0 Uncommon trap: reason=class_check action=maybe_recompile pc=0x000001a81c88e57c method=java.util.HashMap.putVal(ILjava/lang/Object;Ljava/lang/Object;ZZ)Ljava/lang/Object; @ 253 c2
Event: 0.971 Thread 0x000001a80d23f3a0 DEOPT PACKING pc=0x000001a81c88e57c sp=0x00000074c5afe120
Event: 0.971 Thread 0x000001a80d23f3a0 DEOPT UNPACKING pc=0x000001a81c3169a3 sp=0x00000074c5afe030 mode 2
Event: 0.971 Thread 0x000001a80d23f3a0 Uncommon trap: trap_request=0xffffffde fr.pc=0x000001a81c88d760 relative=0x0000000000000680
Event: 0.971 Thread 0x000001a80d23f3a0 Uncommon trap: reason=class_check action=maybe_recompile pc=0x000001a81c88d760 method=java.util.HashMap.putVal(ILjava/lang/Object;Ljava/lang/Object;ZZ)Ljava/lang/Object; @ 253 c2
Event: 0.971 Thread 0x000001a80d23f3a0 DEOPT PACKING pc=0x000001a81c88d760 sp=0x00000074c5afe060
Event: 0.971 Thread 0x000001a80d23f3a0 DEOPT UNPACKING pc=0x000001a81c3169a3 sp=0x00000074c5afe020 mode 2
Event: 1.011 Thread 0x000001a80d23f3a0 Uncommon trap: trap_request=0xffffff45 fr.pc=0x000001a81c8918f0 relative=0x0000000000000d10
Event: 1.011 Thread 0x000001a80d23f3a0 Uncommon trap: reason=unstable_if action=reinterpret pc=0x000001a81c8918f0 method=java.util.HashMap.putVal(ILjava/lang/Object;Ljava/lang/Object;ZZ)Ljava/lang/Object; @ 81 c2
Event: 1.011 Thread 0x000001a80d23f3a0 DEOPT PACKING pc=0x000001a81c8918f0 sp=0x00000074c5afe4e0
Event: 1.011 Thread 0x000001a80d23f3a0 DEOPT UNPACKING pc=0x000001a81c3169a3 sp=0x00000074c5afe3f0 mode 2
Event: 1.069 Thread 0x000001a80d23f3a0 Uncommon trap: trap_request=0xffffff45 fr.pc=0x000001a81c88cc0c relative=0x00000000000001ec
Event: 1.069 Thread 0x000001a80d23f3a0 Uncommon trap: reason=unstable_if action=reinterpret pc=0x000001a81c88cc0c method=java.io.WinNTFileSystem.normalize(Ljava/lang/String;)Ljava/lang/String; @ 104 c2
Event: 1.070 Thread 0x000001a80d23f3a0 DEOPT PACKING pc=0x000001a81c88cc0c sp=0x00000074c5afdac0
Event: 1.070 Thread 0x000001a80d23f3a0 DEOPT UNPACKING pc=0x000001a81c3169a3 sp=0x00000074c5afda48 mode 2
Event: 1.073 Thread 0x000001a80d23f3a0 Uncommon trap: trap_request=0xffffff45 fr.pc=0x000001a81c884798 relative=0x00000000000005d8
Event: 1.073 Thread 0x000001a80d23f3a0 Uncommon trap: reason=unstable_if action=reinterpret pc=0x000001a81c884798 method=java.util.zip.ZipFile$Source.checkAndAddEntry(II)I @ 50 c2
Event: 1.073 Thread 0x000001a80d23f3a0 DEOPT PACKING pc=0x000001a81c884798 sp=0x00000074c5afd770
Event: 1.073 Thread 0x000001a80d23f3a0 DEOPT UNPACKING pc=0x000001a81c3169a3 sp=0x00000074c5afd6e0 mode 2

Classes loaded (20 events):
Event: 0.273 Loading class java/io/FilePermissionCollection
Event: 0.274 Loading class java/io/FilePermissionCollection done
Event: 0.274 Loading class java/util/Vector
Event: 0.275 Loading class java/util/Vector done
Event: 0.275 Loading class java/io/FilePermissionCollection$1
Event: 0.275 Loading class java/io/FilePermissionCollection$1 done
Event: 0.314 Loading class java/net/MalformedURLException
Event: 0.314 Loading class java/net/MalformedURLException done
Event: 0.318 Loading class java/io/FileFilter
Event: 0.318 Loading class java/io/FileFilter done
Event: 0.457 Loading class java/util/AbstractList$Itr
Event: 0.458 Loading class java/util/AbstractList$Itr done
Event: 0.500 Loading class java/lang/invoke/DirectMethodHandle$Special
Event: 0.501 Loading class java/lang/invoke/DirectMethodHandle$Special done
Event: 1.075 Loading class java/io/BufferedReader
Event: 1.075 Loading class java/io/BufferedReader done
Event: 1.076 Loading class sun/nio/cs/StreamDecoder
Event: 1.077 Loading class sun/nio/cs/StreamDecoder done
Event: 1.077 Loading class sun/nio/cs/UTF_8$Decoder
Event: 1.078 Loading class sun/nio/cs/UTF_8$Decoder done

Classes unloaded (0 events):
No events

Classes redefined (0 events):
No events

Internal exceptions (1 events):
Event: 0.303 Thread 0x000001a80d23f3a0 Exception <a 'java/lang/NoSuchMethodError'{0x00000000ffc06e60}: 'int java.lang.invoke.DirectMethodHandle$Holder.invokeStaticInit(java.lang.Object, java.lang.Object)'> (0x00000000ffc06e60) 
thrown [s\src\hotspot\share\interpreter\linkResolver.cpp, line 759]

VM Operations (6 events):
Event: 0.118 Executing VM operation: HandshakeAllThreads
Event: 0.118 Executing VM operation: HandshakeAllThreads done
Event: 1.043 Executing VM operation: G1CollectForAllocation
Event: 1.054 Executing VM operation: G1CollectForAllocation done
Event: 1.076 Executing VM operation: HandshakeAllThreads
Event: 1.076 Executing VM operation: HandshakeAllThreads done

Memory protections (0 events):
No events

Nmethod flushes (0 events):
No events

Events (12 events):
Event: 0.054 Thread 0x000001a80d23f3a0 Thread added: 0x000001a80d23f3a0
Event: 0.059 Thread 0x000001a80d23f3a0 Thread added: 0x000001a80d2e4b30
Event: 0.059 Thread 0x000001a80d23f3a0 Thread added: 0x000001a80d2e58c0
Event: 0.077 Thread 0x000001a80d23f3a0 Thread added: 0x000001a826c9d080
Event: 0.077 Thread 0x000001a80d23f3a0 Thread added: 0x000001a826c9fa60
Event: 0.078 Thread 0x000001a80d23f3a0 Thread added: 0x000001a826ca0330
Event: 0.078 Thread 0x000001a80d23f3a0 Thread added: 0x000001a826ca0c00
Event: 0.078 Thread 0x000001a80d23f3a0 Thread added: 0x000001a826ca8dd0
Event: 0.078 Thread 0x000001a80d23f3a0 Thread added: 0x000001a826ca9790
Event: 0.078 Thread 0x000001a80d23f3a0 Thread added: 0x000001a826caf0d0
Event: 0.101 Thread 0x000001a80d23f3a0 Thread added: 0x000001a86c07ad90
Event: 0.103 Thread 0x000001a80d23f3a0 Thread added: 0x000001a86c09ef90


Dynamic libraries:
0x00007ff6e9490000 - 0x00007ff6e949e000 	C:\Program Files\Eclipse Adoptium\jdk-17.0.15.6-hotspot\bin\java.exe
0x00007ffac3650000 - 0x00007ffac3867000 	C:\WINDOWS\SYSTEM32\ntdll.dll
0x00007ffac1d60000 - 0x00007ffac1e24000 	C:\WINDOWS\System32\KERNEL32.DLL
0x00007ffac0b20000 - 0x00007ffac0ef2000 	C:\WINDOWS\System32\KERNELBASE.dll
0x00007ffac0810000 - 0x00007ffac0921000 	C:\WINDOWS\System32\ucrtbase.dll
0x00007ffaa5ef0000 - 0x00007ffaa5f07000 	C:\Program Files\Eclipse Adoptium\jdk-17.0.15.6-hotspot\bin\jli.dll
0x00007ffaa5ed0000 - 0x00007ffaa5eee000 	C:\Program Files\Eclipse Adoptium\jdk-17.0.15.6-hotspot\bin\VCRUNTIME140.dll
0x00007ffac2fa0000 - 0x00007ffac3151000 	C:\WINDOWS\System32\USER32.dll
0x00007ffac07e0000 - 0x00007ffac0806000 	C:\WINDOWS\System32\win32u.dll
0x00007ffaaf0c0000 - 0x00007ffaaf35b000 	C:\WINDOWS\WinSxS\amd64_microsoft.windows.common-controls_6595b64144ccf1df_6.0.22621.5547_none_27104afb73855772\COMCTL32.dll
0x00007ffac2ef0000 - 0x00007ffac2f97000 	C:\WINDOWS\System32\msvcrt.dll
0x00007ffac1500000 - 0x00007ffac1529000 	C:\WINDOWS\System32\GDI32.dll
0x00007ffac0f00000 - 0x00007ffac1023000 	C:\WINDOWS\System32\gdi32full.dll
0x00007ffac0740000 - 0x00007ffac07da000 	C:\WINDOWS\System32\msvcp_win.dll
0x00007ffac1440000 - 0x00007ffac1471000 	C:\WINDOWS\System32\IMM32.DLL
0x00007ffab33e0000 - 0x00007ffab33ec000 	C:\Program Files\Eclipse Adoptium\jdk-17.0.15.6-hotspot\bin\vcruntime140_1.dll
0x00007ffa007b0000 - 0x00007ffa0083d000 	C:\Program Files\Eclipse Adoptium\jdk-17.0.15.6-hotspot\bin\msvcp140.dll
0x00007ff9e33d0000 - 0x00007ff9e403b000 	C:\Program Files\Eclipse Adoptium\jdk-17.0.15.6-hotspot\bin\server\jvm.dll
0x00007ffac3430000 - 0x00007ffac34e1000 	C:\WINDOWS\System32\ADVAPI32.dll
0x00007ffac1390000 - 0x00007ffac1438000 	C:\WINDOWS\System32\sechost.dll
0x00007ffac0af0000 - 0x00007ffac0b18000 	C:\WINDOWS\System32\bcrypt.dll
0x00007ffac34f0000 - 0x00007ffac3604000 	C:\WINDOWS\System32\RPCRT4.dll
0x00007ffac33b0000 - 0x00007ffac3421000 	C:\WINDOWS\System32\WS2_32.dll
0x00007ffac0610000 - 0x00007ffac065d000 	C:\WINDOWS\SYSTEM32\POWRPROF.dll
0x00007ffabb7e0000 - 0x00007ffabb814000 	C:\WINDOWS\SYSTEM32\WINMM.dll
0x00007ffab7af0000 - 0x00007ffab7afa000 	C:\WINDOWS\SYSTEM32\VERSION.dll
0x00007ffac05f0000 - 0x00007ffac0603000 	C:\WINDOWS\SYSTEM32\UMPDC.dll
0x00007ffabf730000 - 0x00007ffabf748000 	C:\WINDOWS\SYSTEM32\kernel.appcore.dll
0x00007ffaa5ec0000 - 0x00007ffaa5eca000 	C:\Program Files\Eclipse Adoptium\jdk-17.0.15.6-hotspot\bin\jimage.dll
0x00007ffabdec0000 - 0x00007ffabe0f3000 	C:\WINDOWS\SYSTEM32\DBGHELP.DLL
0x00007ffac18e0000 - 0x00007ffac1c73000 	C:\WINDOWS\System32\combase.dll
0x00007ffac1c80000 - 0x00007ffac1d57000 	C:\WINDOWS\System32\OLEAUT32.dll
0x00007ffab9270000 - 0x00007ffab92a2000 	C:\WINDOWS\SYSTEM32\dbgcore.DLL
0x00007ffac0a70000 - 0x00007ffac0aeb000 	C:\WINDOWS\System32\bcryptPrimitives.dll
0x00007ffa55320000 - 0x00007ffa55345000 	C:\Program Files\Eclipse Adoptium\jdk-17.0.15.6-hotspot\bin\java.dll
0x00007ff9f0ca0000 - 0x00007ff9f0d77000 	C:\Program Files\Eclipse Adoptium\jdk-17.0.15.6-hotspot\bin\jsvml.dll
0x00007ffac1e50000 - 0x00007ffac26f2000 	C:\WINDOWS\System32\SHELL32.dll
0x00007ffac0930000 - 0x00007ffac0a6f000 	C:\WINDOWS\System32\wintypes.dll
0x00007ffabe620000 - 0x00007ffabef3d000 	C:\WINDOWS\SYSTEM32\windows.storage.dll
0x00007ffac31f0000 - 0x00007ffac32fc000 	C:\WINDOWS\System32\SHCORE.dll
0x00007ffac1710000 - 0x00007ffac1779000 	C:\WINDOWS\System32\shlwapi.dll
0x00007ffac0670000 - 0x00007ffac069b000 	C:\WINDOWS\SYSTEM32\profapi.dll
0x00007ffa92be0000 - 0x00007ffa92bf9000 	C:\Program Files\Eclipse Adoptium\jdk-17.0.15.6-hotspot\bin\net.dll
0x00007ffabb820000 - 0x00007ffabb94c000 	C:\WINDOWS\SYSTEM32\WINHTTP.dll
0x00007ffabfbb0000 - 0x00007ffabfc19000 	C:\WINDOWS\system32\mswsock.dll
0x00007ffa8e360000 - 0x00007ffa8e376000 	C:\Program Files\Eclipse Adoptium\jdk-17.0.15.6-hotspot\bin\nio.dll
0x00007ffa8a0c0000 - 0x00007ffa8a0d8000 	C:\Program Files\Eclipse Adoptium\jdk-17.0.15.6-hotspot\bin\zip.dll
0x00007ffaa5eb0000 - 0x00007ffaa5ec0000 	C:\Program Files\Eclipse Adoptium\jdk-17.0.15.6-hotspot\bin\verify.dll

dbghelp: loaded successfully - version: 4.0.5 - missing functions: none
symbol engine: initialized successfully - sym options: 0x614 - pdb path: .;C:\Program Files\Eclipse Adoptium\jdk-17.0.15.6-hotspot\bin;C:\WINDOWS\SYSTEM32;C:\WINDOWS\WinSxS\amd64_microsoft.windows.common-controls_6595b64144ccf1df_6.0.22621.5547_none_27104afb73855772;C:\Program Files\Eclipse Adoptium\jdk-17.0.15.6-hotspot\bin\server

VM Arguments:
jvm_args: -Xmx64m -Xms64m -Dorg.gradle.appname=gradlew 
java_command: C:\Users\cainh\Desktop\PI3-mais-autonomia\MaisAutonomia\android\\gradle\wrapper\gradle-wrapper.jar app:installDebug -PreactNativeDevServerPort=8081
java_class_path (initial): C:\Users\cainh\Desktop\PI3-mais-autonomia\MaisAutonomia\android\\gradle\wrapper\gradle-wrapper.jar
Launcher Type: SUN_STANDARD

[Global flags]
     intx CICompilerCount                          = 4                                         {product} {ergonomic}
     uint ConcGCThreads                            = 2                                         {product} {ergonomic}
     uint G1ConcRefinementThreads                  = 8                                         {product} {ergonomic}
   size_t G1HeapRegionSize                         = 1048576                                   {product} {ergonomic}
    uintx GCDrainStackTargetSize                   = 64                                        {product} {ergonomic}
   size_t InitialHeapSize                          = 67108864                                  {product} {command line}
   size_t MarkStackSize                            = 4194304                                   {product} {ergonomic}
   size_t MaxHeapSize                              = 67108864                                  {product} {command line}
   size_t MaxNewSize                               = 39845888                                  {product} {ergonomic}
   size_t MinHeapDeltaBytes                        = 1048576                                   {product} {ergonomic}
   size_t MinHeapSize                              = 67108864                                  {product} {command line}
    uintx NonNMethodCodeHeapSize                   = 5839372                                {pd product} {ergonomic}
    uintx NonProfiledCodeHeapSize                  = 122909434                              {pd product} {ergonomic}
    uintx ProfiledCodeHeapSize                     = 122909434                              {pd product} {ergonomic}
    uintx ReservedCodeCacheSize                    = 251658240                              {pd product} {ergonomic}
     bool SegmentedCodeCache                       = true                                      {product} {ergonomic}
   size_t SoftMaxHeapSize                          = 67108864                               {manageable} {ergonomic}
     bool UseCompressedClassPointers               = true                           {product lp64_product} {ergonomic}
     bool UseCompressedOops                        = true                           {product lp64_product} {ergonomic}
     bool UseG1GC                                  = true                                      {product} {ergonomic}
     bool UseLargePagesIndividualAllocation        = false                                  {pd product} {ergonomic}

Logging:
Log output configuration:
 #0: stdout all=warning uptime,level,tags
 #1: stderr all=off uptime,level,tags

Environment Variables:
JAVA_HOME=C:\Program Files\Eclipse Adoptium\jdk-17.0.15.6-hotspot
PATH=C:\Users\cainh\Desktop\PI3-mais-autonomia\MaisAutonomia\node_modules\.bin;C:\Users\cainh\Desktop\PI3-mais-autonomia\MaisAutonomia\node_modules\.bin;C:\Users\cainh\Desktop\PI3-mais-autonomia\node_modules\.bin;C:\Users\cainh\Desktop\node_modules\.bin;C:\Users\cainh\node_modules\.bin;C:\Users\node_modules\.bin;C:\node_modules\.bin;C:\Users\cainh\AppData\Roaming\npm\node_modules\npm\node_modules\@npmcli\run-script\lib\node-gyp-bin;C:\Program Files\Eclipse Adoptium\jdk-17.0.15.6-hotspot\bin;C:\Users\cainh\AppData\Local\Android\Sdk\platform-tools;C:\Program Files\Common Files\Oracle\Java\javapath;C:\Python312\Scripts\;C:\Python312\;C:\Program Files (x86)\Common Files\Intel\Shared Libraries\redist\intel64\compiler;C:\WINDOWS\system32;C:\WINDOWS;C:\WINDOWS\System32\Wbem;C:\WINDOWS\System32\WindowsPowerShell\v1.0\;C:\WINDOWS\System32\OpenSSH\;C:\Program Files (x86)\Yarn\bin\;C:\Program Files\nodejs\;C:\ProgramData\chocolatey\bin;C:\Program Files\Git\cmd;C:\Program Files\dotnet\;c:\Users\cainh\AppData\Local\Programs\cursor\resources\app\bin;C:\Program Files\Java\jdk-24\bin;C:\Program Files\Eclipse Adoptium\jdk-17.0.15.6-hotspot\bin;C:\Users\cainh\AppData\Local\Android\Sdk\platform-tools;C:\Users\cainh\AppData\Local\Android\Sdk\emulator;C:\Users\cainh\AppData\Local\Android\Sdk\tools;C:\Users\cainh\AppData\Local\Android\Sdk\tools\bin;C:\Users\cainh\AppData\Local\Microsoft\WindowsApps;C:\Users\cainh\AppData\Local\Yarn\bin;C:\Users\cainh\AppData\Local\Programs\Microsoft VS Code\bin;C:\Users\cainh\AppData\Roaming\npm;C:\Users\cainh\AppData\Local\Muse Hub\lib;C:\Users\cainh\AppData\Local\GitHubDesktop\bin;C:\Users\cainh\AppData\Local\Programs\cursor\resources\app\bin
USERNAME=cainh
OS=Windows_NT
PROCESSOR_IDENTIFIER=AMD64 Family 23 Model 24 Stepping 1, AuthenticAMD
TMP=C:\Users\cainh\AppData\Local\Temp
TEMP=C:\Users\cainh\AppData\Local\Temp



Periodic native trim disabled


---------------  S Y S T E M  ---------------

OS:
 Windows 11 , 64 bit Build 22621 (10.0.22621.5415)
OS uptime: 7 days 2:47 hours
Hyper-V role detected

CPU: total 8 (initial active 8) (8 cores per cpu, 2 threads per core) family 23 model 24 stepping 1 microcode 0x0, cx8, cmov, fxsr, ht, mmx, 3dnowpref, sse, sse2, sse3, ssse3, sse4a, sse4.1, sse4.2, popcnt, lzcnt, tsc, tscinvbit, avx, avx2, aes, clmul, bmi1, bmi2, adx, sha, fma, vzeroupper, clflush, clflushopt, hv
Processor Information for all 8 processors :
  Max Mhz: 2100, Current Mhz: 2100, Mhz Limit: 2100

Memory: 4k page, system-wide physical 6020M (246M free)
TotalPageFile size 24452M (AvailPageFile size 2M)
current process WorkingSet (physical memory assigned to process): 66M, peak: 66M
current process commit charge ("private bytes"): 149M, peak: 149M

vm_info: OpenJDK 64-Bit Server VM (17.0.15+6) for windows-amd64 JRE (17.0.15+6), built on Apr 15 2025 21:25:47 by "admin" with MS VC++ 17.7 (VS2022)

END.
