#
# There is insufficient memory for the Java Runtime Environment to continue.
# Native memory allocation (malloc) failed to allocate 815296 bytes. Error detail: Chunk::new
# Possible reasons:
#   The system is out of physical RAM or swap space
#   This process is running with CompressedOops enabled, and the Java Heap may be blocking the growth of the native heap
# Possible solutions:
#   Reduce memory load on the system
#   Increase physical memory or swap space
#   Check if swap backing store is full
#   Decrease Java heap size (-Xmx/-Xms)
#   Decrease number of Java threads
#   Decrease Java thread stack sizes (-Xss)
#   Set larger code cache with -XX:ReservedCodeCacheSize=
#   JVM is running with Unscaled Compressed Oops mode in which the Java heap is
#     placed in the first 4GB address space. The Java Heap base address is the
#     maximum limit for the native heap growth. Please use -XX:HeapBaseMinAddress
#     to set the Java Heap base and to place the Java Heap above 4GB virtual address.
# This output file may be truncated or incomplete.
#
#  Out of Memory Error (arena.cpp:191), pid=79632, tid=57504
#
# JRE version: OpenJDK Runtime Environment Temurin-17.0.15+6 (17.0.15+6) (build 17.0.15+6)
# Java VM: OpenJDK 64-Bit Server VM Temurin-17.0.15+6 (17.0.15+6, mixed mode, sharing, tiered, compressed oops, compressed class ptrs, g1 gc, windows-amd64)
# No core dump will be written. Minidumps are not enabled by default on client versions of Windows
#

---------------  S U M M A R Y ------------

Command Line: --add-opens=java.base/java.lang=ALL-UNNAMED --add-opens=java.base/java.lang.invoke=ALL-UNNAMED --add-opens=java.base/java.util=ALL-UNNAMED --add-opens=java.prefs/java.util.prefs=ALL-UNNAMED --add-exports=jdk.compiler/com.sun.tools.javac.api=ALL-UNNAMED --add-exports=jdk.compiler/com.sun.tools.javac.util=ALL-UNNAMED --add-opens=java.base/java.util=ALL-UNNAMED --add-opens=java.prefs/java.util.prefs=ALL-UNNAMED --add-opens=java.base/java.nio.charset=ALL-UNNAMED --add-opens=java.base/java.net=ALL-UNNAMED --add-opens=java.base/java.util.concurrent.atomic=ALL-UNNAMED --add-opens=java.xml/javax.xml.namespace=ALL-UNNAMED -XX:MaxMetaspaceSize=512m -Xmx2048m -Dfile.encoding=windows-1252 -Duser.country=BR -Duser.language=pt -Duser.variant -javaagent:C:\Users\cainh\.gradle\wrapper\dists\gradle-8.14.1-bin\baw1sv0jfoi8rxs14qo3h49cs\gradle-8.14.1\lib\agents\gradle-instrumentation-agent-8.14.1.jar org.gradle.launcher.daemon.bootstrap.GradleDaemon 8.14.1

Host: AMD Ryzen 5 3500U with Radeon Vega Mobile Gfx  , 8 cores, 5G,  Windows 11 , 64 bit Build 22621 (10.0.22621.5415)
Time: Wed Jul 16 01:53:18 2025 Hora Padrão de Buenos Aires elapsed time: 18.849230 seconds (0d 0h 0m 18s)

---------------  T H R E A D  ---------------

Current thread (0x00000261f5083750):  JavaThread "C2 CompilerThread0" daemon [_thread_in_native, id=57504, stack(0x000000ac71c00000,0x000000ac71d00000)]


Current CompileTask:
C2:  18849 2414   !   4       java.lang.ClassLoader::loadClass (121 bytes)

Stack: [0x000000ac71c00000,0x000000ac71d00000]
Native frames: (J=compiled Java code, j=interpreted, Vv=VM code, C=native code)
V  [jvm.dll+0x682fc9]
V  [jvm.dll+0x839878]
V  [jvm.dll+0x83b323]
V  [jvm.dll+0x83b993]
V  [jvm.dll+0x24725f]
V  [jvm.dll+0xacea4]
V  [jvm.dll+0xad53c]
V  [jvm.dll+0x2aca8f]
V  [jvm.dll+0x589079]
V  [jvm.dll+0x2210b2]
V  [jvm.dll+0x219ed2]
V  [jvm.dll+0x21758b]
V  [jvm.dll+0x1a31b0]
V  [jvm.dll+0x227a9c]
V  [jvm.dll+0x225bfb]
V  [jvm.dll+0x7ef018]
V  [jvm.dll+0x7e94dc]
V  [jvm.dll+0x681ea7]
C  [ucrtbase.dll+0x29333]
C  [KERNEL32.DLL+0x1259d]
C  [ntdll.dll+0x5af78]


---------------  P R O C E S S  ---------------

Threads class SMR info:
_java_thread_list=0x00000261faee3270, length=25, elements={
0x00000261d6bb9170, 0x00000261f50633b0, 0x00000261f5064230, 0x00000261f507c640,
0x00000261f507d200, 0x00000261f507fbd0, 0x00000261f5080590, 0x00000261f5083750,
0x00000261f5087700, 0x00000261f508c520, 0x00000261f52aa160, 0x00000261f53b3b90,
0x00000261fa06bfa0, 0x00000261fad4b4d0, 0x00000261fad88640, 0x00000261fafc86d0,
0x00000261f5361980, 0x00000261f5d14da0, 0x00000261f5d157c0, 0x00000261f5d152b0,
0x00000261f5d15cd0, 0x00000261f5d161e0, 0x00000261f5d13e70, 0x00000261f5d166f0,
0x00000261f5d17110
}

Java Threads: ( => current thread )
  0x00000261d6bb9170 JavaThread "main" [_thread_blocked, id=77092, stack(0x000000ac70f00000,0x000000ac71000000)]
  0x00000261f50633b0 JavaThread "Reference Handler" daemon [_thread_blocked, id=54404, stack(0x000000ac71600000,0x000000ac71700000)]
  0x00000261f5064230 JavaThread "Finalizer" daemon [_thread_blocked, id=45504, stack(0x000000ac71700000,0x000000ac71800000)]
  0x00000261f507c640 JavaThread "Signal Dispatcher" daemon [_thread_blocked, id=75128, stack(0x000000ac71800000,0x000000ac71900000)]
  0x00000261f507d200 JavaThread "Attach Listener" daemon [_thread_blocked, id=41972, stack(0x000000ac71900000,0x000000ac71a00000)]
  0x00000261f507fbd0 JavaThread "Service Thread" daemon [_thread_blocked, id=42484, stack(0x000000ac71a00000,0x000000ac71b00000)]
  0x00000261f5080590 JavaThread "Monitor Deflation Thread" daemon [_thread_blocked, id=34648, stack(0x000000ac71b00000,0x000000ac71c00000)]
=>0x00000261f5083750 JavaThread "C2 CompilerThread0" daemon [_thread_in_native, id=57504, stack(0x000000ac71c00000,0x000000ac71d00000)]
  0x00000261f5087700 JavaThread "C1 CompilerThread0" daemon [_thread_blocked, id=53712, stack(0x000000ac71d00000,0x000000ac71e00000)]
  0x00000261f508c520 JavaThread "Sweeper thread" daemon [_thread_blocked, id=82984, stack(0x000000ac71e00000,0x000000ac71f00000)]
  0x00000261f52aa160 JavaThread "Common-Cleaner" daemon [_thread_blocked, id=20496, stack(0x000000ac71f00000,0x000000ac72000000)]
  0x00000261f53b3b90 JavaThread "Notification Thread" daemon [_thread_blocked, id=74612, stack(0x000000ac72000000,0x000000ac72100000)]
  0x00000261fa06bfa0 JavaThread "Daemon health stats" [_thread_blocked, id=55672, stack(0x000000ac72600000,0x000000ac72700000)]
  0x00000261fad4b4d0 JavaThread "Incoming local TCP Connector on port 52856" [_thread_in_native, id=23468, stack(0x000000ac72700000,0x000000ac72800000)]
  0x00000261fad88640 JavaThread "Daemon periodic checks" [_thread_blocked, id=60828, stack(0x000000ac72800000,0x000000ac72900000)]
  0x00000261fafc86d0 JavaThread "Daemon" [_thread_blocked, id=63524, stack(0x000000ac72900000,0x000000ac72a00000)]
  0x00000261f5361980 JavaThread "Handler for socket connection from /127.0.0.1:52856 to /127.0.0.1:52858" [_thread_in_native, id=80232, stack(0x000000ac72a00000,0x000000ac72b00000)]
  0x00000261f5d14da0 JavaThread "Cancel handler" [_thread_blocked, id=74696, stack(0x000000ac72b00000,0x000000ac72c00000)]
  0x00000261f5d157c0 JavaThread "Daemon worker" [_thread_in_vm, id=63064, stack(0x000000ac72c00000,0x000000ac72d00000)]
  0x00000261f5d152b0 JavaThread "Asynchronous log dispatcher for DefaultDaemonConnection: socket connection from /127.0.0.1:52856 to /127.0.0.1:52858" [_thread_blocked, id=59076, stack(0x000000ac72d00000,0x000000ac72e00000)]
  0x00000261f5d15cd0 JavaThread "Stdin handler" [_thread_blocked, id=66508, stack(0x000000ac72e00000,0x000000ac72f00000)]
  0x00000261f5d161e0 JavaThread "Daemon client event forwarder" [_thread_blocked, id=67876, stack(0x000000ac72f00000,0x000000ac73000000)]
  0x00000261f5d13e70 JavaThread "Cache worker for journal cache (C:\Users\cainh\.gradle\caches\journal-1)" [_thread_blocked, id=75632, stack(0x000000ac73300000,0x000000ac73400000)]
  0x00000261f5d166f0 JavaThread "File lock request listener" [_thread_in_native, id=73032, stack(0x000000ac73400000,0x000000ac73500000)]
  0x00000261f5d17110 JavaThread "Cache worker for file hash cache (C:\Users\cainh\.gradle\caches\8.14.1\fileHashes)" [_thread_blocked, id=14596, stack(0x000000ac73500000,0x000000ac73600000)]

Other Threads:
  0x00000261f505fe70 VMThread "VM Thread" [stack: 0x000000ac71500000,0x000000ac71600000] [id=57820]
  0x00000261d6bb9ff0 WatcherThread [stack: 0x000000ac72100000,0x000000ac72200000] [id=68552]
  0x00000261d6c11cc0 GCTaskThread "GC Thread#0" [stack: 0x000000ac71000000,0x000000ac71100000] [id=35688]
  0x00000261f5580e80 GCTaskThread "GC Thread#1" [stack: 0x000000ac72200000,0x000000ac72300000] [id=83468]
  0x00000261f55e7f30 GCTaskThread "GC Thread#2" [stack: 0x000000ac72300000,0x000000ac72400000] [id=36988]
  0x00000261fa183e00 GCTaskThread "GC Thread#3" [stack: 0x000000ac72400000,0x000000ac72500000] [id=64184]
  0x00000261fa013900 GCTaskThread "GC Thread#4" [stack: 0x000000ac72500000,0x000000ac72600000] [id=20824]
  0x00000261f54e76a0 GCTaskThread "GC Thread#5" [stack: 0x000000ac73000000,0x000000ac73100000] [id=60996]
  0x00000261faf90f90 GCTaskThread "GC Thread#6" [stack: 0x000000ac73100000,0x000000ac73200000] [id=40540]
  0x00000261faf91250 GCTaskThread "GC Thread#7" [stack: 0x000000ac73200000,0x000000ac73300000] [id=80804]
  0x00000261d4a1ec00 ConcurrentGCThread "G1 Main Marker" [stack: 0x000000ac71100000,0x000000ac71200000] [id=68192]
  0x00000261d6c22da0 ConcurrentGCThread "G1 Conc#0" [stack: 0x000000ac71200000,0x000000ac71300000] [id=28252]
  0x00000261f4f174f0 ConcurrentGCThread "G1 Refine#0" [stack: 0x000000ac71300000,0x000000ac71400000] [id=82616]
  0x00000261f4f17e30 ConcurrentGCThread "G1 Service" [stack: 0x000000ac71400000,0x000000ac71500000] [id=80508]

Threads with active compile tasks:
C2 CompilerThread0    18957 2414   !   4       java.lang.ClassLoader::loadClass (121 bytes)

VM state: not at safepoint (normal execution)

VM Mutex/Monitor currently owned by a thread: None

Heap address: 0x0000000080000000, size: 2048 MB, Compressed Oops mode: 32-bit

CDS archive(s) mapped at: [0x0000026180000000-0x0000026180bb0000-0x0000026180bb0000), size 12255232, SharedBaseAddress: 0x0000026180000000, ArchiveRelocationMode: 1.
Compressed class space mapped at: 0x0000026181000000-0x000002619b000000, reserved size: 436207616
Narrow klass base: 0x0000026180000000, Narrow klass shift: 0, Narrow klass range: 0x100000000

GC Precious Log:
 CPUs: 8 total, 8 available
 Memory: 6020M
 Large Page Support: Disabled
 NUMA Support: Disabled
 Compressed Oops: Enabled (32-bit)
 Heap Region Size: 1M
 Heap Min Capacity: 8M
 Heap Initial Capacity: 96M
 Heap Max Capacity: 2G
 Pre-touch: Disabled
 Parallel Workers: 8
 Concurrent Workers: 2
 Concurrent Refinement Workers: 8
 Periodic GC: Disabled

Heap:
 garbage-first heap   total 98304K, used 37477K [0x0000000080000000, 0x0000000100000000)
  region size 1024K, 25 young (25600K), 7 survivors (7168K)
 Metaspace       used 15080K, committed 15360K, reserved 491520K
  class space    used 2074K, committed 2176K, reserved 425984K

Heap Regions: E=young(eden), S=young(survivor), O=old, HS=humongous(starts), HC=humongous(continues), CS=collection set, F=free, OA=open archive, CA=closed archive, TAMS=top-at-mark-start (previous, next)
|   0|0x0000000080000000, 0x0000000080100000, 0x0000000080100000|100%|HS|  |TAMS 0x0000000080000000, 0x0000000080000000| Complete 
|   1|0x0000000080100000, 0x0000000080200000, 0x0000000080200000|100%|HC|  |TAMS 0x0000000080100000, 0x0000000080100000| Complete 
|   2|0x0000000080200000, 0x0000000080300000, 0x0000000080300000|100%|HC|  |TAMS 0x0000000080200000, 0x0000000080200000| Complete 
|   3|0x0000000080300000, 0x0000000080400000, 0x0000000080400000|100%| O|  |TAMS 0x0000000080300000, 0x0000000080300000| Untracked 
|   4|0x0000000080400000, 0x0000000080500000, 0x0000000080500000|100%| O|  |TAMS 0x0000000080400000, 0x0000000080400000| Untracked 
|   5|0x0000000080500000, 0x0000000080600000, 0x0000000080600000|100%| O|  |TAMS 0x0000000080500000, 0x0000000080500000| Untracked 
|   6|0x0000000080600000, 0x0000000080700000, 0x0000000080700000|100%|HS|  |TAMS 0x0000000080600000, 0x0000000080600000| Complete 
|   7|0x0000000080700000, 0x0000000080799400, 0x0000000080800000| 59%| O|  |TAMS 0x0000000080700000, 0x0000000080700000| Untracked 
|   8|0x0000000080800000, 0x0000000080900000, 0x0000000080900000|100%| O|  |TAMS 0x0000000080800000, 0x0000000080800000| Untracked 
|   9|0x0000000080900000, 0x0000000080a00000, 0x0000000080a00000|100%| O|  |TAMS 0x0000000080900000, 0x0000000080900000| Untracked 
|  10|0x0000000080a00000, 0x0000000080b00000, 0x0000000080b00000|100%| O|  |TAMS 0x0000000080a00000, 0x0000000080a00000| Untracked 
|  11|0x0000000080b00000, 0x0000000080c00000, 0x0000000080c00000|100%| O|  |TAMS 0x0000000080b00000, 0x0000000080b00000| Untracked 
|  12|0x0000000080c00000, 0x0000000080d00000, 0x0000000080d00000|100%| O|  |TAMS 0x0000000080c00000, 0x0000000080c00000| Untracked 
|  13|0x0000000080d00000, 0x0000000080d00000, 0x0000000080e00000|  0%| F|  |TAMS 0x0000000080d00000, 0x0000000080d00000| Untracked 
|  14|0x0000000080e00000, 0x0000000080e00000, 0x0000000080f00000|  0%| F|  |TAMS 0x0000000080e00000, 0x0000000080e00000| Untracked 
|  15|0x0000000080f00000, 0x0000000080f00000, 0x0000000081000000|  0%| F|  |TAMS 0x0000000080f00000, 0x0000000080f00000| Untracked 
|  16|0x0000000081000000, 0x0000000081000000, 0x0000000081100000|  0%| F|  |TAMS 0x0000000081000000, 0x0000000081000000| Untracked 
|  17|0x0000000081100000, 0x0000000081100000, 0x0000000081200000|  0%| F|  |TAMS 0x0000000081100000, 0x0000000081100000| Untracked 
|  18|0x0000000081200000, 0x0000000081200000, 0x0000000081300000|  0%| F|  |TAMS 0x0000000081200000, 0x0000000081200000| Untracked 
|  19|0x0000000081300000, 0x0000000081300000, 0x0000000081400000|  0%| F|  |TAMS 0x0000000081300000, 0x0000000081300000| Untracked 
|  20|0x0000000081400000, 0x0000000081400000, 0x0000000081500000|  0%| F|  |TAMS 0x0000000081400000, 0x0000000081400000| Untracked 
|  21|0x0000000081500000, 0x0000000081500000, 0x0000000081600000|  0%| F|  |TAMS 0x0000000081500000, 0x0000000081500000| Untracked 
|  22|0x0000000081600000, 0x0000000081600000, 0x0000000081700000|  0%| F|  |TAMS 0x0000000081600000, 0x0000000081600000| Untracked 
|  23|0x0000000081700000, 0x0000000081700000, 0x0000000081800000|  0%| F|  |TAMS 0x0000000081700000, 0x0000000081700000| Untracked 
|  24|0x0000000081800000, 0x0000000081800000, 0x0000000081900000|  0%| F|  |TAMS 0x0000000081800000, 0x0000000081800000| Untracked 
|  25|0x0000000081900000, 0x0000000081900000, 0x0000000081a00000|  0%| F|  |TAMS 0x0000000081900000, 0x0000000081900000| Untracked 
|  26|0x0000000081a00000, 0x0000000081a00000, 0x0000000081b00000|  0%| F|  |TAMS 0x0000000081a00000, 0x0000000081a00000| Untracked 
|  27|0x0000000081b00000, 0x0000000081b00000, 0x0000000081c00000|  0%| F|  |TAMS 0x0000000081b00000, 0x0000000081b00000| Untracked 
|  28|0x0000000081c00000, 0x0000000081c00000, 0x0000000081d00000|  0%| F|  |TAMS 0x0000000081c00000, 0x0000000081c00000| Untracked 
|  29|0x0000000081d00000, 0x0000000081d00000, 0x0000000081e00000|  0%| F|  |TAMS 0x0000000081d00000, 0x0000000081d00000| Untracked 
|  30|0x0000000081e00000, 0x0000000081e00000, 0x0000000081f00000|  0%| F|  |TAMS 0x0000000081e00000, 0x0000000081e00000| Untracked 
|  31|0x0000000081f00000, 0x0000000081f00000, 0x0000000082000000|  0%| F|  |TAMS 0x0000000081f00000, 0x0000000081f00000| Untracked 
|  32|0x0000000082000000, 0x0000000082000000, 0x0000000082100000|  0%| F|  |TAMS 0x0000000082000000, 0x0000000082000000| Untracked 
|  33|0x0000000082100000, 0x0000000082100000, 0x0000000082200000|  0%| F|  |TAMS 0x0000000082100000, 0x0000000082100000| Untracked 
|  34|0x0000000082200000, 0x0000000082200000, 0x0000000082300000|  0%| F|  |TAMS 0x0000000082200000, 0x0000000082200000| Untracked 
|  35|0x0000000082300000, 0x0000000082300000, 0x0000000082400000|  0%| F|  |TAMS 0x0000000082300000, 0x0000000082300000| Untracked 
|  36|0x0000000082400000, 0x0000000082500000, 0x0000000082500000|100%| S|CS|TAMS 0x0000000082400000, 0x0000000082400000| Complete 
|  37|0x0000000082500000, 0x0000000082600000, 0x0000000082600000|100%| S|CS|TAMS 0x0000000082500000, 0x0000000082500000| Complete 
|  38|0x0000000082600000, 0x0000000082700000, 0x0000000082700000|100%| S|CS|TAMS 0x0000000082600000, 0x0000000082600000| Complete 
|  39|0x0000000082700000, 0x0000000082800000, 0x0000000082800000|100%| S|CS|TAMS 0x0000000082700000, 0x0000000082700000| Complete 
|  40|0x0000000082800000, 0x0000000082900000, 0x0000000082900000|100%| S|CS|TAMS 0x0000000082800000, 0x0000000082800000| Complete 
|  41|0x0000000082900000, 0x0000000082a00000, 0x0000000082a00000|100%| S|CS|TAMS 0x0000000082900000, 0x0000000082900000| Complete 
|  42|0x0000000082a00000, 0x0000000082b00000, 0x0000000082b00000|100%| S|CS|TAMS 0x0000000082a00000, 0x0000000082a00000| Complete 
|  43|0x0000000082b00000, 0x0000000082b00000, 0x0000000082c00000|  0%| F|  |TAMS 0x0000000082b00000, 0x0000000082b00000| Untracked 
|  44|0x0000000082c00000, 0x0000000082c00000, 0x0000000082d00000|  0%| F|  |TAMS 0x0000000082c00000, 0x0000000082c00000| Untracked 
|  45|0x0000000082d00000, 0x0000000082d00000, 0x0000000082e00000|  0%| F|  |TAMS 0x0000000082d00000, 0x0000000082d00000| Untracked 
|  46|0x0000000082e00000, 0x0000000082e00000, 0x0000000082f00000|  0%| F|  |TAMS 0x0000000082e00000, 0x0000000082e00000| Untracked 
|  47|0x0000000082f00000, 0x0000000082f00000, 0x0000000083000000|  0%| F|  |TAMS 0x0000000082f00000, 0x0000000082f00000| Untracked 
|  48|0x0000000083000000, 0x0000000083000000, 0x0000000083100000|  0%| F|  |TAMS 0x0000000083000000, 0x0000000083000000| Untracked 
|  49|0x0000000083100000, 0x0000000083100000, 0x0000000083200000|  0%| F|  |TAMS 0x0000000083100000, 0x0000000083100000| Untracked 
|  50|0x0000000083200000, 0x0000000083200000, 0x0000000083300000|  0%| F|  |TAMS 0x0000000083200000, 0x0000000083200000| Untracked 
|  51|0x0000000083300000, 0x0000000083300000, 0x0000000083400000|  0%| F|  |TAMS 0x0000000083300000, 0x0000000083300000| Untracked 
|  52|0x0000000083400000, 0x0000000083400000, 0x0000000083500000|  0%| F|  |TAMS 0x0000000083400000, 0x0000000083400000| Untracked 
|  53|0x0000000083500000, 0x0000000083500000, 0x0000000083600000|  0%| F|  |TAMS 0x0000000083500000, 0x0000000083500000| Untracked 
|  54|0x0000000083600000, 0x0000000083600000, 0x0000000083700000|  0%| F|  |TAMS 0x0000000083600000, 0x0000000083600000| Untracked 
|  55|0x0000000083700000, 0x0000000083700000, 0x0000000083800000|  0%| F|  |TAMS 0x0000000083700000, 0x0000000083700000| Untracked 
|  56|0x0000000083800000, 0x0000000083800000, 0x0000000083900000|  0%| F|  |TAMS 0x0000000083800000, 0x0000000083800000| Untracked 
|  57|0x0000000083900000, 0x0000000083900000, 0x0000000083a00000|  0%| F|  |TAMS 0x0000000083900000, 0x0000000083900000| Untracked 
|  58|0x0000000083a00000, 0x0000000083a00000, 0x0000000083b00000|  0%| F|  |TAMS 0x0000000083a00000, 0x0000000083a00000| Untracked 
|  59|0x0000000083b00000, 0x0000000083b00000, 0x0000000083c00000|  0%| F|  |TAMS 0x0000000083b00000, 0x0000000083b00000| Untracked 
|  60|0x0000000083c00000, 0x0000000083c00000, 0x0000000083d00000|  0%| F|  |TAMS 0x0000000083c00000, 0x0000000083c00000| Untracked 
|  61|0x0000000083d00000, 0x0000000083d00000, 0x0000000083e00000|  0%| F|  |TAMS 0x0000000083d00000, 0x0000000083d00000| Untracked 
|  62|0x0000000083e00000, 0x0000000083e00000, 0x0000000083f00000|  0%| F|  |TAMS 0x0000000083e00000, 0x0000000083e00000| Untracked 
|  63|0x0000000083f00000, 0x0000000083f00000, 0x0000000084000000|  0%| F|  |TAMS 0x0000000083f00000, 0x0000000083f00000| Untracked 
|  64|0x0000000084000000, 0x0000000084000000, 0x0000000084100000|  0%| F|  |TAMS 0x0000000084000000, 0x0000000084000000| Untracked 
|  65|0x0000000084100000, 0x0000000084100000, 0x0000000084200000|  0%| F|  |TAMS 0x0000000084100000, 0x0000000084100000| Untracked 
|  66|0x0000000084200000, 0x0000000084200000, 0x0000000084300000|  0%| F|  |TAMS 0x0000000084200000, 0x0000000084200000| Untracked 
|  67|0x0000000084300000, 0x0000000084300000, 0x0000000084400000|  0%| F|  |TAMS 0x0000000084300000, 0x0000000084300000| Untracked 
|  68|0x0000000084400000, 0x0000000084400000, 0x0000000084500000|  0%| F|  |TAMS 0x0000000084400000, 0x0000000084400000| Untracked 
|  69|0x0000000084500000, 0x0000000084500000, 0x0000000084600000|  0%| F|  |TAMS 0x0000000084500000, 0x0000000084500000| Untracked 
|  70|0x0000000084600000, 0x0000000084600000, 0x0000000084700000|  0%| F|  |TAMS 0x0000000084600000, 0x0000000084600000| Untracked 
|  71|0x0000000084700000, 0x0000000084700000, 0x0000000084800000|  0%| F|  |TAMS 0x0000000084700000, 0x0000000084700000| Untracked 
|  72|0x0000000084800000, 0x0000000084800000, 0x0000000084900000|  0%| F|  |TAMS 0x0000000084800000, 0x0000000084800000| Untracked 
|  73|0x0000000084900000, 0x0000000084900000, 0x0000000084a00000|  0%| F|  |TAMS 0x0000000084900000, 0x0000000084900000| Untracked 
|  74|0x0000000084a00000, 0x0000000084a00000, 0x0000000084b00000|  0%| F|  |TAMS 0x0000000084a00000, 0x0000000084a00000| Untracked 
|  75|0x0000000084b00000, 0x0000000084b00000, 0x0000000084c00000|  0%| F|  |TAMS 0x0000000084b00000, 0x0000000084b00000| Untracked 
|  76|0x0000000084c00000, 0x0000000084c00000, 0x0000000084d00000|  0%| F|  |TAMS 0x0000000084c00000, 0x0000000084c00000| Untracked 
|  77|0x0000000084d00000, 0x0000000084d00000, 0x0000000084e00000|  0%| F|  |TAMS 0x0000000084d00000, 0x0000000084d00000| Untracked 
|  78|0x0000000084e00000, 0x0000000084f00000, 0x0000000084f00000|100%| E|  |TAMS 0x0000000084e00000, 0x0000000084e00000| Complete 
|  79|0x0000000084f00000, 0x0000000085000000, 0x0000000085000000|100%| E|CS|TAMS 0x0000000084f00000, 0x0000000084f00000| Complete 
|  80|0x0000000085000000, 0x0000000085100000, 0x0000000085100000|100%| E|CS|TAMS 0x0000000085000000, 0x0000000085000000| Complete 
|  81|0x0000000085100000, 0x0000000085200000, 0x0000000085200000|100%| E|CS|TAMS 0x0000000085100000, 0x0000000085100000| Complete 
|  82|0x0000000085200000, 0x0000000085300000, 0x0000000085300000|100%| E|CS|TAMS 0x0000000085200000, 0x0000000085200000| Complete 
|  83|0x0000000085300000, 0x0000000085400000, 0x0000000085400000|100%| E|CS|TAMS 0x0000000085300000, 0x0000000085300000| Complete 
|  84|0x0000000085400000, 0x0000000085500000, 0x0000000085500000|100%| E|CS|TAMS 0x0000000085400000, 0x0000000085400000| Complete 
|  85|0x0000000085500000, 0x0000000085600000, 0x0000000085600000|100%| E|CS|TAMS 0x0000000085500000, 0x0000000085500000| Complete 
|  86|0x0000000085600000, 0x0000000085700000, 0x0000000085700000|100%| E|CS|TAMS 0x0000000085600000, 0x0000000085600000| Complete 
|  87|0x0000000085700000, 0x0000000085800000, 0x0000000085800000|100%| E|CS|TAMS 0x0000000085700000, 0x0000000085700000| Complete 
|  88|0x0000000085800000, 0x0000000085900000, 0x0000000085900000|100%| E|CS|TAMS 0x0000000085800000, 0x0000000085800000| Complete 
|  89|0x0000000085900000, 0x0000000085a00000, 0x0000000085a00000|100%| E|CS|TAMS 0x0000000085900000, 0x0000000085900000| Complete 
|  90|0x0000000085a00000, 0x0000000085b00000, 0x0000000085b00000|100%| E|CS|TAMS 0x0000000085a00000, 0x0000000085a00000| Complete 
|  91|0x0000000085b00000, 0x0000000085c00000, 0x0000000085c00000|100%| E|CS|TAMS 0x0000000085b00000, 0x0000000085b00000| Complete 
|  92|0x0000000085c00000, 0x0000000085d00000, 0x0000000085d00000|100%| E|CS|TAMS 0x0000000085c00000, 0x0000000085c00000| Complete 
|  93|0x0000000085d00000, 0x0000000085e00000, 0x0000000085e00000|100%| E|CS|TAMS 0x0000000085d00000, 0x0000000085d00000| Complete 
|  94|0x0000000085e00000, 0x0000000085f00000, 0x0000000085f00000|100%| E|CS|TAMS 0x0000000085e00000, 0x0000000085e00000| Complete 
|  95|0x0000000085f00000, 0x0000000086000000, 0x0000000086000000|100%| E|CS|TAMS 0x0000000085f00000, 0x0000000085f00000| Complete 

Card table byte_map: [0x00000261ede40000,0x00000261ee240000] _byte_map_base: 0x00000261eda40000

Marking Bits (Prev, Next): (CMBitMap*) 0x00000261d4a1e300, (CMBitMap*) 0x00000261d4a1e340
 Prev Bits: [0x00000261ee640000, 0x00000261f0640000)
 Next Bits: [0x00000261f0640000, 0x00000261f2640000)

Polling page: 0x00000261d4ad0000

Metaspace:

Usage:
  Non-class:     12.73 MB used.
      Class:      2.03 MB used.
       Both:     14.77 MB used.

Virtual space:
  Non-class space:       64.00 MB reserved,      12.88 MB ( 20%) committed,  1 nodes.
      Class space:      416.00 MB reserved,       2.12 MB ( <1%) committed,  1 nodes.
             Both:      480.00 MB reserved,      15.00 MB (  3%) committed. 

Chunk freelists:
   Non-Class:  2.58 MB
       Class:  13.81 MB
        Both:  16.39 MB

MaxMetaspaceSize: 512.00 MB
CompressedClassSpaceSize: 416.00 MB
Initial GC threshold: 21.00 MB
Current GC threshold: 21.00 MB
CDS: on
MetaspaceReclaimPolicy: balanced
 - commit_granule_bytes: 65536.
 - commit_granule_words: 8192.
 - virtual_space_node_default_size: 8388608.
 - enlarge_chunks_in_place: 1.
 - new_chunks_are_fully_committed: 0.
 - uncommit_free_chunks: 1.
 - use_allocation_guard: 0.
 - handle_deallocations: 1.


Internal statistics:

num_allocs_failed_limit: 0.
num_arena_births: 182.
num_arena_deaths: 0.
num_vsnodes_births: 2.
num_vsnodes_deaths: 0.
num_space_committed: 240.
num_space_uncommitted: 0.
num_chunks_returned_to_freelist: 0.
num_chunks_taken_from_freelist: 663.
num_chunk_merges: 0.
num_chunk_splits: 439.
num_chunks_enlarged: 331.
num_inconsistent_stats: 0.

CodeHeap 'non-profiled nmethods': size=120000Kb used=1156Kb max_used=1156Kb free=118843Kb
 bounds [0x00000261e61d0000, 0x00000261e6440000, 0x00000261ed700000]
CodeHeap 'profiled nmethods': size=120000Kb used=5010Kb max_used=5010Kb free=114989Kb
 bounds [0x00000261de700000, 0x00000261debf0000, 0x00000261e5c30000]
CodeHeap 'non-nmethods': size=5760Kb used=1226Kb max_used=1236Kb free=4533Kb
 bounds [0x00000261e5c30000, 0x00000261e5ea0000, 0x00000261e61d0000]
 total_blobs=2988 nmethods=2457 adapters=443
 compilation: enabled
              stopped_count=0, restarted_count=0
 full_count=0

Compilation events (20 events):
Event: 18.826 Thread 0x00000261f5087700 2443       3       com.google.common.collect.ImmutableList$Builder::add (29 bytes)
Event: 18.827 Thread 0x00000261f5087700 nmethod 2443 0x00000261debd9510 code [0x00000261debd96e0, 0x00000261debd9b58]
Event: 18.827 Thread 0x00000261f5087700 2447       1       java.lang.reflect.Method::getMethodAccessor (5 bytes)
Event: 18.827 Thread 0x00000261f5087700 nmethod 2447 0x00000261e62f0010 code [0x00000261e62f01a0, 0x00000261e62f0278]
Event: 18.827 Thread 0x00000261f5087700 2448       1       jdk.internal.reflect.NativeMethodAccessorImpl::setParent (6 bytes)
Event: 18.827 Thread 0x00000261f5087700 nmethod 2448 0x00000261e62f0310 code [0x00000261e62f04a0, 0x00000261e62f05b8]
Event: 18.827 Thread 0x00000261f5087700 2449       3       jdk.internal.org.objectweb.asm.ClassWriter::visit (160 bytes)
Event: 18.828 Thread 0x00000261f5087700 nmethod 2449 0x00000261debd9d10 code [0x00000261debd9f40, 0x00000261debda758]
Event: 18.828 Thread 0x00000261f5087700 2451       3       jdk.internal.org.objectweb.asm.ClassWriter::toByteArray (1515 bytes)
Event: 18.840 Thread 0x00000261f5087700 nmethod 2451 0x00000261debdab90 code [0x00000261debdb4c0, 0x00000261debdf138]
Event: 18.841 Thread 0x00000261f5087700 2453       3       jdk.internal.misc.Unsafe::putIntUnaligned (79 bytes)
Event: 18.841 Thread 0x00000261f5087700 nmethod 2453 0x00000261debe1110 code [0x00000261debe12e0, 0x00000261debe1698]
Event: 18.841 Thread 0x00000261f5087700 2452       3       java.util.Collections$EmptySet::iterator (4 bytes)
Event: 18.842 Thread 0x00000261f5087700 nmethod 2452 0x00000261debe1790 code [0x00000261debe1920, 0x00000261debe1a98]
Event: 18.842 Thread 0x00000261f5087700 2450       3       jdk.internal.org.objectweb.asm.SymbolTable::setMajorVersionAndClassName (19 bytes)
Event: 18.842 Thread 0x00000261f5087700 nmethod 2450 0x00000261debe1b90 code [0x00000261debe1d40, 0x00000261debe1f48]
Event: 18.842 Thread 0x00000261f5087700 2454       3       jdk.internal.misc.Unsafe::getIntUnaligned (12 bytes)
Event: 18.842 Thread 0x00000261f5087700 nmethod 2454 0x00000261debe2090 code [0x00000261debe2240, 0x00000261debe2498]
Event: 18.843 Thread 0x00000261f5087700 2455       3       jdk.internal.misc.Unsafe::putIntUnaligned (14 bytes)
Event: 18.843 Thread 0x00000261f5087700 nmethod 2455 0x00000261debe2590 code [0x00000261debe2740, 0x00000261debe2978]

GC Heap History (8 events):
Event: 5.697 GC heap before
{Heap before GC invocations=0 (full 0):
 garbage-first heap   total 98304K, used 23552K [0x0000000080000000, 0x0000000100000000)
  region size 1024K, 23 young (23552K), 0 survivors (0K)
 Metaspace       used 1019K, committed 1152K, reserved 491520K
  class space    used 72K, committed 128K, reserved 425984K
}
Event: 5.723 GC heap after
{Heap after GC invocations=1 (full 0):
 garbage-first heap   total 98304K, used 1792K [0x0000000080000000, 0x0000000100000000)
  region size 1024K, 2 young (2048K), 2 survivors (2048K)
 Metaspace       used 1019K, committed 1152K, reserved 491520K
  class space    used 72K, committed 128K, reserved 425984K
}
Event: 9.520 GC heap before
{Heap before GC invocations=1 (full 0):
 garbage-first heap   total 98304K, used 37632K [0x0000000080000000, 0x0000000100000000)
  region size 1024K, 35 young (35840K), 2 survivors (2048K)
 Metaspace       used 4351K, committed 4544K, reserved 491520K
  class space    used 545K, committed 640K, reserved 425984K
}
Event: 9.539 GC heap after
{Heap after GC invocations=2 (full 0):
 garbage-first heap   total 98304K, used 10676K [0x0000000080000000, 0x0000000100000000)
  region size 1024K, 5 young (5120K), 5 survivors (5120K)
 Metaspace       used 4351K, committed 4544K, reserved 491520K
  class space    used 545K, committed 640K, reserved 425984K
}
Event: 12.118 GC heap before
{Heap before GC invocations=2 (full 0):
 garbage-first heap   total 98304K, used 51636K [0x0000000080000000, 0x0000000100000000)
  region size 1024K, 43 young (44032K), 5 survivors (5120K)
 Metaspace       used 4448K, committed 4608K, reserved 491520K
  class space    used 547K, committed 640K, reserved 425984K
}
Event: 12.135 GC heap after
{Heap after GC invocations=3 (full 0):
 garbage-first heap   total 98304K, used 14448K [0x0000000080000000, 0x0000000100000000)
  region size 1024K, 3 young (3072K), 3 survivors (3072K)
 Metaspace       used 4448K, committed 4608K, reserved 491520K
  class space    used 547K, committed 640K, reserved 425984K
}
Event: 17.999 GC heap before
{Heap before GC invocations=3 (full 0):
 garbage-first heap   total 98304K, used 65648K [0x0000000080000000, 0x0000000100000000)
  region size 1024K, 53 young (54272K), 3 survivors (3072K)
 Metaspace       used 12562K, committed 12800K, reserved 491520K
  class space    used 1681K, committed 1792K, reserved 425984K
}
Event: 18.013 GC heap after
{Heap after GC invocations=4 (full 0):
 garbage-first heap   total 98304K, used 20069K [0x0000000080000000, 0x0000000100000000)
  region size 1024K, 7 young (7168K), 7 survivors (7168K)
 Metaspace       used 12562K, committed 12800K, reserved 491520K
  class space    used 1681K, committed 1792K, reserved 425984K
}

Dll operation events (15 events):
Event: 0.139 Loaded shared library C:\Program Files\Eclipse Adoptium\jdk-17.0.15.6-hotspot\bin\java.dll
Event: 0.319 Loaded shared library C:\Program Files\Eclipse Adoptium\jdk-17.0.15.6-hotspot\bin\jsvml.dll
Event: 0.721 Loaded shared library C:\Program Files\Eclipse Adoptium\jdk-17.0.15.6-hotspot\bin\zip.dll
Event: 0.732 Loaded shared library C:\Program Files\Eclipse Adoptium\jdk-17.0.15.6-hotspot\bin\instrument.dll
Event: 0.764 Loaded shared library C:\Program Files\Eclipse Adoptium\jdk-17.0.15.6-hotspot\bin\net.dll
Event: 0.773 Loaded shared library C:\Program Files\Eclipse Adoptium\jdk-17.0.15.6-hotspot\bin\nio.dll
Event: 0.833 Loaded shared library C:\Program Files\Eclipse Adoptium\jdk-17.0.15.6-hotspot\bin\zip.dll
Event: 5.509 Loaded shared library C:\Program Files\Eclipse Adoptium\jdk-17.0.15.6-hotspot\bin\jimage.dll
Event: 6.962 Loaded shared library C:\Program Files\Eclipse Adoptium\jdk-17.0.15.6-hotspot\bin\verify.dll
Event: 7.395 Loaded shared library C:\Users\cainh\.gradle\native\1def1411415f61bf3af743bc5b6707747c0891f09f0c88961ee8f79bc544acac\windows-amd64\native-platform.dll
Event: 7.469 Loaded shared library C:\Users\cainh\.gradle\native\0.2.7\x86_64-windows-gnu\gradle-fileevents.dll
Event: 13.972 Loaded shared library C:\Program Files\Eclipse Adoptium\jdk-17.0.15.6-hotspot\bin\management.dll
Event: 13.996 Loaded shared library C:\Program Files\Eclipse Adoptium\jdk-17.0.15.6-hotspot\bin\management_ext.dll
Event: 15.165 Loaded shared library C:\Program Files\Eclipse Adoptium\jdk-17.0.15.6-hotspot\bin\extnet.dll
Event: 16.449 Loaded shared library C:\Program Files\Eclipse Adoptium\jdk-17.0.15.6-hotspot\bin\sunmscapi.dll

Deoptimization events (20 events):
Event: 17.828 Thread 0x00000261f5d157c0 DEOPT PACKING pc=0x00000261e62660f8 sp=0x000000ac72cfb640
Event: 17.828 Thread 0x00000261f5d157c0 DEOPT UNPACKING pc=0x00000261e5c869a3 sp=0x000000ac72cfb5a8 mode 2
Event: 18.554 Thread 0x00000261f5d157c0 Uncommon trap: trap_request=0xffffff45 fr.pc=0x00000261e62ae9b8 relative=0x0000000000000198
Event: 18.554 Thread 0x00000261f5d157c0 Uncommon trap: reason=unstable_if action=reinterpret pc=0x00000261e62ae9b8 method=java.util.WeakHashMap.expungeStaleEntries()V @ 9 c2
Event: 18.554 Thread 0x00000261f5d157c0 DEOPT PACKING pc=0x00000261e62ae9b8 sp=0x000000ac72cfbd50
Event: 18.554 Thread 0x00000261f5d157c0 DEOPT UNPACKING pc=0x00000261e5c869a3 sp=0x000000ac72cfbce8 mode 2
Event: 18.709 Thread 0x00000261f5d157c0 DEOPT PACKING pc=0x00000261de7e6c37 sp=0x000000ac72cfa940
Event: 18.709 Thread 0x00000261f5d157c0 DEOPT UNPACKING pc=0x00000261e5c87143 sp=0x000000ac72cf9dd8 mode 0
Event: 18.773 Thread 0x00000261f5d157c0 Uncommon trap: trap_request=0xffffff45 fr.pc=0x00000261e62bc4f4 relative=0x0000000000000074
Event: 18.773 Thread 0x00000261f5d157c0 Uncommon trap: reason=unstable_if action=reinterpret pc=0x00000261e62bc4f4 method=jdk.internal.misc.Unsafe.convEndian(ZI)I @ 4 c2
Event: 18.773 Thread 0x00000261f5d157c0 DEOPT PACKING pc=0x00000261e62bc4f4 sp=0x000000ac72cfadd0
Event: 18.773 Thread 0x00000261f5d157c0 DEOPT UNPACKING pc=0x00000261e5c869a3 sp=0x000000ac72cfacd8 mode 2
Event: 18.838 Thread 0x00000261f5d157c0 Uncommon trap: trap_request=0xffffff45 fr.pc=0x00000261e61f0d0c relative=0x0000000000000a8c
Event: 18.838 Thread 0x00000261f5d157c0 Uncommon trap: reason=unstable_if action=reinterpret pc=0x00000261e61f0d0c method=java.io.WinNTFileSystem.resolve(Ljava/lang/String;Ljava/lang/String;)Ljava/lang/String; @ 19 c2
Event: 18.838 Thread 0x00000261f5d157c0 DEOPT PACKING pc=0x00000261e61f0d0c sp=0x000000ac72cfb250
Event: 18.838 Thread 0x00000261f5d157c0 DEOPT UNPACKING pc=0x00000261e5c869a3 sp=0x000000ac72cfb1f8 mode 2
Event: 18.842 Thread 0x00000261f5d157c0 Uncommon trap: trap_request=0xffffff45 fr.pc=0x00000261e625f520 relative=0x00000000000005e0
Event: 18.842 Thread 0x00000261f5d157c0 Uncommon trap: reason=unstable_if action=reinterpret pc=0x00000261e625f520 method=java.io.File.getName()Ljava/lang/String; @ 16 c2
Event: 18.842 Thread 0x00000261f5d157c0 DEOPT PACKING pc=0x00000261e625f520 sp=0x000000ac72cfb200
Event: 18.843 Thread 0x00000261f5d157c0 DEOPT UNPACKING pc=0x00000261e5c869a3 sp=0x000000ac72cfb1d0 mode 2

Classes loaded (20 events):
Event: 18.591 Loading class sun/invoke/util/VerifyAccess$1
Event: 18.591 Loading class sun/invoke/util/VerifyAccess$1 done
Event: 18.647 Loading class java/util/concurrent/ArrayBlockingQueue
Event: 18.648 Loading class java/util/concurrent/ArrayBlockingQueue done
Event: 18.648 Loading class java/util/concurrent/locks/ReentrantLock$FairSync
Event: 18.648 Loading class java/util/concurrent/locks/ReentrantLock$FairSync done
Event: 18.670 Loading class java/net/DatagramPacket
Event: 18.671 Loading class java/net/DatagramPacket done
Event: 18.672 Loading class sun/nio/ch/DatagramSocketAdaptor$DatagramPackets
Event: 18.672 Loading class sun/nio/ch/DatagramSocketAdaptor$DatagramPackets done
Event: 18.767 Loading class sun/security/provider/MD5
Event: 18.767 Loading class sun/security/provider/MD5 done
Event: 18.768 Loading class sun/security/provider/SHA5$SHA512
Event: 18.768 Loading class sun/security/provider/SHA5
Event: 18.769 Loading class sun/security/provider/SHA5 done
Event: 18.769 Loading class sun/security/provider/SHA5$SHA512 done
Event: 18.772 Loading class sun/security/provider/ByteArrayAccess$LE
Event: 18.772 Loading class sun/security/provider/ByteArrayAccess$LE done
Event: 18.841 Loading class java/io/File$TempDirectory
Event: 18.841 Loading class java/io/File$TempDirectory done

Classes unloaded (0 events):
No events

Classes redefined (0 events):
No events

Internal exceptions (20 events):
Event: 7.994 Thread 0x00000261d6bb9170 Exception <a 'java/lang/NoSuchMethodError'{0x0000000085258228}: 'int java.lang.invoke.DirectMethodHandle$Holder.invokeStatic(java.lang.Object)'> (0x0000000085258228) 
thrown [s\src\hotspot\share\interpreter\linkResolver.cpp, line 759]
Event: 7.995 Thread 0x00000261d6bb9170 Exception <a 'java/lang/NoSuchMethodError'{0x000000008525b6d8}: 'int java.lang.invoke.DirectMethodHandle$Holder.invokeStaticInit(java.lang.Object)'> (0x000000008525b6d8) 
thrown [s\src\hotspot\share\interpreter\linkResolver.cpp, line 759]
Event: 13.960 Thread 0x00000261d6bb9170 Exception <a 'java/lang/NoSuchMethodError'{0x0000000084c4ec38}: 'java.lang.Object java.lang.invoke.DirectMethodHandle$Holder.invokeStaticInit(java.lang.Object)'> (0x0000000084c4ec38) 
thrown [s\src\hotspot\share\interpreter\linkResolver.cpp, line 759]
Event: 14.097 Thread 0x00000261d6bb9170 Exception <a 'java/lang/NoSuchMethodError'{0x0000000084cd7bb8}: 'java.lang.Object java.lang.invoke.DirectMethodHandle$Holder.invokeInterface(java.lang.Object, java.lang.Object)'> (0x0000000084cd7bb8) 
thrown [s\src\hotspot\share\interpreter\linkResolver.cpp, line 759]
Event: 15.173 Thread 0x00000261d6bb9170 Exception <a 'java/lang/NoSuchMethodError'{0x00000000848bb2d8}: 'void java.lang.invoke.DirectMethodHandle$Holder.invokeStatic(java.lang.Object, java.lang.Object, java.lang.Object)'> (0x00000000848bb2d8) 
thrown [s\src\hotspot\share\interpreter\linkResolver.cpp, line 759]
Event: 15.424 Thread 0x00000261d6bb9170 Exception <a 'java/lang/NoSuchMethodError'{0x0000000084547f88}: 'java.lang.Object java.lang.invoke.DirectMethodHandle$Holder.invokeStaticInit(java.lang.Object, int, int, int, int)'> (0x0000000084547f88) 
thrown [s\src\hotspot\share\interpreter\linkResolver.cpp, line 759]
Event: 15.793 Thread 0x00000261d6bb9170 Exception <a 'java/lang/NoSuchMethodError'{0x000000008445a460}: 'java.lang.Object java.lang.invoke.DirectMethodHandle$Holder.invokeStaticInit(java.lang.Object, java.lang.Object, int, int, int, int)'> (0x000000008445a460) 
thrown [s\src\hotspot\share\interpreter\linkResolver.cpp, line 759]
Event: 16.039 Thread 0x00000261d6bb9170 Exception <a 'java/io/IOException'{0x0000000084189e98}> (0x0000000084189e98) 
thrown [s\src\hotspot\share\prims\jni.cpp, line 516]
Event: 16.058 Thread 0x00000261d6bb9170 Implicit null exception at 0x00000261e6243572 to 0x00000261e6243b40
Event: 16.079 Thread 0x00000261d6bb9170 Exception <a 'java/lang/NoSuchMethodError'{0x00000000841f14f0}: 'java.lang.Object java.lang.invoke.DirectMethodHandle$Holder.newInvokeSpecial(java.lang.Object, java.lang.Object, java.lang.Object, java.lang.Object, java.lang.Object)'> (0x00000000841f14f0) 
thrown [s\src\hotspot\share\interpreter\linkResolver.cpp, line 759]
Event: 16.927 Thread 0x00000261fafc86d0 Exception <a 'java/lang/NoSuchMethodError'{0x0000000083ef91c0}: 'void java.lang.invoke.DirectMethodHandle$Holder.invokeSpecial(java.lang.Object, java.lang.Object, java.lang.Object)'> (0x0000000083ef91c0) 
thrown [s\src\hotspot\share\interpreter\linkResolver.cpp, line 759]
Event: 17.169 Thread 0x00000261f5d157c0 Exception <a 'java/lang/NoSuchMethodError'{0x00000000837aaea8}: 'long java.lang.invoke.DirectMethodHandle$Holder.invokeInterface(java.lang.Object, java.lang.Object)'> (0x00000000837aaea8) 
thrown [s\src\hotspot\share\interpreter\linkResolver.cpp, line 759]
Event: 17.653 Thread 0x00000261f5d157c0 Exception <a 'java/lang/NoSuchMethodError'{0x0000000082f12070}: 'void java.lang.invoke.DirectMethodHandle$Holder.invokeStatic(java.lang.Object, java.lang.Object)'> (0x0000000082f12070) 
thrown [s\src\hotspot\share\interpreter\linkResolver.cpp, line 759]
Event: 17.847 Thread 0x00000261f5d157c0 Exception <a 'java/lang/NoSuchMethodError'{0x0000000082da7178}: 'int java.lang.invoke.DirectMethodHandle$Holder.invokeVirtual(java.lang.Object, java.lang.Object, java.lang.Object)'> (0x0000000082da7178) 
thrown [s\src\hotspot\share\interpreter\linkResolver.cpp, line 759]
Event: 18.041 Thread 0x00000261f5d157c0 Exception <a 'java/lang/NoSuchMethodError'{0x0000000085f52868}: 'java.lang.Object java.lang.invoke.DirectMethodHandle$Holder.newInvokeSpecial(java.lang.Object, java.lang.Object, java.lang.Object, java.lang.Object, java.lang.Object, java.lang.Object)'> (0x0000000085f52868) 
thrown [s\src\hotspot\share\interpreter\linkResolver.cpp, line 759]
Event: 18.247 Thread 0x00000261f5d157c0 Exception <a 'java/lang/NoSuchMethodError'{0x0000000085cf35a8}: 'void java.lang.invoke.DelegatingMethodHandle$Holder.reinvoke_L(java.lang.Object, java.lang.Object, java.lang.Object, java.lang.Object, java.lang.Object, java.lang.Object, java.lang.Object, java.lang.Object, java.lang.Object, java.lang.Object)'> (0x0000000085cf35a8) 
thrown [s\src\hotspot\share\interpreter\linkResolver.cpp, line 759]
Event: 18.248 Thread 0x00000261f5d157c0 Exception <a 'java/lang/NoSuchMethodError'{0x0000000085cfbb58}: 'java.lang.Object java.lang.invoke.DirectMethodHandle$Holder.invokeSpecial(java.lang.Object, java.lang.Object, java.lang.Object, java.lang.Object, java.lang.Object, java.lang.Object, java.lang.Object, java.lang.Object, java.lang.Object, java.lang.Object)'> (0x0000000085cfbb58) 
thrown [s\src\hotspot\share\interpreter\linkResolver.cpp, line 759]
Event: 18.249 Thread 0x00000261f5d157c0 Exception <a 'java/lang/NoSuchMethodError'{0x0000000085b009e0}: 'java.lang.Object java.lang.invoke.Invokers$Holder.invoker(java.lang.Object, java.lang.Object, java.lang.Object, java.lang.Object, java.lang.Object, java.lang.Object, java.lang.Object, java.lang.Object, java.lang.Object, java.lang.Object)'> (0x0000000085b009e0) 
thrown [s\src\hotspot\share\interpreter\linkResolver.cpp, line 759]
Event: 18.250 Thread 0x00000261f5d157c0 Exception <a 'java/lang/NoSuchMethodError'{0x0000000085b065e8}: 'java.lang.Object java.lang.invoke.DirectMethodHandle$Holder.invokeSpecial(java.lang.Object, java.lang.Object, java.lang.Object, java.lang.Object, java.lang.Object, java.lang.Object, java.lang.Object, java.lang.Object, java.lang.Object, java.lang.Object, java.lang.Object)'> (0x0000000085b065e8) 
thrown [s\src\hotspot\share\interpreter\linkResolver.cpp, line 759]
Event: 18.652 Thread 0x00000261f5d157c0 Exception <a 'java/lang/NoSuchMethodError'{0x000000008534b258}: 'java.lang.Object java.lang.invoke.DirectMethodHandle$Holder.newInvokeSpecial(java.lang.Object, java.lang.Object, int)'> (0x000000008534b258) 
thrown [s\src\hotspot\share\interpreter\linkResolver.cpp, line 759]

VM Operations (20 events):
Event: 14.086 Executing VM operation: HandshakeAllThreads
Event: 14.086 Executing VM operation: HandshakeAllThreads done
Event: 14.298 Executing VM operation: HandshakeAllThreads
Event: 14.298 Executing VM operation: HandshakeAllThreads done
Event: 14.298 Executing VM operation: Cleanup
Event: 14.298 Executing VM operation: Cleanup done
Event: 15.150 Executing VM operation: HandshakeAllThreads
Event: 15.150 Executing VM operation: HandshakeAllThreads done
Event: 15.365 Executing VM operation: HandshakeAllThreads
Event: 15.366 Executing VM operation: HandshakeAllThreads done
Event: 15.366 Executing VM operation: Cleanup
Event: 15.366 Executing VM operation: Cleanup done
Event: 15.711 Executing VM operation: HandshakeAllThreads
Event: 15.711 Executing VM operation: HandshakeAllThreads done
Event: 16.327 Executing VM operation: HandshakeAllThreads
Event: 16.328 Executing VM operation: HandshakeAllThreads done
Event: 17.341 Executing VM operation: Cleanup
Event: 17.357 Executing VM operation: Cleanup done
Event: 17.999 Executing VM operation: G1CollectForAllocation
Event: 18.013 Executing VM operation: G1CollectForAllocation done

Memory protections (0 events):
No events

Nmethod flushes (0 events):
No events

Events (20 events):
Event: 0.452 Thread 0x00000261d6bb9170 Thread added: 0x00000261f507fbd0
Event: 0.458 Thread 0x00000261d6bb9170 Thread added: 0x00000261f5080590
Event: 0.458 Thread 0x00000261d6bb9170 Thread added: 0x00000261f5083750
Event: 0.459 Thread 0x00000261d6bb9170 Thread added: 0x00000261f5087700
Event: 0.461 Thread 0x00000261d6bb9170 Thread added: 0x00000261f508c520
Event: 0.615 Thread 0x00000261d6bb9170 Thread added: 0x00000261f52aa160
Event: 0.915 Thread 0x00000261d6bb9170 Thread added: 0x00000261f53b3b90
Event: 14.208 Thread 0x00000261d6bb9170 Thread added: 0x00000261fa06bfa0
Event: 15.853 Thread 0x00000261d6bb9170 Thread added: 0x00000261fad4b4d0
Event: 16.093 Thread 0x00000261d6bb9170 Thread added: 0x00000261fad88640
Event: 16.549 Thread 0x00000261fad4b4d0 Thread added: 0x00000261fafc86d0
Event: 16.570 Thread 0x00000261fafc86d0 Thread added: 0x00000261f5361980
Event: 16.892 Thread 0x00000261fafc86d0 Thread added: 0x00000261f5d14da0
Event: 16.929 Thread 0x00000261fafc86d0 Thread added: 0x00000261f5d157c0
Event: 16.966 Thread 0x00000261f5d157c0 Thread added: 0x00000261f5d152b0
Event: 16.979 Thread 0x00000261f5d157c0 Thread added: 0x00000261f5d15cd0
Event: 16.988 Thread 0x00000261f5d157c0 Thread added: 0x00000261f5d161e0
Event: 18.649 Thread 0x00000261f5d157c0 Thread added: 0x00000261f5d13e70
Event: 18.668 Thread 0x00000261f5d157c0 Thread added: 0x00000261f5d166f0
Event: 18.748 Thread 0x00000261f5d157c0 Thread added: 0x00000261f5d17110


Dynamic libraries:
0x00007ff6e9490000 - 0x00007ff6e949e000 	C:\Program Files\Eclipse Adoptium\jdk-17.0.15.6-hotspot\bin\java.exe
0x00007ffac3650000 - 0x00007ffac3867000 	C:\WINDOWS\SYSTEM32\ntdll.dll
0x00007ffac1d60000 - 0x00007ffac1e24000 	C:\WINDOWS\System32\KERNEL32.DLL
0x00007ffac0b20000 - 0x00007ffac0ef2000 	C:\WINDOWS\System32\KERNELBASE.dll
0x00007ffac0810000 - 0x00007ffac0921000 	C:\WINDOWS\System32\ucrtbase.dll
0x00007ffaa5ef0000 - 0x00007ffaa5f07000 	C:\Program Files\Eclipse Adoptium\jdk-17.0.15.6-hotspot\bin\jli.dll
0x00007ffaa5ed0000 - 0x00007ffaa5eee000 	C:\Program Files\Eclipse Adoptium\jdk-17.0.15.6-hotspot\bin\VCRUNTIME140.dll
0x00007ffac2fa0000 - 0x00007ffac3151000 	C:\WINDOWS\System32\USER32.dll
0x00007ffaaf0c0000 - 0x00007ffaaf35b000 	C:\WINDOWS\WinSxS\amd64_microsoft.windows.common-controls_6595b64144ccf1df_6.0.22621.5547_none_27104afb73855772\COMCTL32.dll
0x00007ffac07e0000 - 0x00007ffac0806000 	C:\WINDOWS\System32\win32u.dll
0x00007ffac1500000 - 0x00007ffac1529000 	C:\WINDOWS\System32\GDI32.dll
0x00007ffac0f00000 - 0x00007ffac1023000 	C:\WINDOWS\System32\gdi32full.dll
0x00007ffac0740000 - 0x00007ffac07da000 	C:\WINDOWS\System32\msvcp_win.dll
0x00007ffac2ef0000 - 0x00007ffac2f97000 	C:\WINDOWS\System32\msvcrt.dll
0x00007ffac1440000 - 0x00007ffac1471000 	C:\WINDOWS\System32\IMM32.DLL
0x00007ffab33e0000 - 0x00007ffab33ec000 	C:\Program Files\Eclipse Adoptium\jdk-17.0.15.6-hotspot\bin\vcruntime140_1.dll
0x00007ffa007b0000 - 0x00007ffa0083d000 	C:\Program Files\Eclipse Adoptium\jdk-17.0.15.6-hotspot\bin\msvcp140.dll
0x00007ff9e33d0000 - 0x00007ff9e403b000 	C:\Program Files\Eclipse Adoptium\jdk-17.0.15.6-hotspot\bin\server\jvm.dll
0x00007ffac3430000 - 0x00007ffac34e1000 	C:\WINDOWS\System32\ADVAPI32.dll
0x00007ffac1390000 - 0x00007ffac1438000 	C:\WINDOWS\System32\sechost.dll
0x00007ffac0af0000 - 0x00007ffac0b18000 	C:\WINDOWS\System32\bcrypt.dll
0x00007ffac34f0000 - 0x00007ffac3604000 	C:\WINDOWS\System32\RPCRT4.dll
0x00007ffac33b0000 - 0x00007ffac3421000 	C:\WINDOWS\System32\WS2_32.dll
0x00007ffab7af0000 - 0x00007ffab7afa000 	C:\WINDOWS\SYSTEM32\VERSION.dll
0x00007ffac0610000 - 0x00007ffac065d000 	C:\WINDOWS\SYSTEM32\POWRPROF.dll
0x00007ffabb7e0000 - 0x00007ffabb814000 	C:\WINDOWS\SYSTEM32\WINMM.dll
0x00007ffac05f0000 - 0x00007ffac0603000 	C:\WINDOWS\SYSTEM32\UMPDC.dll
0x00007ffabf730000 - 0x00007ffabf748000 	C:\WINDOWS\SYSTEM32\kernel.appcore.dll
0x00007ffaa5ec0000 - 0x00007ffaa5eca000 	C:\Program Files\Eclipse Adoptium\jdk-17.0.15.6-hotspot\bin\jimage.dll
0x00007ffabdec0000 - 0x00007ffabe0f3000 	C:\WINDOWS\SYSTEM32\DBGHELP.DLL
0x00007ffac18e0000 - 0x00007ffac1c73000 	C:\WINDOWS\System32\combase.dll
0x00007ffac1c80000 - 0x00007ffac1d57000 	C:\WINDOWS\System32\OLEAUT32.dll
0x00007ffab9270000 - 0x00007ffab92a2000 	C:\WINDOWS\SYSTEM32\dbgcore.DLL
0x00007ffac0a70000 - 0x00007ffac0aeb000 	C:\WINDOWS\System32\bcryptPrimitives.dll
0x00007ffa9a090000 - 0x00007ffa9a09e000 	C:\Program Files\Eclipse Adoptium\jdk-17.0.15.6-hotspot\bin\instrument.dll
0x00007ffa55320000 - 0x00007ffa55345000 	C:\Program Files\Eclipse Adoptium\jdk-17.0.15.6-hotspot\bin\java.dll
0x00007ff9f0ca0000 - 0x00007ff9f0d77000 	C:\Program Files\Eclipse Adoptium\jdk-17.0.15.6-hotspot\bin\jsvml.dll
0x00007ffac1e50000 - 0x00007ffac26f2000 	C:\WINDOWS\System32\SHELL32.dll
0x00007ffac0930000 - 0x00007ffac0a6f000 	C:\WINDOWS\System32\wintypes.dll
0x00007ffabe620000 - 0x00007ffabef3d000 	C:\WINDOWS\SYSTEM32\windows.storage.dll
0x00007ffac31f0000 - 0x00007ffac32fc000 	C:\WINDOWS\System32\SHCORE.dll
0x00007ffac1710000 - 0x00007ffac1779000 	C:\WINDOWS\System32\shlwapi.dll
0x00007ffac0670000 - 0x00007ffac069b000 	C:\WINDOWS\SYSTEM32\profapi.dll
0x00007ffa8a0c0000 - 0x00007ffa8a0d8000 	C:\Program Files\Eclipse Adoptium\jdk-17.0.15.6-hotspot\bin\zip.dll
0x00007ffa92be0000 - 0x00007ffa92bf9000 	C:\Program Files\Eclipse Adoptium\jdk-17.0.15.6-hotspot\bin\net.dll
0x00007ffabb820000 - 0x00007ffabb94c000 	C:\WINDOWS\SYSTEM32\WINHTTP.dll
0x00007ffabfbb0000 - 0x00007ffabfc19000 	C:\WINDOWS\system32\mswsock.dll
0x00007ffa8e360000 - 0x00007ffa8e376000 	C:\Program Files\Eclipse Adoptium\jdk-17.0.15.6-hotspot\bin\nio.dll
0x00007ffaa5eb0000 - 0x00007ffaa5ec0000 	C:\Program Files\Eclipse Adoptium\jdk-17.0.15.6-hotspot\bin\verify.dll
0x00007ffa8b4e0000 - 0x00007ffa8b507000 	C:\Users\cainh\.gradle\native\1def1411415f61bf3af743bc5b6707747c0891f09f0c88961ee8f79bc544acac\windows-amd64\native-platform.dll
0x00007ffa59880000 - 0x00007ffa598f8000 	C:\Users\cainh\.gradle\native\0.2.7\x86_64-windows-gnu\gradle-fileevents.dll
0x00007ffa9d600000 - 0x00007ffa9d60a000 	C:\Program Files\Eclipse Adoptium\jdk-17.0.15.6-hotspot\bin\management.dll
0x00007ffa9d230000 - 0x00007ffa9d23b000 	C:\Program Files\Eclipse Adoptium\jdk-17.0.15.6-hotspot\bin\management_ext.dll
0x00007ffac33a0000 - 0x00007ffac33a8000 	C:\WINDOWS\System32\PSAPI.DLL
0x00007ffabf1a0000 - 0x00007ffabf1cd000 	C:\WINDOWS\SYSTEM32\IPHLPAPI.DLL
0x00007ffac2700000 - 0x00007ffac2709000 	C:\WINDOWS\System32\NSI.dll
0x00007ffabbe70000 - 0x00007ffabbe89000 	C:\WINDOWS\SYSTEM32\dhcpcsvc6.DLL
0x00007ffabb7c0000 - 0x00007ffabb7df000 	C:\WINDOWS\SYSTEM32\dhcpcsvc.DLL
0x00007ffabf210000 - 0x00007ffabf308000 	C:\WINDOWS\SYSTEM32\DNSAPI.dll
0x00007ffa9c980000 - 0x00007ffa9c989000 	C:\Program Files\Eclipse Adoptium\jdk-17.0.15.6-hotspot\bin\extnet.dll
0x00007ffabfdf0000 - 0x00007ffabfe0b000 	C:\WINDOWS\SYSTEM32\CRYPTSP.dll
0x00007ffabf690000 - 0x00007ffabf6c7000 	C:\WINDOWS\system32\rsaenh.dll
0x00007ffabfc70000 - 0x00007ffabfc98000 	C:\WINDOWS\SYSTEM32\USERENV.dll
0x00007ffabfde0000 - 0x00007ffabfdec000 	C:\WINDOWS\SYSTEM32\CRYPTBASE.dll
0x00007ffa9a050000 - 0x00007ffa9a05e000 	C:\Program Files\Eclipse Adoptium\jdk-17.0.15.6-hotspot\bin\sunmscapi.dll
0x00007ffac1170000 - 0x00007ffac12d7000 	C:\WINDOWS\System32\CRYPT32.dll
0x00007ffac0000000 - 0x00007ffac002d000 	C:\WINDOWS\SYSTEM32\ncrypt.dll
0x00007ffabffc0000 - 0x00007ffabfff7000 	C:\WINDOWS\SYSTEM32\NTASN1.dll
0x00007ffab7a10000 - 0x00007ffab7a18000 	C:\WINDOWS\system32\wshunix.dll

dbghelp: loaded successfully - version: 4.0.5 - missing functions: none
symbol engine: initialized successfully - sym options: 0x614 - pdb path: .;C:\Program Files\Eclipse Adoptium\jdk-17.0.15.6-hotspot\bin;C:\WINDOWS\SYSTEM32;C:\WINDOWS\WinSxS\amd64_microsoft.windows.common-controls_6595b64144ccf1df_6.0.22621.5547_none_27104afb73855772;C:\Program Files\Eclipse Adoptium\jdk-17.0.15.6-hotspot\bin\server;C:\Users\cainh\.gradle\native\1def1411415f61bf3af743bc5b6707747c0891f09f0c88961ee8f79bc544acac\windows-amd64;C:\Users\cainh\.gradle\native\0.2.7\x86_64-windows-gnu

VM Arguments:
jvm_args: --add-opens=java.base/java.lang=ALL-UNNAMED --add-opens=java.base/java.lang.invoke=ALL-UNNAMED --add-opens=java.base/java.util=ALL-UNNAMED --add-opens=java.prefs/java.util.prefs=ALL-UNNAMED --add-exports=jdk.compiler/com.sun.tools.javac.api=ALL-UNNAMED --add-exports=jdk.compiler/com.sun.tools.javac.util=ALL-UNNAMED --add-opens=java.base/java.util=ALL-UNNAMED --add-opens=java.prefs/java.util.prefs=ALL-UNNAMED --add-opens=java.base/java.nio.charset=ALL-UNNAMED --add-opens=java.base/java.net=ALL-UNNAMED --add-opens=java.base/java.util.concurrent.atomic=ALL-UNNAMED --add-opens=java.xml/javax.xml.namespace=ALL-UNNAMED -XX:MaxMetaspaceSize=512m -Xmx2048m -Dfile.encoding=windows-1252 -Duser.country=BR -Duser.language=pt -Duser.variant -javaagent:C:\Users\cainh\.gradle\wrapper\dists\gradle-8.14.1-bin\baw1sv0jfoi8rxs14qo3h49cs\gradle-8.14.1\lib\agents\gradle-instrumentation-agent-8.14.1.jar 
java_command: org.gradle.launcher.daemon.bootstrap.GradleDaemon 8.14.1
java_class_path (initial): C:\Users\cainh\.gradle\wrapper\dists\gradle-8.14.1-bin\baw1sv0jfoi8rxs14qo3h49cs\gradle-8.14.1\lib\gradle-daemon-main-8.14.1.jar
Launcher Type: SUN_STANDARD

[Global flags]
     intx CICompilerCount                          = 4                                         {product} {ergonomic}
   size_t CompressedClassSpaceSize                 = 436207616                                 {product} {ergonomic}
     uint ConcGCThreads                            = 2                                         {product} {ergonomic}
     uint G1ConcRefinementThreads                  = 8                                         {product} {ergonomic}
   size_t G1HeapRegionSize                         = 1048576                                   {product} {ergonomic}
    uintx GCDrainStackTargetSize                   = 64                                        {product} {ergonomic}
   size_t InitialHeapSize                          = 100663296                                 {product} {ergonomic}
   size_t MarkStackSize                            = 4194304                                   {product} {ergonomic}
   size_t MaxHeapSize                              = 2147483648                                {product} {command line}
   size_t MaxMetaspaceSize                         = 536870912                                 {product} {command line}
   size_t MaxNewSize                               = 1287651328                                {product} {ergonomic}
   size_t MinHeapDeltaBytes                        = 1048576                                   {product} {ergonomic}
   size_t MinHeapSize                              = 8388608                                   {product} {ergonomic}
    uintx NonNMethodCodeHeapSize                   = 5839372                                {pd product} {ergonomic}
    uintx NonProfiledCodeHeapSize                  = 122909434                              {pd product} {ergonomic}
    uintx ProfiledCodeHeapSize                     = 122909434                              {pd product} {ergonomic}
    uintx ReservedCodeCacheSize                    = 251658240                              {pd product} {ergonomic}
     bool SegmentedCodeCache                       = true                                      {product} {ergonomic}
   size_t SoftMaxHeapSize                          = 2147483648                             {manageable} {ergonomic}
     bool UseCompressedClassPointers               = true                           {product lp64_product} {ergonomic}
     bool UseCompressedOops                        = true                           {product lp64_product} {ergonomic}
     bool UseG1GC                                  = true                                      {product} {ergonomic}
     bool UseLargePagesIndividualAllocation        = false                                  {pd product} {ergonomic}

Logging:
Log output configuration:
 #0: stdout all=warning uptime,level,tags
 #1: stderr all=off uptime,level,tags

Environment Variables:
JAVA_HOME=C:\Program Files\Eclipse Adoptium\jdk-17.0.15.6-hotspot
PATH=C:\Users\cainh\Desktop\PI3-mais-autonomia\MaisAutonomia\node_modules\.bin;C:\Users\cainh\Desktop\PI3-mais-autonomia\MaisAutonomia\node_modules\.bin;C:\Users\cainh\Desktop\PI3-mais-autonomia\node_modules\.bin;C:\Users\cainh\Desktop\node_modules\.bin;C:\Users\cainh\node_modules\.bin;C:\Users\node_modules\.bin;C:\node_modules\.bin;C:\Users\cainh\AppData\Roaming\npm\node_modules\npm\node_modules\@npmcli\run-script\lib\node-gyp-bin;C:\Program Files\Eclipse Adoptium\jdk-17.0.15.6-hotspot\bin;C:\Users\cainh\AppData\Local\Android\Sdk\platform-tools;C:\Program Files\Common Files\Oracle\Java\javapath;C:\Python312\Scripts\;C:\Python312\;C:\Program Files (x86)\Common Files\Intel\Shared Libraries\redist\intel64\compiler;C:\WINDOWS\system32;C:\WINDOWS;C:\WINDOWS\System32\Wbem;C:\WINDOWS\System32\WindowsPowerShell\v1.0\;C:\WINDOWS\System32\OpenSSH\;C:\Program Files (x86)\Yarn\bin\;C:\Program Files\nodejs\;C:\ProgramData\chocolatey\bin;C:\Program Files\Git\cmd;C:\Program Files\dotnet\;c:\Users\cainh\AppData\Local\Programs\cursor\resources\app\bin;C:\Program Files\Java\jdk-24\bin;C:\Program Files\Eclipse Adoptium\jdk-17.0.15.6-hotspot\bin;C:\Users\cainh\AppData\Local\Android\Sdk\platform-tools;C:\Users\cainh\AppData\Local\Android\Sdk\emulator;C:\Users\cainh\AppData\Local\Android\Sdk\tools;C:\Users\cainh\AppData\Local\Android\Sdk\tools\bin;C:\Users\cainh\AppData\Local\Microsoft\WindowsApps;C:\Users\cainh\AppData\Local\Yarn\bin;C:\Users\cainh\AppData\Local\Programs\Microsoft VS Code\bin;C:\Users\cainh\AppData\Roaming\npm;C:\Users\cainh\AppData\Local\Muse Hub\lib;C:\Users\cainh\AppData\Local\GitHubDesktop\bin;C:\Users\cainh\AppData\Local\Programs\cursor\resources\app\bin
USERNAME=cainh
OS=Windows_NT
PROCESSOR_IDENTIFIER=AMD64 Family 23 Model 24 Stepping 1, AuthenticAMD
TMP=C:\Users\cainh\AppData\Local\Temp
TEMP=C:\Users\cainh\AppData\Local\Temp



Periodic native trim disabled


---------------  S Y S T E M  ---------------

OS:
 Windows 11 , 64 bit Build 22621 (10.0.22621.5415)
OS uptime: 7 days 2:45 hours
Hyper-V role detected

CPU: total 8 (initial active 8) (8 cores per cpu, 2 threads per core) family 23 model 24 stepping 1 microcode 0x0, cx8, cmov, fxsr, ht, mmx, 3dnowpref, sse, sse2, sse3, ssse3, sse4a, sse4.1, sse4.2, popcnt, lzcnt, tsc, tscinvbit, avx, avx2, aes, clmul, bmi1, bmi2, adx, sha, fma, vzeroupper, clflush, clflushopt, hv
Processor Information for all 8 processors :
  Max Mhz: 2100, Current Mhz: 2100, Mhz Limit: 2100

Memory: 4k page, system-wide physical 6020M (98M free)
TotalPageFile size 24452M (AvailPageFile size 3M)
current process WorkingSet (physical memory assigned to process): 162M, peak: 162M
current process commit charge ("private bytes"): 232M, peak: 232M

vm_info: OpenJDK 64-Bit Server VM (17.0.15+6) for windows-amd64 JRE (17.0.15+6), built on Apr 15 2025 21:25:47 by "admin" with MS VC++ 17.7 (VS2022)

END.
